{"/Users/andeladeveloper/Desktop/Events-Manager-Olusola-Oseni/client/routes.js": {"path":"/Users/andeladeveloper/Desktop/Events-Manager-Olusola-Oseni/client/routes.js","statementMap":{"0":{"start":{"line":15,"column":23},"end":{"line":15,"column":45}},"1":{"start":{"line":17,"column":22},"end":{"line":30,"column":1}},"2":{"start":{"line":18,"column":2},"end":{"line":29,"column":3}}},"fnMap":{"0":{"name":"(anonymous_0)","decl":{"start":{"line":17,"column":22},"end":{"line":17,"column":23}},"loc":{"start":{"line":17,"column":28},"end":{"line":30,"column":1}},"line":17}},"branchMap":{},"s":{"0":16,"1":9,"2":1},"f":{"0":2},"b":{},"_coverageSchema":"332fd63041d2c1bcb487cc26dd0d5f7d97098a6c","hash":"94aee718cb439f144eed790590154edda4f48689"}
,"/Users/andeladeveloper/Desktop/Events-Manager-Olusola-Oseni/client/__tests__/__mocks__/jquery.js": {"path":"/Users/andeladeveloper/Desktop/Events-Manager-Olusola-Oseni/client/__tests__/__mocks__/jquery.js","statementMap":{"0":{"start":{"line":1,"column":22},"end":{"line":3,"column":1}}},"fnMap":{"0":{"name":"(anonymous_0)","decl":{"start":{"line":1,"column":15},"end":{"line":1,"column":16}},"loc":{"start":{"line":1,"column":22},"end":{"line":3,"column":1}},"line":1},"1":{"name":"(anonymous_1)","decl":{"start":{"line":2,"column":9},"end":{"line":2,"column":10}},"loc":{"start":{"line":2,"column":15},"end":{"line":2,"column":17}},"line":2}},"branchMap":{},"s":{"0":0},"f":{"0":0,"1":0},"b":{},"_coverageSchema":"332fd63041d2c1bcb487cc26dd0d5f7d97098a6c","hash":"d5caec378c4e4d6e18c9cbcbb270425bd7553276"}
,"/Users/andeladeveloper/Desktop/Events-Manager-Olusola-Oseni/client/__tests__/components/AddCenter.test.js": {"path":"/Users/andeladeveloper/Desktop/Events-Manager-Olusola-Oseni/client/__tests__/components/AddCenter.test.js","statementMap":{"0":{"start":{"line":7,"column":0},"end":{"line":7,"column":38}},"1":{"start":{"line":9,"column":0},"end":{"line":100,"column":3}},"2":{"start":{"line":10,"column":24},"end":{"line":10,"column":33}},"3":{"start":{"line":11,"column":14},"end":{"line":18,"column":3}},"4":{"start":{"line":20,"column":2},"end":{"line":28,"column":5}},"5":{"start":{"line":21,"column":20},"end":{"line":25,"column":5}},"6":{"start":{"line":27,"column":4},"end":{"line":27,"column":82}},"7":{"start":{"line":29,"column":2},"end":{"line":39,"column":5}},"8":{"start":{"line":30,"column":20},"end":{"line":36,"column":5}},"9":{"start":{"line":37,"column":4},"end":{"line":37,"column":46}},"10":{"start":{"line":38,"column":4},"end":{"line":38,"column":63}},"11":{"start":{"line":40,"column":2},"end":{"line":47,"column":5}},"12":{"start":{"line":41,"column":25},"end":{"line":41,"column":34}},"13":{"start":{"line":42,"column":20},"end":{"line":45,"column":5}},"14":{"start":{"line":46,"column":4},"end":{"line":46,"column":50}},"15":{"start":{"line":48,"column":2},"end":{"line":99,"column":5}},"16":{"start":{"line":49,"column":20},"end":{"line":55,"column":9}},"17":{"start":{"line":58,"column":4},"end":{"line":63,"column":6}},"18":{"start":{"line":64,"column":4},"end":{"line":69,"column":6}},"19":{"start":{"line":70,"column":4},"end":{"line":75,"column":6}},"20":{"start":{"line":76,"column":4},"end":{"line":81,"column":6}},"21":{"start":{"line":82,"column":4},"end":{"line":87,"column":6}},"22":{"start":{"line":88,"column":4},"end":{"line":93,"column":6}},"23":{"start":{"line":94,"column":4},"end":{"line":97,"column":6}},"24":{"start":{"line":98,"column":4},"end":{"line":98,"column":51}}},"fnMap":{"0":{"name":"(anonymous_0)","decl":{"start":{"line":9,"column":26},"end":{"line":9,"column":27}},"loc":{"start":{"line":9,"column":32},"end":{"line":100,"column":1}},"line":9},"1":{"name":"(anonymous_1)","decl":{"start":{"line":20,"column":46},"end":{"line":20,"column":47}},"loc":{"start":{"line":20,"column":52},"end":{"line":28,"column":3}},"line":20},"2":{"name":"(anonymous_2)","decl":{"start":{"line":29,"column":44},"end":{"line":29,"column":45}},"loc":{"start":{"line":29,"column":50},"end":{"line":39,"column":3}},"line":29},"3":{"name":"(anonymous_3)","decl":{"start":{"line":40,"column":48},"end":{"line":40,"column":49}},"loc":{"start":{"line":40,"column":54},"end":{"line":47,"column":3}},"line":40},"4":{"name":"(anonymous_4)","decl":{"start":{"line":48,"column":38},"end":{"line":48,"column":39}},"loc":{"start":{"line":48,"column":44},"end":{"line":99,"column":3}},"line":48}},"branchMap":{},"s":{"0":1,"1":1,"2":1,"3":1,"4":1,"5":1,"6":1,"7":1,"8":1,"9":1,"10":1,"11":1,"12":1,"13":1,"14":1,"15":1,"16":1,"17":1,"18":1,"19":1,"20":1,"21":1,"22":1,"23":1,"24":1},"f":{"0":1,"1":1,"2":1,"3":1,"4":1},"b":{},"_coverageSchema":"332fd63041d2c1bcb487cc26dd0d5f7d97098a6c","hash":"2d02da24ca5552364aba7afac3286722342b4629"}
,"/Users/andeladeveloper/Desktop/Events-Manager-Olusola-Oseni/client/__tests__/components/AdminCenters.test.js": {"path":"/Users/andeladeveloper/Desktop/Events-Manager-Olusola-Oseni/client/__tests__/components/AdminCenters.test.js","statementMap":{"0":{"start":{"line":13,"column":0},"end":{"line":15,"column":2}},"1":{"start":{"line":14,"column":18},"end":{"line":14,"column":21}},"2":{"start":{"line":17,"column":0},"end":{"line":17,"column":38}},"3":{"start":{"line":19,"column":0},"end":{"line":102,"column":3}},"4":{"start":{"line":20,"column":24},"end":{"line":20,"column":33}},"5":{"start":{"line":21,"column":27},"end":{"line":21,"column":36}},"6":{"start":{"line":22,"column":27},"end":{"line":22,"column":36}},"7":{"start":{"line":23,"column":25},"end":{"line":23,"column":34}},"8":{"start":{"line":24,"column":14},"end":{"line":41,"column":3}},"9":{"start":{"line":42,"column":2},"end":{"line":60,"column":5}},"10":{"start":{"line":43,"column":20},"end":{"line":49,"column":5}},"11":{"start":{"line":51,"column":4},"end":{"line":51,"column":67}},"12":{"start":{"line":52,"column":4},"end":{"line":52,"column":58}},"13":{"start":{"line":53,"column":4},"end":{"line":53,"column":54}},"14":{"start":{"line":54,"column":4},"end":{"line":54,"column":54}},"15":{"start":{"line":55,"column":4},"end":{"line":55,"column":50}},"16":{"start":{"line":56,"column":4},"end":{"line":56,"column":57}},"17":{"start":{"line":57,"column":4},"end":{"line":57,"column":60}},"18":{"start":{"line":58,"column":4},"end":{"line":58,"column":60}},"19":{"start":{"line":59,"column":4},"end":{"line":59,"column":58}},"20":{"start":{"line":61,"column":2},"end":{"line":69,"column":5}},"21":{"start":{"line":62,"column":20},"end":{"line":66,"column":5}},"22":{"start":{"line":68,"column":4},"end":{"line":68,"column":54}},"23":{"start":{"line":70,"column":2},"end":{"line":83,"column":5}},"24":{"start":{"line":71,"column":20},"end":{"line":76,"column":5}},"25":{"start":{"line":78,"column":4},"end":{"line":78,"column":54}},"26":{"start":{"line":79,"column":4},"end":{"line":79,"column":64}},"27":{"start":{"line":80,"column":4},"end":{"line":80,"column":55}},"28":{"start":{"line":81,"column":4},"end":{"line":81,"column":54}},"29":{"start":{"line":82,"column":4},"end":{"line":82,"column":54}},"30":{"start":{"line":84,"column":2},"end":{"line":91,"column":5}},"31":{"start":{"line":85,"column":20},"end":{"line":88,"column":5}},"32":{"start":{"line":92,"column":2},"end":{"line":101,"column":5}},"33":{"start":{"line":93,"column":20},"end":{"line":98,"column":5}}},"fnMap":{"0":{"name":"(anonymous_0)","decl":{"start":{"line":14,"column":11},"end":{"line":14,"column":12}},"loc":{"start":{"line":14,"column":18},"end":{"line":14,"column":21}},"line":14},"1":{"name":"(anonymous_1)","decl":{"start":{"line":19,"column":29},"end":{"line":19,"column":30}},"loc":{"start":{"line":19,"column":35},"end":{"line":102,"column":1}},"line":19},"2":{"name":"(anonymous_2)","decl":{"start":{"line":42,"column":49},"end":{"line":42,"column":50}},"loc":{"start":{"line":42,"column":55},"end":{"line":60,"column":3}},"line":42},"3":{"name":"(anonymous_3)","decl":{"start":{"line":61,"column":52},"end":{"line":61,"column":53}},"loc":{"start":{"line":61,"column":58},"end":{"line":69,"column":3}},"line":61},"4":{"name":"(anonymous_4)","decl":{"start":{"line":70,"column":46},"end":{"line":70,"column":47}},"loc":{"start":{"line":70,"column":52},"end":{"line":83,"column":3}},"line":70},"5":{"name":"(anonymous_5)","decl":{"start":{"line":84,"column":50},"end":{"line":84,"column":51}},"loc":{"start":{"line":84,"column":56},"end":{"line":91,"column":3}},"line":84},"6":{"name":"(anonymous_6)","decl":{"start":{"line":92,"column":35},"end":{"line":92,"column":36}},"loc":{"start":{"line":92,"column":41},"end":{"line":101,"column":3}},"line":92}},"branchMap":{},"s":{"0":1,"1":0,"2":1,"3":1,"4":1,"5":1,"6":1,"7":1,"8":1,"9":1,"10":1,"11":1,"12":1,"13":1,"14":1,"15":1,"16":1,"17":1,"18":1,"19":1,"20":1,"21":1,"22":1,"23":1,"24":1,"25":1,"26":1,"27":1,"28":1,"29":1,"30":1,"31":1,"32":1,"33":1},"f":{"0":0,"1":1,"2":1,"3":1,"4":1,"5":1,"6":1},"b":{},"_coverageSchema":"332fd63041d2c1bcb487cc26dd0d5f7d97098a6c","hash":"c33396c01b8ba06f32a53df6ebd42e61e9d70548"}
,"/Users/andeladeveloper/Desktop/Events-Manager-Olusola-Oseni/client/__tests__/components/DeleteModal.test.js": {"path":"/Users/andeladeveloper/Desktop/Events-Manager-Olusola-Oseni/client/__tests__/components/DeleteModal.test.js","statementMap":{"0":{"start":{"line":8,"column":0},"end":{"line":8,"column":38}},"1":{"start":{"line":10,"column":0},"end":{"line":44,"column":3}},"2":{"start":{"line":11,"column":27},"end":{"line":11,"column":56}},"3":{"start":{"line":11,"column":41},"end":{"line":11,"column":55}},"4":{"start":{"line":12,"column":26},"end":{"line":12,"column":35}},"5":{"start":{"line":13,"column":14},"end":{"line":20,"column":3}},"6":{"start":{"line":22,"column":2},"end":{"line":31,"column":5}},"7":{"start":{"line":23,"column":20},"end":{"line":27,"column":5}},"8":{"start":{"line":28,"column":4},"end":{"line":28,"column":50}},"9":{"start":{"line":29,"column":4},"end":{"line":29,"column":60}},"10":{"start":{"line":30,"column":4},"end":{"line":30,"column":59}},"11":{"start":{"line":32,"column":2},"end":{"line":43,"column":5}},"12":{"start":{"line":33,"column":20},"end":{"line":38,"column":5}}},"fnMap":{"0":{"name":"(anonymous_0)","decl":{"start":{"line":10,"column":28},"end":{"line":10,"column":29}},"loc":{"start":{"line":10,"column":34},"end":{"line":44,"column":1}},"line":10},"1":{"name":"(anonymous_1)","decl":{"start":{"line":11,"column":35},"end":{"line":11,"column":36}},"loc":{"start":{"line":11,"column":41},"end":{"line":11,"column":55}},"line":11},"2":{"name":"(anonymous_2)","decl":{"start":{"line":22,"column":48},"end":{"line":22,"column":49}},"loc":{"start":{"line":22,"column":54},"end":{"line":31,"column":3}},"line":22},"3":{"name":"(anonymous_3)","decl":{"start":{"line":32,"column":46},"end":{"line":32,"column":47}},"loc":{"start":{"line":32,"column":52},"end":{"line":43,"column":3}},"line":32}},"branchMap":{},"s":{"0":1,"1":1,"2":1,"3":0,"4":1,"5":1,"6":1,"7":1,"8":1,"9":1,"10":1,"11":1,"12":1},"f":{"0":1,"1":0,"2":1,"3":1},"b":{},"_coverageSchema":"332fd63041d2c1bcb487cc26dd0d5f7d97098a6c","hash":"52c422bb6fda9dc95b0d88ffd44c11cce51a3282"}
,"/Users/andeladeveloper/Desktop/Events-Manager-Olusola-Oseni/client/__tests__/components/Event.test.js": {"path":"/Users/andeladeveloper/Desktop/Events-Manager-Olusola-Oseni/client/__tests__/components/Event.test.js","statementMap":{"0":{"start":{"line":9,"column":0},"end":{"line":11,"column":2}},"1":{"start":{"line":10,"column":18},"end":{"line":10,"column":21}},"2":{"start":{"line":13,"column":0},"end":{"line":13,"column":38}},"3":{"start":{"line":15,"column":0},"end":{"line":73,"column":3}},"4":{"start":{"line":16,"column":14},"end":{"line":30,"column":3}},"5":{"start":{"line":31,"column":2},"end":{"line":36,"column":5}},"6":{"start":{"line":32,"column":20},"end":{"line":33,"column":5}},"7":{"start":{"line":35,"column":4},"end":{"line":35,"column":50}},"8":{"start":{"line":37,"column":2},"end":{"line":51,"column":5}},"9":{"start":{"line":38,"column":20},"end":{"line":46,"column":7}},"10":{"start":{"line":48,"column":4},"end":{"line":48,"column":71}},"11":{"start":{"line":49,"column":4},"end":{"line":49,"column":46}},"12":{"start":{"line":50,"column":4},"end":{"line":50,"column":64}},"13":{"start":{"line":52,"column":2},"end":{"line":62,"column":5}},"14":{"start":{"line":53,"column":20},"end":{"line":54,"column":5}},"15":{"start":{"line":56,"column":4},"end":{"line":56,"column":54}},"16":{"start":{"line":57,"column":4},"end":{"line":57,"column":68}},"17":{"start":{"line":58,"column":4},"end":{"line":58,"column":72}},"18":{"start":{"line":59,"column":4},"end":{"line":59,"column":70}},"19":{"start":{"line":60,"column":4},"end":{"line":60,"column":61}},"20":{"start":{"line":61,"column":4},"end":{"line":61,"column":62}},"21":{"start":{"line":63,"column":2},"end":{"line":72,"column":5}},"22":{"start":{"line":64,"column":28},"end":{"line":64,"column":37}},"23":{"start":{"line":65,"column":20},"end":{"line":68,"column":5}},"24":{"start":{"line":70,"column":4},"end":{"line":70,"column":48}},"25":{"start":{"line":71,"column":4},"end":{"line":71,"column":64}}},"fnMap":{"0":{"name":"(anonymous_0)","decl":{"start":{"line":10,"column":11},"end":{"line":10,"column":12}},"loc":{"start":{"line":10,"column":18},"end":{"line":10,"column":21}},"line":10},"1":{"name":"(anonymous_1)","decl":{"start":{"line":15,"column":22},"end":{"line":15,"column":23}},"loc":{"start":{"line":15,"column":28},"end":{"line":73,"column":1}},"line":15},"2":{"name":"(anonymous_2)","decl":{"start":{"line":31,"column":42},"end":{"line":31,"column":43}},"loc":{"start":{"line":31,"column":48},"end":{"line":36,"column":3}},"line":31},"3":{"name":"(anonymous_3)","decl":{"start":{"line":37,"column":48},"end":{"line":37,"column":49}},"loc":{"start":{"line":37,"column":54},"end":{"line":51,"column":3}},"line":37},"4":{"name":"(anonymous_4)","decl":{"start":{"line":52,"column":48},"end":{"line":52,"column":49}},"loc":{"start":{"line":52,"column":54},"end":{"line":62,"column":3}},"line":52},"5":{"name":"(anonymous_5)","decl":{"start":{"line":63,"column":48},"end":{"line":63,"column":49}},"loc":{"start":{"line":63,"column":54},"end":{"line":72,"column":3}},"line":63}},"branchMap":{},"s":{"0":1,"1":0,"2":1,"3":1,"4":1,"5":1,"6":1,"7":1,"8":1,"9":1,"10":1,"11":1,"12":1,"13":1,"14":1,"15":1,"16":1,"17":1,"18":1,"19":1,"20":1,"21":1,"22":1,"23":1,"24":1,"25":1},"f":{"0":0,"1":1,"2":1,"3":1,"4":1,"5":1},"b":{},"_coverageSchema":"332fd63041d2c1bcb487cc26dd0d5f7d97098a6c","hash":"688b21b9c166e67ec224d5dcbbca88c25fa9c896"}
,"/Users/andeladeveloper/Desktop/Events-Manager-Olusola-Oseni/client/__tests__/components/Events.test.js": {"path":"/Users/andeladeveloper/Desktop/Events-Manager-Olusola-Oseni/client/__tests__/components/Events.test.js","statementMap":{"0":{"start":{"line":10,"column":0},"end":{"line":12,"column":2}},"1":{"start":{"line":11,"column":18},"end":{"line":11,"column":21}},"2":{"start":{"line":14,"column":0},"end":{"line":14,"column":38}},"3":{"start":{"line":16,"column":0},"end":{"line":102,"column":3}},"4":{"start":{"line":17,"column":23},"end":{"line":17,"column":32}},"5":{"start":{"line":18,"column":26},"end":{"line":18,"column":35}},"6":{"start":{"line":19,"column":28},"end":{"line":19,"column":37}},"7":{"start":{"line":20,"column":28},"end":{"line":20,"column":37}},"8":{"start":{"line":21,"column":33},"end":{"line":21,"column":42}},"9":{"start":{"line":22,"column":26},"end":{"line":22,"column":35}},"10":{"start":{"line":23,"column":14},"end":{"line":40,"column":3}},"11":{"start":{"line":41,"column":2},"end":{"line":59,"column":5}},"12":{"start":{"line":42,"column":20},"end":{"line":51,"column":5}},"13":{"start":{"line":53,"column":4},"end":{"line":53,"column":50}},"14":{"start":{"line":54,"column":4},"end":{"line":54,"column":56}},"15":{"start":{"line":55,"column":4},"end":{"line":55,"column":59}},"16":{"start":{"line":56,"column":4},"end":{"line":56,"column":59}},"17":{"start":{"line":57,"column":4},"end":{"line":57,"column":61}},"18":{"start":{"line":58,"column":4},"end":{"line":58,"column":61}},"19":{"start":{"line":60,"column":2},"end":{"line":70,"column":5}},"20":{"start":{"line":61,"column":20},"end":{"line":67,"column":5}},"21":{"start":{"line":69,"column":4},"end":{"line":69,"column":66}},"22":{"start":{"line":71,"column":2},"end":{"line":85,"column":5}},"23":{"start":{"line":72,"column":20},"end":{"line":77,"column":5}},"24":{"start":{"line":79,"column":4},"end":{"line":79,"column":63}},"25":{"start":{"line":80,"column":4},"end":{"line":80,"column":54}},"26":{"start":{"line":81,"column":4},"end":{"line":81,"column":69}},"27":{"start":{"line":82,"column":4},"end":{"line":82,"column":59}},"28":{"start":{"line":83,"column":4},"end":{"line":83,"column":54}},"29":{"start":{"line":86,"column":2},"end":{"line":91,"column":5}},"30":{"start":{"line":87,"column":20},"end":{"line":88,"column":5}},"31":{"start":{"line":90,"column":4},"end":{"line":90,"column":50}},"32":{"start":{"line":92,"column":2},"end":{"line":101,"column":5}},"33":{"start":{"line":93,"column":20},"end":{"line":98,"column":5}}},"fnMap":{"0":{"name":"(anonymous_0)","decl":{"start":{"line":11,"column":11},"end":{"line":11,"column":12}},"loc":{"start":{"line":11,"column":18},"end":{"line":11,"column":21}},"line":11},"1":{"name":"(anonymous_1)","decl":{"start":{"line":16,"column":23},"end":{"line":16,"column":24}},"loc":{"start":{"line":16,"column":29},"end":{"line":102,"column":1}},"line":16},"2":{"name":"(anonymous_2)","decl":{"start":{"line":41,"column":43},"end":{"line":41,"column":44}},"loc":{"start":{"line":41,"column":49},"end":{"line":59,"column":3}},"line":41},"3":{"name":"(anonymous_3)","decl":{"start":{"line":60,"column":46},"end":{"line":60,"column":47}},"loc":{"start":{"line":60,"column":52},"end":{"line":70,"column":3}},"line":60},"4":{"name":"(anonymous_4)","decl":{"start":{"line":71,"column":45},"end":{"line":71,"column":46}},"loc":{"start":{"line":71,"column":51},"end":{"line":85,"column":3}},"line":71},"5":{"name":"(anonymous_5)","decl":{"start":{"line":86,"column":49},"end":{"line":86,"column":50}},"loc":{"start":{"line":86,"column":55},"end":{"line":91,"column":3}},"line":86},"6":{"name":"(anonymous_6)","decl":{"start":{"line":92,"column":35},"end":{"line":92,"column":36}},"loc":{"start":{"line":92,"column":41},"end":{"line":101,"column":3}},"line":92}},"branchMap":{},"s":{"0":1,"1":0,"2":1,"3":1,"4":1,"5":1,"6":1,"7":1,"8":1,"9":1,"10":1,"11":1,"12":1,"13":1,"14":1,"15":1,"16":1,"17":1,"18":1,"19":1,"20":1,"21":1,"22":1,"23":1,"24":1,"25":1,"26":1,"27":1,"28":1,"29":1,"30":1,"31":1,"32":1,"33":1},"f":{"0":0,"1":1,"2":1,"3":1,"4":1,"5":1,"6":1},"b":{},"_coverageSchema":"332fd63041d2c1bcb487cc26dd0d5f7d97098a6c","hash":"9e6a6da991ae2a4f021672f11785af2b744204bf"}
,"/Users/andeladeveloper/Desktop/Events-Manager-Olusola-Oseni/client/__tests__/components/LandingPage.test.js": {"path":"/Users/andeladeveloper/Desktop/Events-Manager-Olusola-Oseni/client/__tests__/components/LandingPage.test.js","statementMap":{"0":{"start":{"line":10,"column":0},"end":{"line":10,"column":38}},"1":{"start":{"line":12,"column":0},"end":{"line":14,"column":2}},"2":{"start":{"line":13,"column":18},"end":{"line":13,"column":21}},"3":{"start":{"line":16,"column":0},"end":{"line":48,"column":3}},"4":{"start":{"line":17,"column":25},"end":{"line":17,"column":34}},"5":{"start":{"line":18,"column":30},"end":{"line":18,"column":39}},"6":{"start":{"line":19,"column":30},"end":{"line":19,"column":39}},"7":{"start":{"line":20,"column":2},"end":{"line":30,"column":5}},"8":{"start":{"line":21,"column":20},"end":{"line":26,"column":7}},"9":{"start":{"line":27,"column":4},"end":{"line":27,"column":44}},"10":{"start":{"line":28,"column":4},"end":{"line":28,"column":44}},"11":{"start":{"line":29,"column":4},"end":{"line":29,"column":44}},"12":{"start":{"line":31,"column":2},"end":{"line":43,"column":5}},"13":{"start":{"line":33,"column":25},"end":{"line":33,"column":34}},"14":{"start":{"line":34,"column":4},"end":{"line":42,"column":6}},"15":{"start":{"line":36,"column":6},"end":{"line":36,"column":59}},"16":{"start":{"line":37,"column":6},"end":{"line":40,"column":7}},"17":{"start":{"line":41,"column":6},"end":{"line":41,"column":52}}},"fnMap":{"0":{"name":"(anonymous_0)","decl":{"start":{"line":13,"column":11},"end":{"line":13,"column":12}},"loc":{"start":{"line":13,"column":18},"end":{"line":13,"column":21}},"line":13},"1":{"name":"(anonymous_1)","decl":{"start":{"line":16,"column":28},"end":{"line":16,"column":29}},"loc":{"start":{"line":16,"column":34},"end":{"line":48,"column":1}},"line":16},"2":{"name":"(anonymous_2)","decl":{"start":{"line":20,"column":48},"end":{"line":20,"column":49}},"loc":{"start":{"line":20,"column":54},"end":{"line":30,"column":3}},"line":20},"3":{"name":"(anonymous_3)","decl":{"start":{"line":31,"column":57},"end":{"line":31,"column":58}},"loc":{"start":{"line":31,"column":63},"end":{"line":43,"column":3}},"line":31},"4":{"name":"(anonymous_4)","decl":{"start":{"line":34,"column":15},"end":{"line":34,"column":16}},"loc":{"start":{"line":34,"column":21},"end":{"line":42,"column":5}},"line":34}},"branchMap":{},"s":{"0":1,"1":1,"2":0,"3":1,"4":1,"5":1,"6":1,"7":1,"8":1,"9":1,"10":1,"11":1,"12":1,"13":1,"14":1,"15":0,"16":0,"17":0},"f":{"0":0,"1":1,"2":1,"3":1,"4":0},"b":{},"_coverageSchema":"332fd63041d2c1bcb487cc26dd0d5f7d97098a6c","hash":"395b3eeddeee9d7316bdcd825bba7d7456933914"}
,"/Users/andeladeveloper/Desktop/Events-Manager-Olusola-Oseni/client/__tests__/components/NotFound.test.js": {"path":"/Users/andeladeveloper/Desktop/Events-Manager-Olusola-Oseni/client/__tests__/components/NotFound.test.js","statementMap":{"0":{"start":{"line":8,"column":0},"end":{"line":8,"column":38}},"1":{"start":{"line":10,"column":0},"end":{"line":22,"column":3}},"2":{"start":{"line":13,"column":2},"end":{"line":16,"column":5}},"3":{"start":{"line":14,"column":20},"end":{"line":14,"column":41}},"4":{"start":{"line":15,"column":4},"end":{"line":15,"column":44}},"5":{"start":{"line":17,"column":2},"end":{"line":21,"column":4}},"6":{"start":{"line":18,"column":20},"end":{"line":18,"column":41}},"7":{"start":{"line":19,"column":4},"end":{"line":19,"column":42}},"8":{"start":{"line":20,"column":4},"end":{"line":20,"column":48}}},"fnMap":{"0":{"name":"(anonymous_0)","decl":{"start":{"line":10,"column":25},"end":{"line":10,"column":26}},"loc":{"start":{"line":10,"column":31},"end":{"line":22,"column":1}},"line":10},"1":{"name":"(anonymous_1)","decl":{"start":{"line":13,"column":43},"end":{"line":13,"column":44}},"loc":{"start":{"line":13,"column":49},"end":{"line":16,"column":3}},"line":13},"2":{"name":"(anonymous_2)","decl":{"start":{"line":17,"column":33},"end":{"line":17,"column":34}},"loc":{"start":{"line":17,"column":39},"end":{"line":21,"column":3}},"line":17}},"branchMap":{},"s":{"0":1,"1":1,"2":1,"3":1,"4":1,"5":1,"6":1,"7":1,"8":1},"f":{"0":1,"1":1,"2":1},"b":{},"_coverageSchema":"332fd63041d2c1bcb487cc26dd0d5f7d97098a6c","hash":"d110e2d990a44364339a1b2d15d6234d730b7461"}
,"/Users/andeladeveloper/Desktop/Events-Manager-Olusola-Oseni/client/__tests__/components/SignIn.test.js": {"path":"/Users/andeladeveloper/Desktop/Events-Manager-Olusola-Oseni/client/__tests__/components/SignIn.test.js","statementMap":{"0":{"start":{"line":8,"column":0},"end":{"line":8,"column":38}},"1":{"start":{"line":10,"column":0},"end":{"line":63,"column":3}},"2":{"start":{"line":11,"column":26},"end":{"line":11,"column":35}},"3":{"start":{"line":12,"column":2},"end":{"line":15,"column":5}},"4":{"start":{"line":13,"column":20},"end":{"line":13,"column":66}},"5":{"start":{"line":14,"column":4},"end":{"line":14,"column":58}},"6":{"start":{"line":16,"column":2},"end":{"line":19,"column":5}},"7":{"start":{"line":17,"column":20},"end":{"line":17,"column":66}},"8":{"start":{"line":18,"column":4},"end":{"line":18,"column":63}},"9":{"start":{"line":20,"column":2},"end":{"line":23,"column":5}},"10":{"start":{"line":21,"column":20},"end":{"line":21,"column":66}},"11":{"start":{"line":22,"column":4},"end":{"line":22,"column":54}},"12":{"start":{"line":24,"column":2},"end":{"line":28,"column":5}},"13":{"start":{"line":25,"column":20},"end":{"line":25,"column":66}},"14":{"start":{"line":26,"column":4},"end":{"line":26,"column":50}},"15":{"start":{"line":33,"column":2},"end":{"line":40,"column":5}},"16":{"start":{"line":34,"column":20},"end":{"line":34,"column":67}},"17":{"start":{"line":35,"column":4},"end":{"line":38,"column":6}},"18":{"start":{"line":39,"column":4},"end":{"line":39,"column":53}},"19":{"start":{"line":41,"column":2},"end":{"line":62,"column":5}},"20":{"start":{"line":42,"column":20},"end":{"line":42,"column":67}},"21":{"start":{"line":43,"column":4},"end":{"line":48,"column":6}},"22":{"start":{"line":49,"column":4},"end":{"line":54,"column":6}},"23":{"start":{"line":55,"column":4},"end":{"line":58,"column":6}}},"fnMap":{"0":{"name":"(anonymous_0)","decl":{"start":{"line":10,"column":23},"end":{"line":10,"column":24}},"loc":{"start":{"line":10,"column":29},"end":{"line":63,"column":1}},"line":10},"1":{"name":"(anonymous_1)","decl":{"start":{"line":12,"column":48},"end":{"line":12,"column":49}},"loc":{"start":{"line":12,"column":54},"end":{"line":15,"column":3}},"line":12},"2":{"name":"(anonymous_2)","decl":{"start":{"line":16,"column":48},"end":{"line":16,"column":49}},"loc":{"start":{"line":16,"column":54},"end":{"line":19,"column":3}},"line":16},"3":{"name":"(anonymous_3)","decl":{"start":{"line":20,"column":39},"end":{"line":20,"column":40}},"loc":{"start":{"line":20,"column":45},"end":{"line":23,"column":3}},"line":20},"4":{"name":"(anonymous_4)","decl":{"start":{"line":24,"column":42},"end":{"line":24,"column":43}},"loc":{"start":{"line":24,"column":48},"end":{"line":28,"column":3}},"line":24},"5":{"name":"(anonymous_5)","decl":{"start":{"line":33,"column":57},"end":{"line":33,"column":58}},"loc":{"start":{"line":33,"column":63},"end":{"line":40,"column":3}},"line":33},"6":{"name":"(anonymous_6)","decl":{"start":{"line":41,"column":38},"end":{"line":41,"column":39}},"loc":{"start":{"line":41,"column":44},"end":{"line":62,"column":3}},"line":41}},"branchMap":{},"s":{"0":1,"1":1,"2":1,"3":1,"4":1,"5":1,"6":1,"7":1,"8":1,"9":1,"10":1,"11":1,"12":1,"13":1,"14":1,"15":1,"16":1,"17":1,"18":1,"19":1,"20":1,"21":1,"22":1,"23":1},"f":{"0":1,"1":1,"2":1,"3":1,"4":1,"5":1,"6":1},"b":{},"_coverageSchema":"332fd63041d2c1bcb487cc26dd0d5f7d97098a6c","hash":"623f1d1a3e3f117ca20a60d97e62ab7bddfecb4a"}
,"/Users/andeladeveloper/Desktop/Events-Manager-Olusola-Oseni/client/__tests__/components/SignOut.test.js": {"path":"/Users/andeladeveloper/Desktop/Events-Manager-Olusola-Oseni/client/__tests__/components/SignOut.test.js","statementMap":{"0":{"start":{"line":8,"column":0},"end":{"line":8,"column":38}},"1":{"start":{"line":10,"column":0},"end":{"line":16,"column":3}},"2":{"start":{"line":11,"column":2},"end":{"line":15,"column":5}},"3":{"start":{"line":12,"column":26},"end":{"line":12,"column":35}},"4":{"start":{"line":13,"column":20},"end":{"line":13,"column":63}},"5":{"start":{"line":14,"column":4},"end":{"line":14,"column":46}}},"fnMap":{"0":{"name":"(anonymous_0)","decl":{"start":{"line":10,"column":24},"end":{"line":10,"column":25}},"loc":{"start":{"line":10,"column":30},"end":{"line":16,"column":1}},"line":10},"1":{"name":"(anonymous_1)","decl":{"start":{"line":11,"column":44},"end":{"line":11,"column":45}},"loc":{"start":{"line":11,"column":50},"end":{"line":15,"column":3}},"line":11}},"branchMap":{},"s":{"0":1,"1":1,"2":1,"3":1,"4":1,"5":1},"f":{"0":1,"1":1},"b":{},"_coverageSchema":"332fd63041d2c1bcb487cc26dd0d5f7d97098a6c","hash":"eb17f189055a58ba532bfae58ea4d90906896322"}
,"/Users/andeladeveloper/Desktop/Events-Manager-Olusola-Oseni/client/__tests__/components/SignUp.test.js": {"path":"/Users/andeladeveloper/Desktop/Events-Manager-Olusola-Oseni/client/__tests__/components/SignUp.test.js","statementMap":{"0":{"start":{"line":7,"column":0},"end":{"line":7,"column":38}},"1":{"start":{"line":9,"column":0},"end":{"line":104,"column":3}},"2":{"start":{"line":10,"column":27},"end":{"line":10,"column":36}},"3":{"start":{"line":11,"column":30},"end":{"line":11,"column":39}},"4":{"start":{"line":12,"column":2},"end":{"line":18,"column":5}},"5":{"start":{"line":13,"column":20},"end":{"line":16,"column":9}},"6":{"start":{"line":17,"column":4},"end":{"line":17,"column":59}},"7":{"start":{"line":19,"column":2},"end":{"line":25,"column":5}},"8":{"start":{"line":20,"column":20},"end":{"line":23,"column":9}},"9":{"start":{"line":24,"column":4},"end":{"line":24,"column":60}},"10":{"start":{"line":26,"column":2},"end":{"line":32,"column":5}},"11":{"start":{"line":27,"column":20},"end":{"line":30,"column":9}},"12":{"start":{"line":31,"column":4},"end":{"line":31,"column":52}},"13":{"start":{"line":33,"column":2},"end":{"line":39,"column":5}},"14":{"start":{"line":34,"column":20},"end":{"line":37,"column":9}},"15":{"start":{"line":38,"column":4},"end":{"line":38,"column":52}},"16":{"start":{"line":40,"column":2},"end":{"line":46,"column":5}},"17":{"start":{"line":41,"column":20},"end":{"line":44,"column":9}},"18":{"start":{"line":45,"column":4},"end":{"line":45,"column":51}},"19":{"start":{"line":47,"column":2},"end":{"line":53,"column":5}},"20":{"start":{"line":48,"column":20},"end":{"line":51,"column":9}},"21":{"start":{"line":52,"column":4},"end":{"line":52,"column":52}},"22":{"start":{"line":54,"column":2},"end":{"line":64,"column":5}},"23":{"start":{"line":55,"column":29},"end":{"line":55,"column":38}},"24":{"start":{"line":56,"column":20},"end":{"line":58,"column":47}},"25":{"start":{"line":59,"column":4},"end":{"line":62,"column":6}},"26":{"start":{"line":63,"column":4},"end":{"line":63,"column":54}},"27":{"start":{"line":66,"column":2},"end":{"line":103,"column":5}},"28":{"start":{"line":67,"column":20},"end":{"line":70,"column":9}},"29":{"start":{"line":71,"column":4},"end":{"line":76,"column":6}},"30":{"start":{"line":77,"column":4},"end":{"line":82,"column":6}},"31":{"start":{"line":83,"column":4},"end":{"line":88,"column":6}},"32":{"start":{"line":89,"column":4},"end":{"line":94,"column":6}},"33":{"start":{"line":95,"column":4},"end":{"line":98,"column":6}},"34":{"start":{"line":99,"column":4},"end":{"line":99,"column":54}},"35":{"start":{"line":100,"column":4},"end":{"line":102,"column":5}}},"fnMap":{"0":{"name":"(anonymous_0)","decl":{"start":{"line":9,"column":23},"end":{"line":9,"column":24}},"loc":{"start":{"line":9,"column":29},"end":{"line":104,"column":1}},"line":9},"1":{"name":"(anonymous_1)","decl":{"start":{"line":12,"column":48},"end":{"line":12,"column":49}},"loc":{"start":{"line":12,"column":54},"end":{"line":18,"column":3}},"line":12},"2":{"name":"(anonymous_2)","decl":{"start":{"line":19,"column":48},"end":{"line":19,"column":49}},"loc":{"start":{"line":19,"column":54},"end":{"line":25,"column":3}},"line":19},"3":{"name":"(anonymous_3)","decl":{"start":{"line":26,"column":43},"end":{"line":26,"column":44}},"loc":{"start":{"line":26,"column":49},"end":{"line":32,"column":3}},"line":26},"4":{"name":"(anonymous_4)","decl":{"start":{"line":33,"column":42},"end":{"line":33,"column":43}},"loc":{"start":{"line":33,"column":48},"end":{"line":39,"column":3}},"line":33},"5":{"name":"(anonymous_5)","decl":{"start":{"line":40,"column":39},"end":{"line":40,"column":40}},"loc":{"start":{"line":40,"column":45},"end":{"line":46,"column":3}},"line":40},"6":{"name":"(anonymous_6)","decl":{"start":{"line":47,"column":42},"end":{"line":47,"column":43}},"loc":{"start":{"line":47,"column":48},"end":{"line":53,"column":3}},"line":47},"7":{"name":"(anonymous_7)","decl":{"start":{"line":54,"column":57},"end":{"line":54,"column":58}},"loc":{"start":{"line":54,"column":63},"end":{"line":64,"column":3}},"line":54},"8":{"name":"(anonymous_8)","decl":{"start":{"line":66,"column":38},"end":{"line":66,"column":39}},"loc":{"start":{"line":66,"column":44},"end":{"line":103,"column":3}},"line":66}},"branchMap":{},"s":{"0":1,"1":1,"2":1,"3":1,"4":1,"5":1,"6":1,"7":1,"8":1,"9":1,"10":1,"11":1,"12":1,"13":1,"14":1,"15":1,"16":1,"17":1,"18":1,"19":1,"20":1,"21":1,"22":1,"23":1,"24":1,"25":1,"26":1,"27":1,"28":1,"29":1,"30":1,"31":1,"32":1,"33":1,"34":1,"35":1},"f":{"0":1,"1":1,"2":1,"3":1,"4":1,"5":1,"6":1,"7":1,"8":1},"b":{},"_coverageSchema":"332fd63041d2c1bcb487cc26dd0d5f7d97098a6c","hash":"31ccb99c772ebc956beab5eae3c987c6a236d6eb"}
,"/Users/andeladeveloper/Desktop/Events-Manager-Olusola-Oseni/client/__tests__/components/SubmitButton.test.js": {"path":"/Users/andeladeveloper/Desktop/Events-Manager-Olusola-Oseni/client/__tests__/components/SubmitButton.test.js","statementMap":{"0":{"start":{"line":6,"column":0},"end":{"line":6,"column":38}},"1":{"start":{"line":8,"column":0},"end":{"line":23,"column":3}},"2":{"start":{"line":9,"column":16},"end":{"line":12,"column":3}},"3":{"start":{"line":14,"column":2},"end":{"line":22,"column":5}},"4":{"start":{"line":15,"column":20},"end":{"line":18,"column":5}},"5":{"start":{"line":19,"column":4},"end":{"line":19,"column":50}},"6":{"start":{"line":20,"column":4},"end":{"line":20,"column":59}},"7":{"start":{"line":21,"column":4},"end":{"line":21,"column":57}}},"fnMap":{"0":{"name":"(anonymous_0)","decl":{"start":{"line":8,"column":29},"end":{"line":8,"column":30}},"loc":{"start":{"line":8,"column":35},"end":{"line":23,"column":1}},"line":8},"1":{"name":"(anonymous_1)","decl":{"start":{"line":14,"column":49},"end":{"line":14,"column":50}},"loc":{"start":{"line":14,"column":55},"end":{"line":22,"column":3}},"line":14}},"branchMap":{},"s":{"0":1,"1":1,"2":1,"3":1,"4":1,"5":1,"6":1,"7":1},"f":{"0":1,"1":1},"b":{},"_coverageSchema":"332fd63041d2c1bcb487cc26dd0d5f7d97098a6c","hash":"bbcbff98c88fab87940c4b9aee0d4d57a8d81b68"}
,"/Users/andeladeveloper/Desktop/Events-Manager-Olusola-Oseni/client/__tests__/components/routes.test.js": {"path":"/Users/andeladeveloper/Desktop/Events-Manager-Olusola-Oseni/client/__tests__/components/routes.test.js","statementMap":{"0":{"start":{"line":8,"column":0},"end":{"line":8,"column":38}},"1":{"start":{"line":10,"column":0},"end":{"line":15,"column":3}},"2":{"start":{"line":11,"column":2},"end":{"line":14,"column":5}},"3":{"start":{"line":12,"column":20},"end":{"line":12,"column":39}},"4":{"start":{"line":13,"column":4},"end":{"line":13,"column":38}}},"fnMap":{"0":{"name":"(anonymous_0)","decl":{"start":{"line":10,"column":23},"end":{"line":10,"column":24}},"loc":{"start":{"line":10,"column":29},"end":{"line":15,"column":1}},"line":10},"1":{"name":"(anonymous_1)","decl":{"start":{"line":11,"column":43},"end":{"line":11,"column":44}},"loc":{"start":{"line":11,"column":49},"end":{"line":14,"column":3}},"line":11}},"branchMap":{},"s":{"0":1,"1":1,"2":1,"3":1,"4":1},"f":{"0":1,"1":1},"b":{},"_coverageSchema":"332fd63041d2c1bcb487cc26dd0d5f7d97098a6c","hash":"95cc2de34e7e3ad2f09a50abe70fde5217739ef2"}
,"/Users/andeladeveloper/Desktop/Events-Manager-Olusola-Oseni/client/actions/CenterActions.js": {"path":"/Users/andeladeveloper/Desktop/Events-Manager-Olusola-Oseni/client/actions/CenterActions.js","statementMap":{"0":{"start":{"line":13,"column":19},"end":{"line":25,"column":4}},"1":{"start":{"line":13,"column":27},"end":{"line":25,"column":4}},"2":{"start":{"line":13,"column":39},"end":{"line":25,"column":4}},"3":{"start":{"line":19,"column":4},"end":{"line":19,"column":39}},"4":{"start":{"line":20,"column":4},"end":{"line":20,"column":67}},"5":{"start":{"line":23,"column":4},"end":{"line":23,"column":62}},"6":{"start":{"line":36,"column":22},"end":{"line":53,"column":4}},"7":{"start":{"line":36,"column":28},"end":{"line":53,"column":4}},"8":{"start":{"line":36,"column":40},"end":{"line":53,"column":4}},"9":{"start":{"line":42,"column":4},"end":{"line":42,"column":38}},"10":{"start":{"line":43,"column":4},"end":{"line":46,"column":7}},"11":{"start":{"line":49,"column":4},"end":{"line":52,"column":7}},"12":{"start":{"line":65,"column":25},"end":{"line":86,"column":1}},"13":{"start":{"line":65,"column":44},"end":{"line":86,"column":1}},"14":{"start":{"line":66,"column":2},"end":{"line":68,"column":5}},"15":{"start":{"line":69,"column":2},"end":{"line":85,"column":7}},"16":{"start":{"line":75,"column":6},"end":{"line":78,"column":9}},"17":{"start":{"line":81,"column":6},"end":{"line":84,"column":9}},"18":{"start":{"line":97,"column":18},"end":{"line":119,"column":1}},"19":{"start":{"line":97,"column":32},"end":{"line":119,"column":1}},"20":{"start":{"line":98,"column":2},"end":{"line":100,"column":5}},"21":{"start":{"line":101,"column":2},"end":{"line":118,"column":7}},"22":{"start":{"line":108,"column":6},"end":{"line":111,"column":9}},"23":{"start":{"line":114,"column":6},"end":{"line":117,"column":9}},"24":{"start":{"line":130,"column":21},"end":{"line":150,"column":1}},"25":{"start":{"line":130,"column":27},"end":{"line":150,"column":1}},"26":{"start":{"line":131,"column":2},"end":{"line":131,"column":38}},"27":{"start":{"line":132,"column":2},"end":{"line":149,"column":7}},"28":{"start":{"line":138,"column":6},"end":{"line":142,"column":9}},"29":{"start":{"line":145,"column":6},"end":{"line":148,"column":9}},"30":{"start":{"line":162,"column":21},"end":{"line":183,"column":1}},"31":{"start":{"line":162,"column":41},"end":{"line":183,"column":1}},"32":{"start":{"line":163,"column":2},"end":{"line":163,"column":38}},"33":{"start":{"line":164,"column":2},"end":{"line":182,"column":7}},"34":{"start":{"line":171,"column":6},"end":{"line":175,"column":9}},"35":{"start":{"line":178,"column":6},"end":{"line":181,"column":9}},"36":{"start":{"line":194,"column":21},"end":{"line":214,"column":1}},"37":{"start":{"line":194,"column":27},"end":{"line":214,"column":1}},"38":{"start":{"line":195,"column":2},"end":{"line":195,"column":42}},"39":{"start":{"line":196,"column":2},"end":{"line":213,"column":7}},"40":{"start":{"line":202,"column":6},"end":{"line":206,"column":9}},"41":{"start":{"line":209,"column":6},"end":{"line":212,"column":9}}},"fnMap":{"0":{"name":"(anonymous_0)","decl":{"start":{"line":13,"column":19},"end":{"line":13,"column":20}},"loc":{"start":{"line":13,"column":27},"end":{"line":25,"column":4}},"line":13},"1":{"name":"(anonymous_1)","decl":{"start":{"line":13,"column":27},"end":{"line":13,"column":28}},"loc":{"start":{"line":13,"column":39},"end":{"line":25,"column":4}},"line":13},"2":{"name":"(anonymous_2)","decl":{"start":{"line":18,"column":8},"end":{"line":18,"column":9}},"loc":{"start":{"line":18,"column":17},"end":{"line":21,"column":3}},"line":18},"3":{"name":"(anonymous_3)","decl":{"start":{"line":22,"column":9},"end":{"line":22,"column":10}},"loc":{"start":{"line":22,"column":18},"end":{"line":25,"column":3}},"line":22},"4":{"name":"(anonymous_4)","decl":{"start":{"line":36,"column":22},"end":{"line":36,"column":23}},"loc":{"start":{"line":36,"column":28},"end":{"line":53,"column":4}},"line":36},"5":{"name":"(anonymous_5)","decl":{"start":{"line":36,"column":28},"end":{"line":36,"column":29}},"loc":{"start":{"line":36,"column":40},"end":{"line":53,"column":4}},"line":36},"6":{"name":"(anonymous_6)","decl":{"start":{"line":41,"column":8},"end":{"line":41,"column":9}},"loc":{"start":{"line":41,"column":17},"end":{"line":47,"column":3}},"line":41},"7":{"name":"(anonymous_7)","decl":{"start":{"line":48,"column":9},"end":{"line":48,"column":10}},"loc":{"start":{"line":48,"column":18},"end":{"line":53,"column":3}},"line":48},"8":{"name":"(anonymous_8)","decl":{"start":{"line":65,"column":25},"end":{"line":65,"column":26}},"loc":{"start":{"line":65,"column":44},"end":{"line":86,"column":1}},"line":65},"9":{"name":"(anonymous_9)","decl":{"start":{"line":65,"column":44},"end":{"line":65,"column":45}},"loc":{"start":{"line":65,"column":58},"end":{"line":86,"column":1}},"line":65},"10":{"name":"(anonymous_10)","decl":{"start":{"line":74,"column":10},"end":{"line":74,"column":11}},"loc":{"start":{"line":74,"column":19},"end":{"line":79,"column":5}},"line":74},"11":{"name":"(anonymous_11)","decl":{"start":{"line":80,"column":11},"end":{"line":80,"column":12}},"loc":{"start":{"line":80,"column":20},"end":{"line":85,"column":5}},"line":80},"12":{"name":"(anonymous_12)","decl":{"start":{"line":97,"column":18},"end":{"line":97,"column":19}},"loc":{"start":{"line":97,"column":32},"end":{"line":119,"column":1}},"line":97},"13":{"name":"(anonymous_13)","decl":{"start":{"line":97,"column":32},"end":{"line":97,"column":33}},"loc":{"start":{"line":97,"column":46},"end":{"line":119,"column":1}},"line":97},"14":{"name":"(anonymous_14)","decl":{"start":{"line":107,"column":10},"end":{"line":107,"column":11}},"loc":{"start":{"line":107,"column":19},"end":{"line":112,"column":5}},"line":107},"15":{"name":"(anonymous_15)","decl":{"start":{"line":113,"column":11},"end":{"line":113,"column":12}},"loc":{"start":{"line":113,"column":20},"end":{"line":118,"column":5}},"line":113},"16":{"name":"(anonymous_16)","decl":{"start":{"line":130,"column":21},"end":{"line":130,"column":22}},"loc":{"start":{"line":130,"column":27},"end":{"line":150,"column":1}},"line":130},"17":{"name":"(anonymous_17)","decl":{"start":{"line":130,"column":27},"end":{"line":130,"column":28}},"loc":{"start":{"line":130,"column":41},"end":{"line":150,"column":1}},"line":130},"18":{"name":"(anonymous_18)","decl":{"start":{"line":137,"column":10},"end":{"line":137,"column":11}},"loc":{"start":{"line":137,"column":19},"end":{"line":143,"column":5}},"line":137},"19":{"name":"(anonymous_19)","decl":{"start":{"line":144,"column":11},"end":{"line":144,"column":12}},"loc":{"start":{"line":144,"column":20},"end":{"line":149,"column":5}},"line":144},"20":{"name":"(anonymous_20)","decl":{"start":{"line":162,"column":21},"end":{"line":162,"column":22}},"loc":{"start":{"line":162,"column":41},"end":{"line":183,"column":1}},"line":162},"21":{"name":"(anonymous_21)","decl":{"start":{"line":162,"column":41},"end":{"line":162,"column":42}},"loc":{"start":{"line":162,"column":55},"end":{"line":183,"column":1}},"line":162},"22":{"name":"(anonymous_22)","decl":{"start":{"line":170,"column":10},"end":{"line":170,"column":11}},"loc":{"start":{"line":170,"column":19},"end":{"line":176,"column":5}},"line":170},"23":{"name":"(anonymous_23)","decl":{"start":{"line":177,"column":11},"end":{"line":177,"column":12}},"loc":{"start":{"line":177,"column":20},"end":{"line":182,"column":5}},"line":177},"24":{"name":"(anonymous_24)","decl":{"start":{"line":194,"column":21},"end":{"line":194,"column":22}},"loc":{"start":{"line":194,"column":27},"end":{"line":214,"column":1}},"line":194},"25":{"name":"(anonymous_25)","decl":{"start":{"line":194,"column":27},"end":{"line":194,"column":28}},"loc":{"start":{"line":194,"column":41},"end":{"line":214,"column":1}},"line":194},"26":{"name":"(anonymous_26)","decl":{"start":{"line":201,"column":10},"end":{"line":201,"column":11}},"loc":{"start":{"line":201,"column":19},"end":{"line":207,"column":5}},"line":201},"27":{"name":"(anonymous_27)","decl":{"start":{"line":208,"column":11},"end":{"line":208,"column":12}},"loc":{"start":{"line":208,"column":20},"end":{"line":213,"column":5}},"line":208}},"branchMap":{},"s":{"0":22,"1":2,"2":2,"3":2,"4":2,"5":0,"6":22,"7":2,"8":2,"9":2,"10":2,"11":0,"12":22,"13":2,"14":2,"15":2,"16":2,"17":0,"18":22,"19":2,"20":2,"21":2,"22":2,"23":0,"24":22,"25":2,"26":2,"27":2,"28":2,"29":0,"30":22,"31":2,"32":2,"33":2,"34":2,"35":0,"36":22,"37":2,"38":2,"39":2,"40":2,"41":0},"f":{"0":2,"1":2,"2":2,"3":0,"4":2,"5":2,"6":2,"7":0,"8":2,"9":2,"10":2,"11":0,"12":2,"13":2,"14":2,"15":0,"16":2,"17":2,"18":2,"19":0,"20":2,"21":2,"22":2,"23":0,"24":2,"25":2,"26":2,"27":0},"b":{},"_coverageSchema":"332fd63041d2c1bcb487cc26dd0d5f7d97098a6c","hash":"3ea08b5535c1aa351913e155fa1c251bd8461703"}
,"/Users/andeladeveloper/Desktop/Events-Manager-Olusola-Oseni/client/actions/EventActions.js": {"path":"/Users/andeladeveloper/Desktop/Events-Manager-Olusola-Oseni/client/actions/EventActions.js","statementMap":{"0":{"start":{"line":12,"column":22},"end":{"line":31,"column":1}},"1":{"start":{"line":12,"column":30},"end":{"line":31,"column":1}},"2":{"start":{"line":13,"column":2},"end":{"line":15,"column":5}},"3":{"start":{"line":16,"column":2},"end":{"line":30,"column":7}},"4":{"start":{"line":23,"column":6},"end":{"line":23,"column":71}},"5":{"start":{"line":26,"column":6},"end":{"line":29,"column":9}},"6":{"start":{"line":42,"column":17},"end":{"line":64,"column":1}},"7":{"start":{"line":42,"column":30},"end":{"line":64,"column":1}},"8":{"start":{"line":43,"column":2},"end":{"line":45,"column":5}},"9":{"start":{"line":46,"column":2},"end":{"line":63,"column":7}},"10":{"start":{"line":53,"column":6},"end":{"line":56,"column":9}},"11":{"start":{"line":59,"column":6},"end":{"line":62,"column":9}},"12":{"start":{"line":75,"column":20},"end":{"line":95,"column":1}},"13":{"start":{"line":75,"column":26},"end":{"line":95,"column":1}},"14":{"start":{"line":76,"column":2},"end":{"line":76,"column":37}},"15":{"start":{"line":77,"column":2},"end":{"line":94,"column":7}},"16":{"start":{"line":83,"column":6},"end":{"line":87,"column":9}},"17":{"start":{"line":90,"column":6},"end":{"line":93,"column":9}},"18":{"start":{"line":107,"column":20},"end":{"line":128,"column":1}},"19":{"start":{"line":107,"column":39},"end":{"line":128,"column":1}},"20":{"start":{"line":108,"column":2},"end":{"line":108,"column":37}},"21":{"start":{"line":109,"column":2},"end":{"line":127,"column":7}},"22":{"start":{"line":116,"column":6},"end":{"line":120,"column":9}},"23":{"start":{"line":123,"column":6},"end":{"line":126,"column":9}}},"fnMap":{"0":{"name":"(anonymous_0)","decl":{"start":{"line":12,"column":22},"end":{"line":12,"column":23}},"loc":{"start":{"line":12,"column":30},"end":{"line":31,"column":1}},"line":12},"1":{"name":"(anonymous_1)","decl":{"start":{"line":12,"column":30},"end":{"line":12,"column":31}},"loc":{"start":{"line":12,"column":44},"end":{"line":31,"column":1}},"line":12},"2":{"name":"(anonymous_2)","decl":{"start":{"line":22,"column":10},"end":{"line":22,"column":11}},"loc":{"start":{"line":22,"column":19},"end":{"line":24,"column":5}},"line":22},"3":{"name":"(anonymous_3)","decl":{"start":{"line":25,"column":11},"end":{"line":25,"column":12}},"loc":{"start":{"line":25,"column":20},"end":{"line":30,"column":5}},"line":25},"4":{"name":"(anonymous_4)","decl":{"start":{"line":42,"column":17},"end":{"line":42,"column":18}},"loc":{"start":{"line":42,"column":30},"end":{"line":64,"column":1}},"line":42},"5":{"name":"(anonymous_5)","decl":{"start":{"line":42,"column":30},"end":{"line":42,"column":31}},"loc":{"start":{"line":42,"column":44},"end":{"line":64,"column":1}},"line":42},"6":{"name":"(anonymous_6)","decl":{"start":{"line":52,"column":10},"end":{"line":52,"column":11}},"loc":{"start":{"line":52,"column":19},"end":{"line":57,"column":5}},"line":52},"7":{"name":"(anonymous_7)","decl":{"start":{"line":58,"column":11},"end":{"line":58,"column":12}},"loc":{"start":{"line":58,"column":20},"end":{"line":63,"column":5}},"line":58},"8":{"name":"(anonymous_8)","decl":{"start":{"line":75,"column":20},"end":{"line":75,"column":21}},"loc":{"start":{"line":75,"column":26},"end":{"line":95,"column":1}},"line":75},"9":{"name":"(anonymous_9)","decl":{"start":{"line":75,"column":26},"end":{"line":75,"column":27}},"loc":{"start":{"line":75,"column":40},"end":{"line":95,"column":1}},"line":75},"10":{"name":"(anonymous_10)","decl":{"start":{"line":82,"column":10},"end":{"line":82,"column":11}},"loc":{"start":{"line":82,"column":19},"end":{"line":88,"column":5}},"line":82},"11":{"name":"(anonymous_11)","decl":{"start":{"line":89,"column":11},"end":{"line":89,"column":12}},"loc":{"start":{"line":89,"column":20},"end":{"line":94,"column":5}},"line":89},"12":{"name":"(anonymous_12)","decl":{"start":{"line":107,"column":20},"end":{"line":107,"column":21}},"loc":{"start":{"line":107,"column":39},"end":{"line":128,"column":1}},"line":107},"13":{"name":"(anonymous_13)","decl":{"start":{"line":107,"column":39},"end":{"line":107,"column":40}},"loc":{"start":{"line":107,"column":53},"end":{"line":128,"column":1}},"line":107},"14":{"name":"(anonymous_14)","decl":{"start":{"line":115,"column":10},"end":{"line":115,"column":11}},"loc":{"start":{"line":115,"column":19},"end":{"line":121,"column":5}},"line":115},"15":{"name":"(anonymous_15)","decl":{"start":{"line":122,"column":11},"end":{"line":122,"column":12}},"loc":{"start":{"line":122,"column":20},"end":{"line":127,"column":5}},"line":122}},"branchMap":{},"s":{"0":18,"1":2,"2":2,"3":2,"4":2,"5":0,"6":18,"7":2,"8":2,"9":2,"10":2,"11":0,"12":18,"13":2,"14":2,"15":2,"16":2,"17":0,"18":18,"19":0,"20":0,"21":0,"22":0,"23":0},"f":{"0":2,"1":2,"2":2,"3":0,"4":2,"5":2,"6":2,"7":0,"8":2,"9":2,"10":2,"11":0,"12":0,"13":0,"14":0,"15":0},"b":{},"_coverageSchema":"332fd63041d2c1bcb487cc26dd0d5f7d97098a6c","hash":"535f56c1f77c0c40ad7f7737bf5c0f493eea7fa7"}
,"/Users/andeladeveloper/Desktop/Events-Manager-Olusola-Oseni/client/actions/FlashMessageActions.js": {"path":"/Users/andeladeveloper/Desktop/Events-Manager-Olusola-Oseni/client/actions/FlashMessageActions.js","statementMap":{"0":{"start":{"line":3,"column":15},"end":{"line":3,"column":33}},"1":{"start":{"line":12,"column":24},"end":{"line":18,"column":1}},"2":{"start":{"line":12,"column":35},"end":{"line":18,"column":1}},"3":{"start":{"line":13,"column":2},"end":{"line":17,"column":5}},"4":{"start":{"line":28,"column":27},"end":{"line":33,"column":1}},"5":{"start":{"line":28,"column":33},"end":{"line":33,"column":1}},"6":{"start":{"line":29,"column":2},"end":{"line":32,"column":5}}},"fnMap":{"0":{"name":"(anonymous_0)","decl":{"start":{"line":12,"column":24},"end":{"line":12,"column":25}},"loc":{"start":{"line":12,"column":35},"end":{"line":18,"column":1}},"line":12},"1":{"name":"(anonymous_1)","decl":{"start":{"line":12,"column":35},"end":{"line":12,"column":36}},"loc":{"start":{"line":12,"column":49},"end":{"line":18,"column":1}},"line":12},"2":{"name":"(anonymous_2)","decl":{"start":{"line":28,"column":27},"end":{"line":28,"column":28}},"loc":{"start":{"line":28,"column":33},"end":{"line":33,"column":1}},"line":28},"3":{"name":"(anonymous_3)","decl":{"start":{"line":28,"column":33},"end":{"line":28,"column":34}},"loc":{"start":{"line":28,"column":47},"end":{"line":33,"column":1}},"line":28}},"branchMap":{},"s":{"0":18,"1":10,"2":2,"3":10,"4":10,"5":2,"6":1},"f":{"0":2,"1":2,"2":2,"3":2},"b":{},"_coverageSchema":"332fd63041d2c1bcb487cc26dd0d5f7d97098a6c","hash":"1dedd20acdbab4364128a3c2067ca44f9a2e6eb7"}
,"/Users/andeladeveloper/Desktop/Events-Manager-Olusola-Oseni/client/actions/ImageActions.js": {"path":"/Users/andeladeveloper/Desktop/Events-Manager-Olusola-Oseni/client/actions/ImageActions.js","statementMap":{"0":{"start":{"line":12,"column":17},"end":{"line":38,"column":1}},"1":{"start":{"line":12,"column":30},"end":{"line":38,"column":1}},"2":{"start":{"line":13,"column":2},"end":{"line":13,"column":34}},"3":{"start":{"line":14,"column":2},"end":{"line":37,"column":7}},"4":{"start":{"line":18,"column":6},"end":{"line":18,"column":42}},"5":{"start":{"line":19,"column":6},"end":{"line":19,"column":18}},"6":{"start":{"line":27,"column":6},"end":{"line":30,"column":9}},"7":{"start":{"line":33,"column":6},"end":{"line":36,"column":9}}},"fnMap":{"0":{"name":"(anonymous_0)","decl":{"start":{"line":12,"column":17},"end":{"line":12,"column":18}},"loc":{"start":{"line":12,"column":30},"end":{"line":38,"column":1}},"line":12},"1":{"name":"(anonymous_1)","decl":{"start":{"line":12,"column":30},"end":{"line":12,"column":31}},"loc":{"start":{"line":12,"column":44},"end":{"line":38,"column":1}},"line":12},"2":{"name":"(anonymous_2)","decl":{"start":{"line":17,"column":23},"end":{"line":17,"column":24}},"loc":{"start":{"line":17,"column":42},"end":{"line":20,"column":5}},"line":17},"3":{"name":"(anonymous_3)","decl":{"start":{"line":26,"column":10},"end":{"line":26,"column":11}},"loc":{"start":{"line":26,"column":19},"end":{"line":31,"column":5}},"line":26},"4":{"name":"(anonymous_4)","decl":{"start":{"line":32,"column":11},"end":{"line":32,"column":12}},"loc":{"start":{"line":32,"column":20},"end":{"line":37,"column":5}},"line":32}},"branchMap":{},"s":{"0":18,"1":2,"2":2,"3":2,"4":2,"5":2,"6":2,"7":0},"f":{"0":2,"1":2,"2":2,"3":2,"4":0},"b":{},"_coverageSchema":"332fd63041d2c1bcb487cc26dd0d5f7d97098a6c","hash":"2f93cb90298e43b24a16c9272c912b3e492c79da"}
,"/Users/andeladeveloper/Desktop/Events-Manager-Olusola-Oseni/client/actions/UserActions.js": {"path":"/Users/andeladeveloper/Desktop/Events-Manager-Olusola-Oseni/client/actions/UserActions.js","statementMap":{"0":{"start":{"line":14,"column":19},"end":{"line":27,"column":1}},"1":{"start":{"line":14,"column":34},"end":{"line":27,"column":1}},"2":{"start":{"line":15,"column":2},"end":{"line":15,"column":36}},"3":{"start":{"line":16,"column":2},"end":{"line":26,"column":7}},"4":{"start":{"line":18,"column":24},"end":{"line":18,"column":37}},"5":{"start":{"line":19,"column":6},"end":{"line":19,"column":52}},"6":{"start":{"line":20,"column":6},"end":{"line":20,"column":35}},"7":{"start":{"line":21,"column":6},"end":{"line":21,"column":70}},"8":{"start":{"line":22,"column":6},"end":{"line":22,"column":68}},"9":{"start":{"line":25,"column":6},"end":{"line":25,"column":77}},"10":{"start":{"line":38,"column":18},"end":{"line":51,"column":1}},"11":{"start":{"line":38,"column":34},"end":{"line":51,"column":1}},"12":{"start":{"line":39,"column":2},"end":{"line":39,"column":35}},"13":{"start":{"line":40,"column":2},"end":{"line":50,"column":7}},"14":{"start":{"line":42,"column":24},"end":{"line":42,"column":37}},"15":{"start":{"line":43,"column":6},"end":{"line":43,"column":52}},"16":{"start":{"line":44,"column":6},"end":{"line":44,"column":35}},"17":{"start":{"line":45,"column":6},"end":{"line":45,"column":70}},"18":{"start":{"line":46,"column":6},"end":{"line":46,"column":62}},"19":{"start":{"line":49,"column":6},"end":{"line":49,"column":71}},"20":{"start":{"line":60,"column":27},"end":{"line":80,"column":1}},"21":{"start":{"line":60,"column":33},"end":{"line":80,"column":1}},"22":{"start":{"line":61,"column":2},"end":{"line":61,"column":39}},"23":{"start":{"line":62,"column":2},"end":{"line":79,"column":7}},"24":{"start":{"line":68,"column":6},"end":{"line":72,"column":9}},"25":{"start":{"line":75,"column":6},"end":{"line":78,"column":9}},"26":{"start":{"line":89,"column":16},"end":{"line":93,"column":1}},"27":{"start":{"line":89,"column":22},"end":{"line":93,"column":1}},"28":{"start":{"line":90,"column":2},"end":{"line":90,"column":44}},"29":{"start":{"line":91,"column":2},"end":{"line":91,"column":31}},"30":{"start":{"line":92,"column":2},"end":{"line":92,"column":51}},"31":{"start":{"line":104,"column":20},"end":{"line":122,"column":4}},"32":{"start":{"line":104,"column":28},"end":{"line":122,"column":4}},"33":{"start":{"line":104,"column":40},"end":{"line":122,"column":4}},"34":{"start":{"line":111,"column":4},"end":{"line":111,"column":36}},"35":{"start":{"line":112,"column":4},"end":{"line":115,"column":7}},"36":{"start":{"line":118,"column":4},"end":{"line":121,"column":7}}},"fnMap":{"0":{"name":"(anonymous_0)","decl":{"start":{"line":14,"column":19},"end":{"line":14,"column":20}},"loc":{"start":{"line":14,"column":34},"end":{"line":27,"column":1}},"line":14},"1":{"name":"(anonymous_1)","decl":{"start":{"line":14,"column":34},"end":{"line":14,"column":35}},"loc":{"start":{"line":14,"column":48},"end":{"line":27,"column":1}},"line":14},"2":{"name":"(anonymous_2)","decl":{"start":{"line":17,"column":10},"end":{"line":17,"column":11}},"loc":{"start":{"line":17,"column":19},"end":{"line":23,"column":5}},"line":17},"3":{"name":"(anonymous_3)","decl":{"start":{"line":24,"column":11},"end":{"line":24,"column":12}},"loc":{"start":{"line":24,"column":20},"end":{"line":26,"column":5}},"line":24},"4":{"name":"(anonymous_4)","decl":{"start":{"line":38,"column":18},"end":{"line":38,"column":19}},"loc":{"start":{"line":38,"column":34},"end":{"line":51,"column":1}},"line":38},"5":{"name":"(anonymous_5)","decl":{"start":{"line":38,"column":34},"end":{"line":38,"column":35}},"loc":{"start":{"line":38,"column":48},"end":{"line":51,"column":1}},"line":38},"6":{"name":"(anonymous_6)","decl":{"start":{"line":41,"column":10},"end":{"line":41,"column":11}},"loc":{"start":{"line":41,"column":19},"end":{"line":47,"column":5}},"line":41},"7":{"name":"(anonymous_7)","decl":{"start":{"line":48,"column":11},"end":{"line":48,"column":12}},"loc":{"start":{"line":48,"column":20},"end":{"line":50,"column":5}},"line":48},"8":{"name":"(anonymous_8)","decl":{"start":{"line":60,"column":27},"end":{"line":60,"column":28}},"loc":{"start":{"line":60,"column":33},"end":{"line":80,"column":1}},"line":60},"9":{"name":"(anonymous_9)","decl":{"start":{"line":60,"column":33},"end":{"line":60,"column":34}},"loc":{"start":{"line":60,"column":47},"end":{"line":80,"column":1}},"line":60},"10":{"name":"(anonymous_10)","decl":{"start":{"line":67,"column":10},"end":{"line":67,"column":11}},"loc":{"start":{"line":67,"column":19},"end":{"line":73,"column":5}},"line":67},"11":{"name":"(anonymous_11)","decl":{"start":{"line":74,"column":11},"end":{"line":74,"column":12}},"loc":{"start":{"line":74,"column":20},"end":{"line":79,"column":5}},"line":74},"12":{"name":"(anonymous_12)","decl":{"start":{"line":89,"column":16},"end":{"line":89,"column":17}},"loc":{"start":{"line":89,"column":22},"end":{"line":93,"column":1}},"line":89},"13":{"name":"(anonymous_13)","decl":{"start":{"line":89,"column":22},"end":{"line":89,"column":23}},"loc":{"start":{"line":89,"column":36},"end":{"line":93,"column":1}},"line":89},"14":{"name":"(anonymous_14)","decl":{"start":{"line":104,"column":20},"end":{"line":104,"column":21}},"loc":{"start":{"line":104,"column":28},"end":{"line":122,"column":4}},"line":104},"15":{"name":"(anonymous_15)","decl":{"start":{"line":104,"column":28},"end":{"line":104,"column":29}},"loc":{"start":{"line":104,"column":40},"end":{"line":122,"column":4}},"line":104},"16":{"name":"(anonymous_16)","decl":{"start":{"line":110,"column":8},"end":{"line":110,"column":9}},"loc":{"start":{"line":110,"column":17},"end":{"line":116,"column":3}},"line":110},"17":{"name":"(anonymous_17)","decl":{"start":{"line":117,"column":9},"end":{"line":117,"column":10}},"loc":{"start":{"line":117,"column":18},"end":{"line":122,"column":3}},"line":117}},"branchMap":{},"s":{"0":18,"1":2,"2":2,"3":2,"4":2,"5":2,"6":2,"7":2,"8":1,"9":9,"10":10,"11":2,"12":2,"13":2,"14":2,"15":2,"16":2,"17":1,"18":10,"19":0,"20":9,"21":0,"22":0,"23":0,"24":9,"25":1,"26":10,"27":2,"28":2,"29":10,"30":1,"31":9,"32":0,"33":0,"34":0,"35":0,"36":0},"f":{"0":2,"1":2,"2":2,"3":0,"4":2,"5":2,"6":2,"7":0,"8":0,"9":0,"10":0,"11":0,"12":2,"13":2,"14":0,"15":0,"16":0,"17":0},"b":{},"_coverageSchema":"332fd63041d2c1bcb487cc26dd0d5f7d97098a6c","hash":"acb94b98be7f59a53e3a34f90f9dec649b2ac384"}
,"/Users/andeladeveloper/Desktop/Events-Manager-Olusola-Oseni/client/components/AddCenter.js": {"path":"/Users/andeladeveloper/Desktop/Events-Manager-Olusola-Oseni/client/components/AddCenter.js","statementMap":{"0":{"start":{"line":11,"column":4},"end":{"line":11,"column":16}},"1":{"start":{"line":12,"column":4},"end":{"line":16,"column":5}},"2":{"start":{"line":17,"column":4},"end":{"line":17,"column":40}},"3":{"start":{"line":18,"column":4},"end":{"line":18,"column":44}},"4":{"start":{"line":22,"column":4},"end":{"line":24,"column":5}},"5":{"start":{"line":23,"column":6},"end":{"line":23,"column":51}},"6":{"start":{"line":33,"column":31},"end":{"line":33,"column":62}},"7":{"start":{"line":34,"column":4},"end":{"line":36,"column":5}},"8":{"start":{"line":35,"column":6},"end":{"line":35,"column":30}},"9":{"start":{"line":37,"column":4},"end":{"line":37,"column":19}},"10":{"start":{"line":41,"column":4},"end":{"line":45,"column":5}},"11":{"start":{"line":49,"column":4},"end":{"line":49,"column":23}},"12":{"start":{"line":50,"column":4},"end":{"line":50,"column":30}},"13":{"start":{"line":58,"column":8},"end":{"line":58,"column":25}},"14":{"start":{"line":59,"column":22},"end":{"line":59,"column":32}},"15":{"start":{"line":60,"column":24},"end":{"line":60,"column":34}},"16":{"start":{"line":61,"column":4},"end":{"line":75,"column":5}},"17":{"start":{"line":62,"column":6},"end":{"line":74,"column":7}},"18":{"start":{"line":72,"column":17},"end":{"line":72,"column":41}},"19":{"start":{"line":73,"column":17},"end":{"line":73,"column":49}},"20":{"start":{"line":79,"column":20},"end":{"line":79,"column":30}},"21":{"start":{"line":80,"column":23},"end":{"line":80,"column":33}},"22":{"start":{"line":81,"column":4},"end":{"line":206,"column":5}},"23":{"start":{"line":209,"column":0},"end":{"line":212,"column":1}}},"fnMap":{"0":{"name":"(anonymous_0)","decl":{"start":{"line":10,"column":2},"end":{"line":10,"column":3}},"loc":{"start":{"line":10,"column":21},"end":{"line":19,"column":3}},"line":10},"1":{"name":"(anonymous_1)","decl":{"start":{"line":21,"column":2},"end":{"line":21,"column":3}},"loc":{"start":{"line":21,"column":39},"end":{"line":30,"column":3}},"line":21},"2":{"name":"(anonymous_2)","decl":{"start":{"line":32,"column":2},"end":{"line":32,"column":3}},"loc":{"start":{"line":32,"column":12},"end":{"line":38,"column":3}},"line":32},"3":{"name":"(anonymous_3)","decl":{"start":{"line":40,"column":2},"end":{"line":40,"column":3}},"loc":{"start":{"line":40,"column":14},"end":{"line":46,"column":3}},"line":40},"4":{"name":"(anonymous_4)","decl":{"start":{"line":48,"column":2},"end":{"line":48,"column":3}},"loc":{"start":{"line":48,"column":12},"end":{"line":76,"column":3}},"line":48},"5":{"name":"(anonymous_5)","decl":{"start":{"line":72,"column":8},"end":{"line":72,"column":9}},"loc":{"start":{"line":72,"column":17},"end":{"line":72,"column":41}},"line":72},"6":{"name":"(anonymous_6)","decl":{"start":{"line":73,"column":8},"end":{"line":73,"column":9}},"loc":{"start":{"line":73,"column":17},"end":{"line":73,"column":49}},"line":73},"7":{"name":"(anonymous_7)","decl":{"start":{"line":78,"column":2},"end":{"line":78,"column":3}},"loc":{"start":{"line":78,"column":11},"end":{"line":207,"column":3}},"line":78}},"branchMap":{"0":{"loc":{"start":{"line":22,"column":4},"end":{"line":24,"column":5}},"type":"if","locations":[{"start":{"line":22,"column":4},"end":{"line":24,"column":5}},{"start":{"line":22,"column":4},"end":{"line":24,"column":5}}],"line":22},"1":{"loc":{"start":{"line":34,"column":4},"end":{"line":36,"column":5}},"type":"if","locations":[{"start":{"line":34,"column":4},"end":{"line":36,"column":5}},{"start":{"line":34,"column":4},"end":{"line":36,"column":5}}],"line":34},"2":{"loc":{"start":{"line":61,"column":4},"end":{"line":75,"column":5}},"type":"if","locations":[{"start":{"line":61,"column":4},"end":{"line":75,"column":5}},{"start":{"line":61,"column":4},"end":{"line":75,"column":5}}],"line":61},"3":{"loc":{"start":{"line":102,"column":23},"end":{"line":105,"column":30}},"type":"binary-expr","locations":[{"start":{"line":102,"column":23},"end":{"line":102,"column":36}},{"start":{"line":103,"column":24},"end":{"line":105,"column":30}}],"line":102}},"s":{"0":8,"1":8,"2":8,"3":8,"4":0,"5":0,"6":2,"7":2,"8":2,"9":7,"10":7,"11":2,"12":2,"13":1,"14":1,"15":1,"16":13,"17":9,"18":0,"19":0,"20":12,"21":12,"22":12,"23":9},"f":{"0":8,"1":0,"2":2,"3":12,"4":2,"5":0,"6":0,"7":24},"b":{"0":[0,0],"1":[2,0],"2":[0,2],"3":[24,2]},"_coverageSchema":"332fd63041d2c1bcb487cc26dd0d5f7d97098a6c","hash":"e0bd2d1365ad5d921e484f8faf882c66126d3dab"}
,"/Users/andeladeveloper/Desktop/Events-Manager-Olusola-Oseni/client/components/AddCenterModalButton.js": {"path":"/Users/andeladeveloper/Desktop/Events-Manager-Olusola-Oseni/client/components/AddCenterModalButton.js","statementMap":{"0":{"start":{"line":6,"column":4},"end":{"line":12,"column":5}}},"fnMap":{"0":{"name":"(anonymous_0)","decl":{"start":{"line":5,"column":2},"end":{"line":5,"column":3}},"loc":{"start":{"line":5,"column":11},"end":{"line":13,"column":3}},"line":5}},"branchMap":{},"s":{"0":2},"f":{"0":2},"b":{},"_coverageSchema":"332fd63041d2c1bcb487cc26dd0d5f7d97098a6c","hash":"34e06f3a01f872d0e7fe0f87119ec14531964055"}
,"/Users/andeladeveloper/Desktop/Events-Manager-Olusola-Oseni/client/components/AddEvent.js": {"path":"/Users/andeladeveloper/Desktop/Events-Manager-Olusola-Oseni/client/components/AddEvent.js","statementMap":{"0":{"start":{"line":9,"column":4},"end":{"line":9,"column":16}},"1":{"start":{"line":10,"column":4},"end":{"line":15,"column":5}},"2":{"start":{"line":16,"column":4},"end":{"line":16,"column":40}},"3":{"start":{"line":17,"column":4},"end":{"line":17,"column":44}},"4":{"start":{"line":20,"column":4},"end":{"line":22,"column":5}},"5":{"start":{"line":21,"column":6},"end":{"line":21,"column":68}},"6":{"start":{"line":23,"column":4},"end":{"line":27,"column":5}},"7":{"start":{"line":24,"column":6},"end":{"line":26,"column":8}},"8":{"start":{"line":31,"column":31},"end":{"line":31,"column":61}},"9":{"start":{"line":32,"column":4},"end":{"line":34,"column":5}},"10":{"start":{"line":33,"column":6},"end":{"line":33,"column":30}},"11":{"start":{"line":35,"column":4},"end":{"line":35,"column":19}},"12":{"start":{"line":39,"column":4},"end":{"line":43,"column":5}},"13":{"start":{"line":47,"column":4},"end":{"line":47,"column":23}},"14":{"start":{"line":48,"column":4},"end":{"line":48,"column":30}},"15":{"start":{"line":49,"column":57},"end":{"line":49,"column":73}},"16":{"start":{"line":50,"column":4},"end":{"line":65,"column":5}},"17":{"start":{"line":51,"column":6},"end":{"line":64,"column":8}},"18":{"start":{"line":59,"column":10},"end":{"line":63,"column":11}},"19":{"start":{"line":60,"column":12},"end":{"line":60,"column":63}},"20":{"start":{"line":62,"column":13},"end":{"line":62,"column":77}},"21":{"start":{"line":68,"column":32},"end":{"line":68,"column":42}},"22":{"start":{"line":69,"column":4},"end":{"line":157,"column":5}},"23":{"start":{"line":107,"column":61},"end":{"line":107,"column":156}}},"fnMap":{"0":{"name":"(anonymous_0)","decl":{"start":{"line":8,"column":2},"end":{"line":8,"column":3}},"loc":{"start":{"line":8,"column":21},"end":{"line":18,"column":3}},"line":8},"1":{"name":"(anonymous_1)","decl":{"start":{"line":19,"column":2},"end":{"line":19,"column":3}},"loc":{"start":{"line":19,"column":39},"end":{"line":28,"column":3}},"line":19},"2":{"name":"(anonymous_2)","decl":{"start":{"line":30,"column":2},"end":{"line":30,"column":3}},"loc":{"start":{"line":30,"column":12},"end":{"line":36,"column":3}},"line":30},"3":{"name":"(anonymous_3)","decl":{"start":{"line":38,"column":2},"end":{"line":38,"column":3}},"loc":{"start":{"line":38,"column":14},"end":{"line":44,"column":3}},"line":38},"4":{"name":"(anonymous_4)","decl":{"start":{"line":46,"column":2},"end":{"line":46,"column":3}},"loc":{"start":{"line":46,"column":12},"end":{"line":66,"column":3}},"line":46},"5":{"name":"(anonymous_5)","decl":{"start":{"line":58,"column":12},"end":{"line":58,"column":13}},"loc":{"start":{"line":58,"column":18},"end":{"line":64,"column":7}},"line":58},"6":{"name":"(anonymous_6)","decl":{"start":{"line":67,"column":2},"end":{"line":67,"column":3}},"loc":{"start":{"line":67,"column":11},"end":{"line":158,"column":3}},"line":67},"7":{"name":"(anonymous_7)","decl":{"start":{"line":107,"column":51},"end":{"line":107,"column":52}},"loc":{"start":{"line":107,"column":61},"end":{"line":107,"column":156}},"line":107}},"branchMap":{"0":{"loc":{"start":{"line":20,"column":4},"end":{"line":22,"column":5}},"type":"if","locations":[{"start":{"line":20,"column":4},"end":{"line":22,"column":5}},{"start":{"line":20,"column":4},"end":{"line":22,"column":5}}],"line":20},"1":{"loc":{"start":{"line":23,"column":4},"end":{"line":27,"column":5}},"type":"if","locations":[{"start":{"line":23,"column":4},"end":{"line":27,"column":5}},{"start":{"line":23,"column":4},"end":{"line":27,"column":5}}],"line":23},"2":{"loc":{"start":{"line":32,"column":4},"end":{"line":34,"column":5}},"type":"if","locations":[{"start":{"line":32,"column":4},"end":{"line":34,"column":5}},{"start":{"line":32,"column":4},"end":{"line":34,"column":5}}],"line":32},"3":{"loc":{"start":{"line":50,"column":4},"end":{"line":65,"column":5}},"type":"if","locations":[{"start":{"line":50,"column":4},"end":{"line":65,"column":5}},{"start":{"line":50,"column":4},"end":{"line":65,"column":5}}],"line":50},"4":{"loc":{"start":{"line":59,"column":10},"end":{"line":63,"column":11}},"type":"if","locations":[{"start":{"line":59,"column":10},"end":{"line":63,"column":11}},{"start":{"line":59,"column":10},"end":{"line":63,"column":11}}],"line":59},"5":{"loc":{"start":{"line":88,"column":23},"end":{"line":88,"column":97}},"type":"binary-expr","locations":[{"start":{"line":88,"column":23},"end":{"line":88,"column":36}},{"start":{"line":88,"column":40},"end":{"line":88,"column":97}}],"line":88},"6":{"loc":{"start":{"line":107,"column":105},"end":{"line":107,"column":145}},"type":"cond-expr","locations":[{"start":{"line":107,"column":116},"end":{"line":107,"column":141}},{"start":{"line":107,"column":143},"end":{"line":107,"column":145}}],"line":107}},"s":{"0":2,"1":2,"2":2,"3":2,"4":0,"5":0,"6":0,"7":0,"8":0,"9":0,"10":0,"11":0,"12":0,"13":0,"14":0,"15":0,"16":0,"17":0,"18":0,"19":1,"20":0,"21":1,"22":1,"23":0},"f":{"0":2,"1":0,"2":0,"3":0,"4":0,"5":0,"6":2,"7":0},"b":{"0":[0,0],"1":[0,0],"2":[0,0],"3":[0,0],"4":[0,0],"5":[2,0],"6":[0,0]},"_coverageSchema":"332fd63041d2c1bcb487cc26dd0d5f7d97098a6c","hash":"83a87c2b085ba9f9ff0eaf31d2b428bee9dfa170"}
,"/Users/andeladeveloper/Desktop/Events-Manager-Olusola-Oseni/client/components/AddEventModalButton.js": {"path":"/Users/andeladeveloper/Desktop/Events-Manager-Olusola-Oseni/client/components/AddEventModalButton.js","statementMap":{"0":{"start":{"line":6,"column":4},"end":{"line":12,"column":5}}},"fnMap":{"0":{"name":"(anonymous_0)","decl":{"start":{"line":5,"column":2},"end":{"line":5,"column":3}},"loc":{"start":{"line":5,"column":11},"end":{"line":13,"column":3}},"line":5}},"branchMap":{},"s":{"0":2},"f":{"0":2},"b":{},"_coverageSchema":"332fd63041d2c1bcb487cc26dd0d5f7d97098a6c","hash":"93a7e6590a184a0c6b1aa4cd2e4f669e257c21f7"}
,"/Users/andeladeveloper/Desktop/Events-Manager-Olusola-Oseni/client/components/AdminCenter.js": {"path":"/Users/andeladeveloper/Desktop/Events-Manager-Olusola-Oseni/client/components/AdminCenter.js","statementMap":{"0":{"start":{"line":10,"column":4},"end":{"line":10,"column":17}},"1":{"start":{"line":14,"column":16},"end":{"line":14,"column":54}},"2":{"start":{"line":15,"column":4},"end":{"line":23,"column":5}},"3":{"start":{"line":16,"column":25},"end":{"line":16,"column":41}},"4":{"start":{"line":17,"column":20},"end":{"line":17,"column":40}},"5":{"start":{"line":18,"column":17},"end":{"line":18,"column":38}},"6":{"start":{"line":20,"column":6},"end":{"line":22,"column":7}},"7":{"start":{"line":21,"column":6},"end":{"line":21,"column":25}},"8":{"start":{"line":26,"column":24},"end":{"line":26,"column":34}},"9":{"start":{"line":27,"column":4},"end":{"line":91,"column":5}}},"fnMap":{"0":{"name":"(anonymous_0)","decl":{"start":{"line":9,"column":2},"end":{"line":9,"column":3}},"loc":{"start":{"line":9,"column":21},"end":{"line":11,"column":3}},"line":9},"1":{"name":"(anonymous_1)","decl":{"start":{"line":13,"column":2},"end":{"line":13,"column":3}},"loc":{"start":{"line":13,"column":23},"end":{"line":24,"column":3}},"line":13},"2":{"name":"(anonymous_2)","decl":{"start":{"line":25,"column":2},"end":{"line":25,"column":3}},"loc":{"start":{"line":25,"column":12},"end":{"line":92,"column":3}},"line":25}},"branchMap":{"0":{"loc":{"start":{"line":15,"column":4},"end":{"line":23,"column":5}},"type":"if","locations":[{"start":{"line":15,"column":4},"end":{"line":23,"column":5}},{"start":{"line":15,"column":4},"end":{"line":23,"column":5}}],"line":15},"1":{"loc":{"start":{"line":20,"column":6},"end":{"line":22,"column":7}},"type":"if","locations":[{"start":{"line":20,"column":6},"end":{"line":22,"column":7}},{"start":{"line":20,"column":6},"end":{"line":22,"column":7}}],"line":20},"2":{"loc":{"start":{"line":66,"column":11},"end":{"line":80,"column":18}},"type":"binary-expr","locations":[{"start":{"line":66,"column":11},"end":{"line":66,"column":23}},{"start":{"line":67,"column":12},"end":{"line":80,"column":18}}],"line":66}},"s":{"0":0,"1":0,"2":0,"3":0,"4":0,"5":0,"6":0,"7":0,"8":0,"9":0},"f":{"0":0,"1":0,"2":0},"b":{"0":[0,0],"1":[0,0],"2":[0,0]},"_coverageSchema":"332fd63041d2c1bcb487cc26dd0d5f7d97098a6c","hash":"4b7c2b91fe0a205dcaeb08d50a97d65299cd8500"}
,"/Users/andeladeveloper/Desktop/Events-Manager-Olusola-Oseni/client/components/AdminCenterDetail.js": {"path":"/Users/andeladeveloper/Desktop/Events-Manager-Olusola-Oseni/client/components/AdminCenterDetail.js","statementMap":{"0":{"start":{"line":12,"column":4},"end":{"line":12,"column":17}},"1":{"start":{"line":16,"column":45},"end":{"line":16,"column":55}},"2":{"start":{"line":17,"column":23},"end":{"line":17,"column":40}},"3":{"start":{"line":19,"column":4},"end":{"line":81,"column":5}}},"fnMap":{"0":{"name":"(anonymous_0)","decl":{"start":{"line":11,"column":2},"end":{"line":11,"column":3}},"loc":{"start":{"line":11,"column":21},"end":{"line":13,"column":3}},"line":11},"1":{"name":"(anonymous_1)","decl":{"start":{"line":15,"column":2},"end":{"line":15,"column":3}},"loc":{"start":{"line":15,"column":12},"end":{"line":82,"column":3}},"line":15}},"branchMap":{"0":{"loc":{"start":{"line":41,"column":24},"end":{"line":41,"column":83}},"type":"cond-expr","locations":[{"start":{"line":41,"column":52},"end":{"line":41,"column":56}},{"start":{"line":41,"column":58},"end":{"line":41,"column":83}}],"line":41}},"s":{"0":0,"1":0,"2":0,"3":0},"f":{"0":0,"1":0},"b":{"0":[0,0]},"_coverageSchema":"332fd63041d2c1bcb487cc26dd0d5f7d97098a6c","hash":"693c1c9290b31b262d0006ad68ec08a358fedf1c"}
,"/Users/andeladeveloper/Desktop/Events-Manager-Olusola-Oseni/client/components/AdminCenterDetails.js": {"path":"/Users/andeladeveloper/Desktop/Events-Manager-Olusola-Oseni/client/components/AdminCenterDetails.js","statementMap":{"0":{"start":{"line":12,"column":4},"end":{"line":12,"column":17}},"1":{"start":{"line":13,"column":4},"end":{"line":15,"column":5}},"2":{"start":{"line":18,"column":13},"end":{"line":18,"column":39}},"3":{"start":{"line":19,"column":4},"end":{"line":19,"column":32}},"4":{"start":{"line":23,"column":4},"end":{"line":27,"column":5}},"5":{"start":{"line":24,"column":6},"end":{"line":26,"column":8}},"6":{"start":{"line":30,"column":23},"end":{"line":30,"column":33}},"7":{"start":{"line":31,"column":46},"end":{"line":31,"column":56}},"8":{"start":{"line":32,"column":19},"end":{"line":32,"column":42}},"9":{"start":{"line":34,"column":4},"end":{"line":44,"column":5}},"10":{"start":{"line":47,"column":0},"end":{"line":49,"column":1}},"11":{"start":{"line":50,"column":24},"end":{"line":52,"column":2}},"12":{"start":{"line":50,"column":34},"end":{"line":52,"column":1}},"13":{"start":{"line":54,"column":27},"end":{"line":54,"column":82}},"14":{"start":{"line":54,"column":39},"end":{"line":54,"column":82}}},"fnMap":{"0":{"name":"(anonymous_0)","decl":{"start":{"line":11,"column":2},"end":{"line":11,"column":3}},"loc":{"start":{"line":11,"column":21},"end":{"line":16,"column":3}},"line":11},"1":{"name":"(anonymous_1)","decl":{"start":{"line":17,"column":2},"end":{"line":17,"column":3}},"loc":{"start":{"line":17,"column":23},"end":{"line":20,"column":3}},"line":17},"2":{"name":"(anonymous_2)","decl":{"start":{"line":22,"column":2},"end":{"line":22,"column":3}},"loc":{"start":{"line":22,"column":38},"end":{"line":28,"column":3}},"line":22},"3":{"name":"(anonymous_3)","decl":{"start":{"line":29,"column":2},"end":{"line":29,"column":3}},"loc":{"start":{"line":29,"column":12},"end":{"line":45,"column":3}},"line":29},"4":{"name":"(anonymous_4)","decl":{"start":{"line":50,"column":24},"end":{"line":50,"column":25}},"loc":{"start":{"line":50,"column":34},"end":{"line":52,"column":1}},"line":50},"5":{"name":"(anonymous_5)","decl":{"start":{"line":54,"column":27},"end":{"line":54,"column":28}},"loc":{"start":{"line":54,"column":39},"end":{"line":54,"column":82}},"line":54}},"branchMap":{"0":{"loc":{"start":{"line":23,"column":4},"end":{"line":27,"column":5}},"type":"if","locations":[{"start":{"line":23,"column":4},"end":{"line":27,"column":5}},{"start":{"line":23,"column":4},"end":{"line":27,"column":5}}],"line":23},"1":{"loc":{"start":{"line":36,"column":9},"end":{"line":41,"column":12}},"type":"binary-expr","locations":[{"start":{"line":36,"column":9},"end":{"line":36,"column":22}},{"start":{"line":37,"column":10},"end":{"line":41,"column":12}}],"line":36}},"s":{"0":0,"1":0,"2":0,"3":0,"4":0,"5":0,"6":8,"7":8,"8":0,"9":8,"10":8,"11":8,"12":0,"13":8,"14":0},"f":{"0":0,"1":0,"2":0,"3":0,"4":0,"5":0},"b":{"0":[0,0],"1":[0,0]},"_coverageSchema":"332fd63041d2c1bcb487cc26dd0d5f7d97098a6c","hash":"c5a0e5721ff0415d6be8faf24a352f51972ea44d"}
,"/Users/andeladeveloper/Desktop/Events-Manager-Olusola-Oseni/client/components/AdminCenterEvents.js": {"path":"/Users/andeladeveloper/Desktop/Events-Manager-Olusola-Oseni/client/components/AdminCenterEvents.js","statementMap":{"0":{"start":{"line":6,"column":4},"end":{"line":6,"column":17}},"1":{"start":{"line":10,"column":21},"end":{"line":10,"column":31}},"2":{"start":{"line":11,"column":4},"end":{"line":36,"column":5}},"3":{"start":{"line":28,"column":72},"end":{"line":28,"column":136}}},"fnMap":{"0":{"name":"(anonymous_0)","decl":{"start":{"line":5,"column":2},"end":{"line":5,"column":3}},"loc":{"start":{"line":5,"column":21},"end":{"line":7,"column":3}},"line":5},"1":{"name":"(anonymous_1)","decl":{"start":{"line":9,"column":2},"end":{"line":9,"column":3}},"loc":{"start":{"line":9,"column":12},"end":{"line":37,"column":3}},"line":9},"2":{"name":"(anonymous_2)","decl":{"start":{"line":28,"column":58},"end":{"line":28,"column":59}},"loc":{"start":{"line":28,"column":72},"end":{"line":28,"column":136}},"line":28}},"branchMap":{"0":{"loc":{"start":{"line":28,"column":18},"end":{"line":28,"column":137}},"type":"cond-expr","locations":[{"start":{"line":28,"column":41},"end":{"line":28,"column":45}},{"start":{"line":28,"column":47},"end":{"line":28,"column":137}}],"line":28}},"s":{"0":0,"1":0,"2":0,"3":0},"f":{"0":0,"1":0,"2":0},"b":{"0":[0,0]},"_coverageSchema":"332fd63041d2c1bcb487cc26dd0d5f7d97098a6c","hash":"d64b0cb4b3dd212291d013213b65b18267213bed"}
,"/Users/andeladeveloper/Desktop/Events-Manager-Olusola-Oseni/client/components/AdminCenterEventsTable.js": {"path":"/Users/andeladeveloper/Desktop/Events-Manager-Olusola-Oseni/client/components/AdminCenterEventsTable.js","statementMap":{"0":{"start":{"line":5,"column":4},"end":{"line":5,"column":17}},"1":{"start":{"line":9,"column":23},"end":{"line":9,"column":33}},"2":{"start":{"line":10,"column":4},"end":{"line":18,"column":5}}},"fnMap":{"0":{"name":"(anonymous_0)","decl":{"start":{"line":4,"column":2},"end":{"line":4,"column":3}},"loc":{"start":{"line":4,"column":21},"end":{"line":6,"column":3}},"line":4},"1":{"name":"(anonymous_1)","decl":{"start":{"line":8,"column":2},"end":{"line":8,"column":3}},"loc":{"start":{"line":8,"column":12},"end":{"line":19,"column":3}},"line":8}},"branchMap":{},"s":{"0":0,"1":0,"2":0},"f":{"0":0,"1":0},"b":{},"_coverageSchema":"332fd63041d2c1bcb487cc26dd0d5f7d97098a6c","hash":"ad2bc0ecf8687e12edaca067ef2a0c9ec974e891"}
[...]
77,"column":10}},"32":{"start":{"line":182,"column":12},"end":{"line":182,"column":31}},"33":{"start":{"line":183,"column":36},"end":{"line":183,"column":50}},"34":{"start":{"line":184,"column":8},"end":{"line":207,"column":10}},"35":{"start":{"line":188,"column":14},"end":{"line":190,"column":15}},"36":{"start":{"line":189,"column":16},"end":{"line":189,"column":28}},"37":{"start":{"line":191,"column":14},"end":{"line":201,"column":16}},"38":{"start":{"line":212,"column":12},"end":{"line":212,"column":26}},"39":{"start":{"line":213,"column":8},"end":{"line":217,"column":10}},"40":{"start":{"line":220,"column":8},"end":{"line":222,"column":10}},"41":{"start":{"line":227,"column":12},"end":{"line":227,"column":31}},"42":{"start":{"line":228,"column":36},"end":{"line":228,"column":50}},"43":{"start":{"line":229,"column":8},"end":{"line":234,"column":10}},"44":{"start":{"line":239,"column":12},"end":{"line":239,"column":26}},"45":{"start":{"line":240,"column":8},"end":{"line":244,"column":10}},"46":{"start":{"line":247,"column":8},"end":{"line":247,"column":21}}},"fnMap":{"0":{"name":"(anonymous_0)","decl":{"start":{"line":15,"column":2},"end":{"line":15,"column":3}},"loc":{"start":{"line":22,"column":13},"end":{"line":250,"column":3}},"line":22},"1":{"name":"(anonymous_1)","decl":{"start":{"line":158,"column":36},"end":{"line":158,"column":37}},"loc":{"start":{"line":158,"column":46},"end":{"line":158,"column":69}},"line":158},"2":{"name":"(anonymous_2)","decl":{"start":{"line":187,"column":33},"end":{"line":187,"column":34}},"loc":{"start":{"line":187,"column":43},"end":{"line":202,"column":13}},"line":187}},"branchMap":{"0":{"loc":{"start":{"line":15,"column":22},"end":{"line":22,"column":3}},"type":"default-arg","locations":[{"start":{"line":15,"column":30},"end":{"line":22,"column":3}}],"line":15},"1":{"loc":{"start":{"line":23,"column":4},"end":{"line":249,"column":5}},"type":"switch","locations":[{"start":{"line":24,"column":6},"end":{"line":28,"column":7}},{"start":{"line":29,"column":6},"end":{"line":42,"column":7}},{"start":{"line":43,"column":6},"end":{"line":52,"column":7}},{"start":{"line":53,"column":6},"end":{"line":57,"column":7}},{"start":{"line":58,"column":6},"end":{"line":69,"column":7}},{"start":{"line":70,"column":6},"end":{"line":79,"column":7}},{"start":{"line":80,"column":6},"end":{"line":84,"column":7}},{"start":{"line":85,"column":6},"end":{"line":98,"column":7}},{"start":{"line":99,"column":6},"end":{"line":108,"column":7}},{"start":{"line":109,"column":6},"end":{"line":113,"column":7}},{"start":{"line":114,"column":6},"end":{"line":138,"column":7}},{"start":{"line":139,"column":6},"end":{"line":145,"column":7}},{"start":{"line":146,"column":6},"end":{"line":150,"column":7}},{"start":{"line":151,"column":6},"end":{"line":163,"column":7}},{"start":{"line":164,"column":6},"end":{"line":173,"column":7}},{"start":{"line":174,"column":6},"end":{"line":178,"column":7}},{"start":{"line":179,"column":6},"end":{"line":208,"column":7}},{"start":{"line":209,"column":6},"end":{"line":218,"column":7}},{"start":{"line":219,"column":6},"end":{"line":223,"column":7}},{"start":{"line":224,"column":6},"end":{"line":235,"column":7}},{"start":{"line":236,"column":6},"end":{"line":245,"column":7}},{"start":{"line":246,"column":6},"end":{"line":248,"column":7}}],"line":23},"2":{"loc":{"start":{"line":188,"column":14},"end":{"line":190,"column":15}},"type":"if","locations":[{"start":{"line":188,"column":14},"end":{"line":190,"column":15}},{"start":{"line":188,"column":14},"end":{"line":190,"column":15}}],"line":188}},"s":{"0":70,"1":0,"2":0,"3":0,"4":1,"5":1,"6":1,"7":2,"8":2,"9":2,"10":2,"11":2,"12":2,"13":2,"14":2,"15":2,"16":2,"17":2,"18":2,"19":2,"20":1,"21":2,"22":2,"23":1,"24":2,"25":1,"26":20,"27":1,"28":1,"29":1,"30":1,"31":1,"32":1,"33":1,"34":1,"35":1,"36":0,"37":1,"38":1,"39":1,"40":0,"41":1,"42":1,"43":1,"44":0,"45":0,"46":19},"f":{"0":70,"1":2,"2":2},"b":{"0":[38],"1":[0,0,0,2,2,2,2,2,2,2,2,2,2,2,2,2,2,2,0,2,0,38],"2":[0,2]},"_coverageSchema":"332fd63041d2c1bcb487cc26dd0d5f7d97098a6c","hash":"a213309860066fac54dd9bbbde2ad9ce6185bcc6"}
,"/Users/andeladeveloper/Desktop/Events-Manager-Olusola-Oseni/client/reducers/EventReducer.js": {"path":"/Users/andeladeveloper/Desktop/Events-Manager-Olusola-Oseni/client/reducers/EventReducer.js","statementMap":{"0":{"start":{"line":21,"column":4},"end":{"line":163,"column":5}},"1":{"start":{"line":23,"column":8},"end":{"line":25,"column":10}},"2":{"start":{"line":30,"column":12},"end":{"line":30,"column":31}},"3":{"start":{"line":31,"column":36},"end":{"line":31,"column":50}},"4":{"start":{"line":32,"column":8},"end":{"line":39,"column":10}},"5":{"start":{"line":44,"column":12},"end":{"line":44,"column":26}},"6":{"start":{"line":45,"column":8},"end":{"line":49,"column":10}},"7":{"start":{"line":52,"column":8},"end":{"line":54,"column":10}},"8":{"start":{"line":59,"column":12},"end":{"line":59,"column":31}},"9":{"start":{"line":60,"column":36},"end":{"line":60,"column":50}},"10":{"start":{"line":61,"column":8},"end":{"line":76,"column":10}},"11":{"start":{"line":81,"column":12},"end":{"line":81,"column":26}},"12":{"start":{"line":82,"column":8},"end":{"line":88,"column":10}},"13":{"start":{"line":91,"column":8},"end":{"line":93,"column":10}},"14":{"start":{"line":98,"column":12},"end":{"line":98,"column":26}},"15":{"start":{"line":99,"column":8},"end":{"line":106,"column":10}},"16":{"start":{"line":102,"column":44},"end":{"line":102,"column":66}},"17":{"start":{"line":111,"column":12},"end":{"line":111,"column":26}},"18":{"start":{"line":112,"column":8},"end":{"line":116,"column":10}},"19":{"start":{"line":119,"column":8},"end":{"line":121,"column":10}},"20":{"start":{"line":126,"column":12},"end":{"line":126,"column":31}},"21":{"start":{"line":127,"column":36},"end":{"line":127,"column":50}},"22":{"start":{"line":128,"column":8},"end":{"line":148,"column":10}},"23":{"start":{"line":132,"column":14},"end":{"line":134,"column":15}},"24":{"start":{"line":133,"column":16},"end":{"line":133,"column":28}},"25":{"start":{"line":135,"column":14},"end":{"line":142,"column":16}},"26":{"start":{"line":153,"column":12},"end":{"line":153,"column":26}},"27":{"start":{"line":154,"column":8},"end":{"line":158,"column":10}},"28":{"start":{"line":161,"column":8},"end":{"line":161,"column":21}}},"fnMap":{"0":{"name":"(anonymous_0)","decl":{"start":{"line":15,"column":2},"end":{"line":15,"column":3}},"loc":{"start":{"line":20,"column":13},"end":{"line":164,"column":3}},"line":20},"1":{"name":"(anonymous_1)","decl":{"start":{"line":102,"column":35},"end":{"line":102,"column":36}},"loc":{"start":{"line":102,"column":44},"end":{"line":102,"column":66}},"line":102},"2":{"name":"(anonymous_2)","decl":{"start":{"line":131,"column":32},"end":{"line":131,"column":33}},"loc":{"start":{"line":131,"column":42},"end":{"line":143,"column":13}},"line":131}},"branchMap":{"0":{"loc":{"start":{"line":15,"column":20},"end":{"line":20,"column":3}},"type":"default-arg","locations":[{"start":{"line":15,"column":28},"end":{"line":20,"column":3}}],"line":15},"1":{"loc":{"start":{"line":21,"column":4},"end":{"line":163,"column":5}},"type":"switch","locations":[{"start":{"line":22,"column":6},"end":{"line":26,"column":7}},{"start":{"line":27,"column":6},"end":{"line":40,"column":7}},{"start":{"line":41,"column":6},"end":{"line":50,"column":7}},{"start":{"line":51,"column":6},"end":{"line":55,"column":7}},{"start":{"line":56,"column":6},"end":{"line":77,"column":7}},{"start":{"line":78,"column":6},"end":{"line":89,"column":7}},{"start":{"line":90,"column":6},"end":{"line":94,"column":7}},{"start":{"line":95,"column":6},"end":{"line":107,"column":7}},{"start":{"line":108,"column":6},"end":{"line":117,"column":7}},{"start":{"line":118,"column":6},"end":{"line":122,"column":7}},{"start":{"line":123,"column":6},"end":{"line":149,"column":7}},{"start":{"line":150,"column":6},"end":{"line":159,"column":7}},{"start":{"line":160,"column":6},"end":{"line":162,"column":7}}],"line":21},"2":{"loc":{"start":{"line":132,"column":14},"end":{"line":134,"column":15}},"type":"if","locations":[{"start":{"line":132,"column":14},"end":{"line":134,"column":15}},{"start":{"line":132,"column":14},"end":{"line":134,"column":15}}],"line":132}},"s":{"0":56,"1":0,"2":2,"3":2,"4":2,"5":2,"6":2,"7":2,"8":2,"9":2,"10":2,"11":1,"12":1,"13":1,"14":1,"15":1,"16":1,"17":21,"18":1,"19":0,"20":0,"21":0,"22":0,"23":0,"24":0,"25":0,"26":0,"27":0,"28":20},"f":{"0":56,"1":2,"2":0},"b":{"0":[38],"1":[0,2,2,2,2,2,2,2,2,0,0,0,40],"2":[0,0]},"_coverageSchema":"332fd63041d2c1bcb487cc26dd0d5f7d97098a6c","hash":"65e6e3b128f0b6f862815da4901eebba53bb020f"}
,"/Users/andeladeveloper/Desktop/Events-Manager-Olusola-Oseni/client/reducers/FlashMessageReducer.js": {"path":"/Users/andeladeveloper/Desktop/Events-Manager-Olusola-Oseni/client/reducers/FlashMessageReducer.js","statementMap":{"0":{"start":{"line":2,"column":2},"end":{"line":19,"column":3}},"1":{"start":{"line":4,"column":6},"end":{"line":11,"column":8}},"2":{"start":{"line":13,"column":6},"end":{"line":15,"column":8}},"3":{"start":{"line":14,"column":35},"end":{"line":14,"column":59}},"4":{"start":{"line":17,"column":6},"end":{"line":17,"column":19}}},"fnMap":{"0":{"name":"(anonymous_0)","decl":{"start":{"line":1,"column":15},"end":{"line":1,"column":16}},"loc":{"start":{"line":1,"column":44},"end":{"line":20,"column":1}},"line":1},"1":{"name":"(anonymous_1)","decl":{"start":{"line":14,"column":24},"end":{"line":14,"column":25}},"loc":{"start":{"line":14,"column":35},"end":{"line":14,"column":59}},"line":14}},"branchMap":{"0":{"loc":{"start":{"line":1,"column":16},"end":{"line":1,"column":26}},"type":"default-arg","locations":[{"start":{"line":1,"column":24},"end":{"line":1,"column":26}}],"line":1},"1":{"loc":{"start":{"line":1,"column":28},"end":{"line":1,"column":39}},"type":"default-arg","locations":[{"start":{"line":1,"column":37},"end":{"line":1,"column":39}}],"line":1},"2":{"loc":{"start":{"line":2,"column":2},"end":{"line":19,"column":3}},"type":"switch","locations":[{"start":{"line":3,"column":4},"end":{"line":11,"column":8}},{"start":{"line":12,"column":4},"end":{"line":15,"column":8}},{"start":{"line":16,"column":4},"end":{"line":18,"column":5}}],"line":2}},"s":{"0":42,"1":2,"2":2,"3":2,"4":38},"f":{"0":42,"1":2},"b":{"0":[38],"1":[0],"2":[2,2,38]},"_coverageSchema":"332fd63041d2c1bcb487cc26dd0d5f7d97098a6c","hash":"909d61a651f06d4822963f032b00dc45df459280"}
,"/Users/andeladeveloper/Desktop/Events-Manager-Olusola-Oseni/client/reducers/ImageReducer.js": {"path":"/Users/andeladeveloper/Desktop/Events-Manager-Olusola-Oseni/client/reducers/ImageReducer.js","statementMap":{"0":{"start":{"line":2,"column":2},"end":{"line":20,"column":3}},"1":{"start":{"line":4,"column":6},"end":{"line":6,"column":8}},"2":{"start":{"line":8,"column":6},"end":{"line":11,"column":8}},"3":{"start":{"line":13,"column":6},"end":{"line":16,"column":8}},"4":{"start":{"line":18,"column":6},"end":{"line":18,"column":19}}},"fnMap":{"0":{"name":"(anonymous_0)","decl":{"start":{"line":1,"column":15},"end":{"line":1,"column":16}},"loc":{"start":{"line":1,"column":44},"end":{"line":21,"column":1}},"line":1}},"branchMap":{"0":{"loc":{"start":{"line":1,"column":16},"end":{"line":1,"column":26}},"type":"default-arg","locations":[{"start":{"line":1,"column":24},"end":{"line":1,"column":26}}],"line":1},"1":{"loc":{"start":{"line":1,"column":28},"end":{"line":1,"column":39}},"type":"default-arg","locations":[{"start":{"line":1,"column":37},"end":{"line":1,"column":39}}],"line":1},"2":{"loc":{"start":{"line":2,"column":2},"end":{"line":20,"column":3}},"type":"switch","locations":[{"start":{"line":3,"column":4},"end":{"line":6,"column":8}},{"start":{"line":7,"column":4},"end":{"line":11,"column":8}},{"start":{"line":12,"column":4},"end":{"line":16,"column":8}},{"start":{"line":17,"column":4},"end":{"line":19,"column":5}}],"line":2}},"s":{"0":42,"1":2,"2":2,"3":0,"4":38},"f":{"0":42},"b":{"0":[38],"1":[0],"2":[2,2,0,38]},"_coverageSchema":"332fd63041d2c1bcb487cc26dd0d5f7d97098a6c","hash":"c3342c5c4ace15b4ed9cd0982bc32ed2d14c0f78"}
,"/Users/andeladeveloper/Desktop/Events-Manager-Olusola-Oseni/client/reducers/UserReducer.js": {"path":"/Users/andeladeveloper/Desktop/Events-Manager-Olusola-Oseni/client/reducers/UserReducer.js","statementMap":{"0":{"start":{"line":17,"column":4},"end":{"line":142,"column":5}},"1":{"start":{"line":19,"column":8},"end":{"line":21,"column":10}},"2":{"start":{"line":26,"column":12},"end":{"line":26,"column":31}},"3":{"start":{"line":27,"column":36},"end":{"line":27,"column":50}},"4":{"start":{"line":28,"column":8},"end":{"line":37,"column":10}},"5":{"start":{"line":40,"column":22},"end":{"line":40,"column":36}},"6":{"start":{"line":41,"column":8},"end":{"line":44,"column":10}},"7":{"start":{"line":47,"column":8},"end":{"line":49,"column":10}},"8":{"start":{"line":52,"column":26},"end":{"line":52,"column":45}},"9":{"start":{"line":53,"column":36},"end":{"line":53,"column":50}},"10":{"start":{"line":54,"column":8},"end":{"line":59,"column":10}},"11":{"start":{"line":62,"column":22},"end":{"line":62,"column":36}},"12":{"start":{"line":63,"column":8},"end":{"line":66,"column":10}},"13":{"start":{"line":69,"column":8},"end":{"line":71,"column":10}},"14":{"start":{"line":76,"column":12},"end":{"line":76,"column":31}},"15":{"start":{"line":77,"column":36},"end":{"line":77,"column":50}},"16":{"start":{"line":78,"column":8},"end":{"line":85,"column":10}},"17":{"start":{"line":90,"column":12},"end":{"line":90,"column":26}},"18":{"start":{"line":91,"column":8},"end":{"line":95,"column":10}},"19":{"start":{"line":98,"column":8},"end":{"line":100,"column":10}},"20":{"start":{"line":103,"column":36},"end":{"line":103,"column":50}},"21":{"start":{"line":107,"column":14},"end":{"line":107,"column":33}},"22":{"start":{"line":108,"column":8},"end":{"line":127,"column":10}},"23":{"start":{"line":112,"column":14},"end":{"line":114,"column":15}},"24":{"start":{"line":113,"column":16},"end":{"line":113,"column":28}},"25":{"start":{"line":115,"column":14},"end":{"line":122,"column":16}},"26":{"start":{"line":132,"column":12},"end":{"line":132,"column":26}},"27":{"start":{"line":133,"column":8},"end":{"line":137,"column":10}},"28":{"start":{"line":140,"column":8},"end":{"line":140,"column":21}}},"fnMap":{"0":{"name":"(anonymous_0)","decl":{"start":{"line":16,"column":2},"end":{"line":16,"column":3}},"loc":{"start":{"line":16,"column":34},"end":{"line":143,"column":3}},"line":16},"1":{"name":"(anonymous_1)","decl":{"start":{"line":111,"column":31},"end":{"line":111,"column":32}},"loc":{"start":{"line":111,"column":41},"end":{"line":123,"column":13}},"line":111}},"branchMap":{"0":{"loc":{"start":{"line":16,"column":14},"end":{"line":16,"column":24}},"type":"default-arg","locations":[{"start":{"line":16,"column":22},"end":{"line":16,"column":24}}],"line":16},"1":{"loc":{"start":{"line":17,"column":4},"end":{"line":142,"column":5}},"type":"switch","locations":[{"start":{"line":18,"column":6},"end":{"line":22,"column":7}},{"start":{"line":23,"column":6},"end":{"line":38,"column":7}},{"start":{"line":39,"column":6},"end":{"line":45,"column":7}},{"start":{"line":46,"column":6},"end":{"line":50,"column":7}},{"start":{"line":51,"column":6},"end":{"line":60,"column":7}},{"start":{"line":61,"column":6},"end":{"line":67,"column":7}},{"start":{"line":68,"column":6},"end":{"line":72,"column":7}},{"start":{"line":73,"column":6},"end":{"line":86,"column":7}},{"start":{"line":87,"column":6},"end":{"line":96,"column":7}},{"start":{"line":97,"column":6},"end":{"line":101,"column":7}},{"start":{"line":102,"column":6},"end":{"line":128,"column":7}},{"start":{"line":129,"column":6},"end":{"line":138,"column":7}},{"start":{"line":139,"column":6},"end":{"line":141,"column":7}}],"line":17},"2":{"loc":{"start":{"line":112,"column":14},"end":{"line":114,"column":15}},"type":"if","locations":[{"start":{"line":112,"column":14},"end":{"line":114,"column":15}},{"start":{"line":112,"column":14},"end":{"line":114,"column":15}}],"line":112}},"s":{"0":50,"1":2,"2":2,"3":2,"4":2,"5":2,"6":2,"7":1,"8":1,"9":1,"10":1,"11":1,"12":1,"13":0,"14":0,"15":0,"16":19,"17":0,"18":0,"19":0,"20":0,"21":0,"22":0,"23":0,"24":0,"25":0,"26":0,"27":0,"28":19},"f":{"0":50,"1":0},"b":{"0":[38],"1":[2,2,2,2,2,2,0,0,0,0,0,0,38],"2":[0,0]},"_coverageSchema":"332fd63041d2c1bcb487cc26dd0d5f7d97098a6c","hash":"3a20b4fc5e621eec4bdcf0b43812b403c0b63036"}
,"/Users/andeladeveloper/Desktop/Events-Manager-Olusola-Oseni/client/reducers/index.js": {"path":"/Users/andeladeveloper/Desktop/Events-Manager-Olusola-Oseni/client/reducers/index.js","statementMap":{"0":{"start":{"line":10,"column":17},"end":{"line":10,"column":28}},"1":{"start":{"line":11,"column":25},"end":{"line":11,"column":38}},"2":{"start":{"line":12,"column":23},"end":{"line":12,"column":35}}},"fnMap":{},"branchMap":{},"s":{"0":9,"1":9,"2":9},"f":{},"b":{},"_coverageSchema":"332fd63041d2c1bcb487cc26dd0d5f7d97098a6c","hash":"d3c34012a0739d022149ce033919a073037d3619"}
,"/Users/andeladeveloper/Desktop/Events-Manager-Olusola-Oseni/client/utils/checkAuthentication.js": {"path":"/Users/andeladeveloper/Desktop/Events-Manager-Olusola-Oseni/client/utils/checkAuthentication.js","statementMap":{"0":{"start":{"line":9,"column":6},"end":{"line":11,"column":7}},"1":{"start":{"line":10,"column":8},"end":{"line":10,"column":26}},"2":{"start":{"line":14,"column":6},"end":{"line":16,"column":7}},"3":{"start":{"line":19,"column":2},"end":{"line":21,"column":3}},"4":{"start":{"line":23,"column":26},"end":{"line":25,"column":4}},"5":{"start":{"line":23,"column":38},"end":{"line":25,"column":3}},"6":{"start":{"line":26,"column":2},"end":{"line":26,"column":47}}},"fnMap":{"0":{"name":"(anonymous_0)","decl":{"start":{"line":6,"column":15},"end":{"line":6,"column":16}},"loc":{"start":{"line":6,"column":43},"end":{"line":27,"column":1}},"line":6},"1":{"name":"(anonymous_1)","decl":{"start":{"line":8,"column":4},"end":{"line":8,"column":5}},"loc":{"start":{"line":8,"column":24},"end":{"line":12,"column":5}},"line":8},"2":{"name":"(anonymous_2)","decl":{"start":{"line":13,"column":4},"end":{"line":13,"column":5}},"loc":{"start":{"line":13,"column":13},"end":{"line":17,"column":5}},"line":13},"3":{"name":"(anonymous_3)","decl":{"start":{"line":23,"column":26},"end":{"line":23,"column":27}},"loc":{"start":{"line":23,"column":38},"end":{"line":25,"column":3}},"line":23}},"branchMap":{"0":{"loc":{"start":{"line":9,"column":6},"end":{"line":11,"column":7}},"type":"if","locations":[{"start":{"line":9,"column":6},"end":{"line":11,"column":7}},{"start":{"line":9,"column":6},"end":{"line":11,"column":7}}],"line":9}},"s":{"0":0,"1":0,"2":0,"3":8,"4":8,"5":0,"6":8},"f":{"0":8,"1":0,"2":0,"3":0},"b":{"0":[0,0]},"_coverageSchema":"332fd63041d2c1bcb487cc26dd0d5f7d97098a6c","hash":"3daaafff35e5e71fc23490895cfc065247d68a68"}
,"/Users/andeladeveloper/Desktop/Events-Manager-Olusola-Oseni/client/utils/setAuthorizationToken.js": {"path":"/Users/andeladeveloper/Desktop/Events-Manager-Olusola-Oseni/client/utils/setAuthorizationToken.js","statementMap":{"0":{"start":{"line":3,"column":30},"end":{"line":9,"column":1}},"1":{"start":{"line":4,"column":2},"end":{"line":8,"column":3}},"2":{"start":{"line":5,"column":4},"end":{"line":5,"column":68}},"3":{"start":{"line":7,"column":4},"end":{"line":7,"column":55}}},"fnMap":{"0":{"name":"(anonymous_0)","decl":{"start":{"line":3,"column":30},"end":{"line":3,"column":31}},"loc":{"start":{"line":3,"column":41},"end":{"line":9,"column":1}},"line":3}},"branchMap":{"0":{"loc":{"start":{"line":4,"column":2},"end":{"line":8,"column":3}},"type":"if","locations":[{"start":{"line":4,"column":2},"end":{"line":8,"column":3}},{"start":{"line":4,"column":2},"end":{"line":8,"column":3}}],"line":4}},"s":{"0":18,"1":6,"2":0,"3":6},"f":{"0":6},"b":{"0":[0,6]},"_coverageSchema":"332fd63041d2c1bcb487cc26dd0d5f7d97098a6c","hash":"fc46ea7cb9e1e21fab202593523de853eb7bcf92"}
}
