{"/Users/andeladeveloper/Desktop/Events-Manager-Olusola-Oseni/client/routes.js": {"path":"/Users/andeladeveloper/Desktop/Events-Manager-Olusola-Oseni/client/routes.js","statementMap":{"0":{"start":{"line":15,"column":23},"end":{"line":15,"column":45}},"1":{"start":{"line":17,"column":22},"end":{"line":30,"column":1}},"2":{"start":{"line":18,"column":2},"end":{"line":29,"column":3}}},"fnMap":{"0":{"name":"(anonymous_0)","decl":{"start":{"line":17,"column":22},"end":{"line":17,"column":23}},"loc":{"start":{"line":17,"column":28},"end":{"line":30,"column":1}},"line":17}},"branchMap":{},"s":{"0":32,"1":17,"2":1},"f":{"0":2},"b":{},"_coverageSchema":"332fd63041d2c1bcb487cc26dd0d5f7d97098a6c","hash":"94aee718cb439f144eed790590154edda4f48689"}
,"/Users/andeladeveloper/Desktop/Events-Manager-Olusola-Oseni/client/actions/CenterActions.js": {"path":"/Users/andeladeveloper/Desktop/Events-Manager-Olusola-Oseni/client/actions/CenterActions.js","statementMap":{"0":{"start":{"line":13,"column":19},"end":{"line":26,"column":6}},"1":{"start":{"line":13,"column":27},"end":{"line":26,"column":6}},"2":{"start":{"line":14,"column":2},"end":{"line":26,"column":6}},"3":{"start":{"line":20,"column":6},"end":{"line":20,"column":41}},"4":{"start":{"line":21,"column":6},"end":{"line":21,"column":69}},"5":{"start":{"line":24,"column":6},"end":{"line":24,"column":64}},"6":{"start":{"line":36,"column":22},"end":{"line":54,"column":6}},"7":{"start":{"line":36,"column":28},"end":{"line":54,"column":6}},"8":{"start":{"line":37,"column":2},"end":{"line":54,"column":6}},"9":{"start":{"line":43,"column":6},"end":{"line":43,"column":40}},"10":{"start":{"line":44,"column":6},"end":{"line":47,"column":9}},"11":{"start":{"line":50,"column":6},"end":{"line":53,"column":9}},"12":{"start":{"line":65,"column":25},"end":{"line":86,"column":1}},"13":{"start":{"line":65,"column":44},"end":{"line":86,"column":1}},"14":{"start":{"line":66,"column":2},"end":{"line":68,"column":5}},"15":{"start":{"line":69,"column":2},"end":{"line":85,"column":7}},"16":{"start":{"line":75,"column":6},"end":{"line":78,"column":9}},"17":{"start":{"line":81,"column":6},"end":{"line":84,"column":9}},"18":{"start":{"line":97,"column":18},"end":{"line":123,"column":1}},"19":{"start":{"line":97,"column":32},"end":{"line":123,"column":1}},"20":{"start":{"line":98,"column":2},"end":{"line":100,"column":5}},"21":{"start":{"line":101,"column":2},"end":{"line":122,"column":7}},"22":{"start":{"line":108,"column":6},"end":{"line":111,"column":9}},"23":{"start":{"line":112,"column":6},"end":{"line":115,"column":9}},"24":{"start":{"line":118,"column":6},"end":{"line":121,"column":9}},"25":{"start":{"line":134,"column":21},"end":{"line":154,"column":1}},"26":{"start":{"line":134,"column":27},"end":{"line":154,"column":1}},"27":{"start":{"line":135,"column":2},"end":{"line":135,"column":38}},"28":{"start":{"line":136,"column":2},"end":{"line":153,"column":7}},"29":{"start":{"line":142,"column":6},"end":{"line":146,"column":9}},"30":{"start":{"line":149,"column":6},"end":{"line":152,"column":9}},"31":{"start":{"line":166,"column":21},"end":{"line":191,"column":1}},"32":{"start":{"line":166,"column":41},"end":{"line":191,"column":1}},"33":{"start":{"line":167,"column":2},"end":{"line":167,"column":38}},"34":{"start":{"line":168,"column":2},"end":{"line":190,"column":7}},"35":{"start":{"line":175,"column":6},"end":{"line":179,"column":9}},"36":{"start":{"line":180,"column":6},"end":{"line":183,"column":9}},"37":{"start":{"line":186,"column":6},"end":{"line":189,"column":9}},"38":{"start":{"line":202,"column":21},"end":{"line":222,"column":1}},"39":{"start":{"line":202,"column":27},"end":{"line":222,"column":1}},"40":{"start":{"line":203,"column":2},"end":{"line":203,"column":42}},"41":{"start":{"line":204,"column":2},"end":{"line":221,"column":7}},"42":{"start":{"line":210,"column":6},"end":{"line":214,"column":9}},"43":{"start":{"line":217,"column":6},"end":{"line":220,"column":9}}},"fnMap":{"0":{"name":"(anonymous_0)","decl":{"start":{"line":13,"column":19},"end":{"line":13,"column":20}},"loc":{"start":{"line":13,"column":27},"end":{"line":26,"column":6}},"line":13},"1":{"name":"(anonymous_1)","decl":{"start":{"line":13,"column":27},"end":{"line":13,"column":28}},"loc":{"start":{"line":14,"column":2},"end":{"line":26,"column":6}},"line":14},"2":{"name":"(anonymous_2)","decl":{"start":{"line":19,"column":10},"end":{"line":19,"column":11}},"loc":{"start":{"line":19,"column":19},"end":{"line":22,"column":5}},"line":19},"3":{"name":"(anonymous_3)","decl":{"start":{"line":23,"column":11},"end":{"line":23,"column":12}},"loc":{"start":{"line":23,"column":20},"end":{"line":26,"column":5}},"line":23},"4":{"name":"(anonymous_4)","decl":{"start":{"line":36,"column":22},"end":{"line":36,"column":23}},"loc":{"start":{"line":36,"column":28},"end":{"line":54,"column":6}},"line":36},"5":{"name":"(anonymous_5)","decl":{"start":{"line":36,"column":28},"end":{"line":36,"column":29}},"loc":{"start":{"line":37,"column":2},"end":{"line":54,"column":6}},"line":37},"6":{"name":"(anonymous_6)","decl":{"start":{"line":42,"column":10},"end":{"line":42,"column":11}},"loc":{"start":{"line":42,"column":19},"end":{"line":48,"column":5}},"line":42},"7":{"name":"(anonymous_7)","decl":{"start":{"line":49,"column":11},"end":{"line":49,"column":12}},"loc":{"start":{"line":49,"column":20},"end":{"line":54,"column":5}},"line":49},"8":{"name":"(anonymous_8)","decl":{"start":{"line":65,"column":25},"end":{"line":65,"column":26}},"loc":{"start":{"line":65,"column":44},"end":{"line":86,"column":1}},"line":65},"9":{"name":"(anonymous_9)","decl":{"start":{"line":65,"column":44},"end":{"line":65,"column":45}},"loc":{"start":{"line":65,"column":58},"end":{"line":86,"column":1}},"line":65},"10":{"name":"(anonymous_10)","decl":{"start":{"line":74,"column":10},"end":{"line":74,"column":11}},"loc":{"start":{"line":74,"column":19},"end":{"line":79,"column":5}},"line":74},"11":{"name":"(anonymous_11)","decl":{"start":{"line":80,"column":11},"end":{"line":80,"column":12}},"loc":{"start":{"line":80,"column":20},"end":{"line":85,"column":5}},"line":80},"12":{"name":"(anonymous_12)","decl":{"start":{"line":97,"column":18},"end":{"line":97,"column":19}},"loc":{"start":{"line":97,"column":32},"end":{"line":123,"column":1}},"line":97},"13":{"name":"(anonymous_13)","decl":{"start":{"line":97,"column":32},"end":{"line":97,"column":33}},"loc":{"start":{"line":97,"column":46},"end":{"line":123,"column":1}},"line":97},"14":{"name":"(anonymous_14)","decl":{"start":{"line":107,"column":10},"end":{"line":107,"column":11}},"loc":{"start":{"line":107,"column":19},"end":{"line":116,"column":5}},"line":107},"15":{"name":"(anonymous_15)","decl":{"start":{"line":117,"column":11},"end":{"line":117,"column":12}},"loc":{"start":{"line":117,"column":20},"end":{"line":122,"column":5}},"line":117},"16":{"name":"(anonymous_16)","decl":{"start":{"line":134,"column":21},"end":{"line":134,"column":22}},"loc":{"start":{"line":134,"column":27},"end":{"line":154,"column":1}},"line":134},"17":{"name":"(anonymous_17)","decl":{"start":{"line":134,"column":27},"end":{"line":134,"column":28}},"loc":{"start":{"line":134,"column":41},"end":{"line":154,"column":1}},"line":134},"18":{"name":"(anonymous_18)","decl":{"start":{"line":141,"column":10},"end":{"line":141,"column":11}},"loc":{"start":{"line":141,"column":19},"end":{"line":147,"column":5}},"line":141},"19":{"name":"(anonymous_19)","decl":{"start":{"line":148,"column":11},"end":{"line":148,"column":12}},"loc":{"start":{"line":148,"column":20},"end":{"line":153,"column":5}},"line":148},"20":{"name":"(anonymous_20)","decl":{"start":{"line":166,"column":21},"end":{"line":166,"column":22}},"loc":{"start":{"line":166,"column":41},"end":{"line":191,"column":1}},"line":166},"21":{"name":"(anonymous_21)","decl":{"start":{"line":166,"column":41},"end":{"line":166,"column":42}},"loc":{"start":{"line":166,"column":55},"end":{"line":191,"column":1}},"line":166},"22":{"name":"(anonymous_22)","decl":{"start":{"line":174,"column":10},"end":{"line":174,"column":11}},"loc":{"start":{"line":174,"column":19},"end":{"line":184,"column":5}},"line":174},"23":{"name":"(anonymous_23)","decl":{"start":{"line":185,"column":11},"end":{"line":185,"column":12}},"loc":{"start":{"line":185,"column":20},"end":{"line":190,"column":5}},"line":185},"24":{"name":"(anonymous_24)","decl":{"start":{"line":202,"column":21},"end":{"line":202,"column":22}},"loc":{"start":{"line":202,"column":27},"end":{"line":222,"column":1}},"line":202},"25":{"name":"(anonymous_25)","decl":{"start":{"line":202,"column":27},"end":{"line":202,"column":28}},"loc":{"start":{"line":202,"column":41},"end":{"line":222,"column":1}},"line":202},"26":{"name":"(anonymous_26)","decl":{"start":{"line":209,"column":10},"end":{"line":209,"column":11}},"loc":{"start":{"line":209,"column":19},"end":{"line":215,"column":5}},"line":209},"27":{"name":"(anonymous_27)","decl":{"start":{"line":216,"column":11},"end":{"line":216,"column":12}},"loc":{"start":{"line":216,"column":20},"end":{"line":221,"column":5}},"line":216}},"branchMap":{},"s":{"0":38,"1":2,"2":2,"3":2,"4":2,"5":0,"6":38,"7":2,"8":2,"9":2,"10":2,"11":0,"12":38,"13":2,"14":2,"15":2,"16":2,"17":0,"18":38,"19":2,"20":2,"21":2,"22":2,"23":2,"24":0,"25":38,"26":2,"27":2,"28":2,"29":2,"30":0,"31":38,"32":2,"33":2,"34":2,"35":2,"36":2,"37":0,"38":38,"39":2,"40":2,"41":2,"42":2,"43":0},"f":{"0":2,"1":2,"2":2,"3":0,"4":2,"5":2,"6":2,"7":0,"8":2,"9":2,"10":2,"11":0,"12":2,"13":2,"14":2,"15":0,"16":2,"17":2,"18":2,"19":0,"20":2,"21":2,"22":2,"23":0,"24":2,"25":2,"26":2,"27":0},"b":{},"_coverageSchema":"332fd63041d2c1bcb487cc26dd0d5f7d97098a6c","hash":"97db6fc87980c8584098d68d7b4cf71df94bb6fd"}
,"/Users/andeladeveloper/Desktop/Events-Manager-Olusola-Oseni/client/actions/EventActions.js": {"path":"/Users/andeladeveloper/Desktop/Events-Manager-Olusola-Oseni/client/actions/EventActions.js","statementMap":{"0":{"start":{"line":12,"column":22},"end":{"line":31,"column":1}},"1":{"start":{"line":12,"column":30},"end":{"line":31,"column":1}},"2":{"start":{"line":13,"column":2},"end":{"line":15,"column":5}},"3":{"start":{"line":16,"column":2},"end":{"line":30,"column":7}},"4":{"start":{"line":23,"column":6},"end":{"line":23,"column":71}},"5":{"start":{"line":26,"column":6},"end":{"line":29,"column":9}},"6":{"start":{"line":42,"column":17},"end":{"line":68,"column":1}},"7":{"start":{"line":42,"column":30},"end":{"line":68,"column":1}},"8":{"start":{"line":43,"column":2},"end":{"line":45,"column":5}},"9":{"start":{"line":46,"column":2},"end":{"line":67,"column":7}},"10":{"start":{"line":53,"column":6},"end":{"line":56,"column":9}},"11":{"start":{"line":57,"column":6},"end":{"line":60,"column":9}},"12":{"start":{"line":63,"column":6},"end":{"line":66,"column":9}},"13":{"start":{"line":79,"column":20},"end":{"line":99,"column":1}},"14":{"start":{"line":79,"column":26},"end":{"line":99,"column":1}},"15":{"start":{"line":80,"column":2},"end":{"line":80,"column":37}},"16":{"start":{"line":81,"column":2},"end":{"line":98,"column":7}},"17":{"start":{"line":87,"column":6},"end":{"line":91,"column":9}},"18":{"start":{"line":94,"column":6},"end":{"line":97,"column":9}},"19":{"start":{"line":111,"column":20},"end":{"line":136,"column":1}},"20":{"start":{"line":111,"column":39},"end":{"line":136,"column":1}},"21":{"start":{"line":112,"column":2},"end":{"line":112,"column":37}},"22":{"start":{"line":113,"column":2},"end":{"line":135,"column":7}},"23":{"start":{"line":120,"column":6},"end":{"line":124,"column":9}},"24":{"start":{"line":125,"column":6},"end":{"line":128,"column":9}},"25":{"start":{"line":131,"column":6},"end":{"line":134,"column":9}}},"fnMap":{"0":{"name":"(anonymous_0)","decl":{"start":{"line":12,"column":22},"end":{"line":12,"column":23}},"loc":{"start":{"line":12,"column":30},"end":{"line":31,"column":1}},"line":12},"1":{"name":"(anonymous_1)","decl":{"start":{"line":12,"column":30},"end":{"line":12,"column":31}},"loc":{"start":{"line":12,"column":44},"end":{"line":31,"column":1}},"line":12},"2":{"name":"(anonymous_2)","decl":{"start":{"line":22,"column":10},"end":{"line":22,"column":11}},"loc":{"start":{"line":22,"column":19},"end":{"line":24,"column":5}},"line":22},"3":{"name":"(anonymous_3)","decl":{"start":{"line":25,"column":11},"end":{"line":25,"column":12}},"loc":{"start":{"line":25,"column":20},"end":{"line":30,"column":5}},"line":25},"4":{"name":"(anonymous_4)","decl":{"start":{"line":42,"column":17},"end":{"line":42,"column":18}},"loc":{"start":{"line":42,"column":30},"end":{"line":68,"column":1}},"line":42},"5":{"name":"(anonymous_5)","decl":{"start":{"line":42,"column":30},"end":{"line":42,"column":31}},"loc":{"start":{"line":42,"column":44},"end":{"line":68,"column":1}},"line":42},"6":{"name":"(anonymous_6)","decl":{"start":{"line":52,"column":10},"end":{"line":52,"column":11}},"loc":{"start":{"line":52,"column":19},"end":{"line":61,"column":5}},"line":52},"7":{"name":"(anonymous_7)","decl":{"start":{"line":62,"column":11},"end":{"line":62,"column":12}},"loc":{"start":{"line":62,"column":20},"end":{"line":67,"column":5}},"line":62},"8":{"name":"(anonymous_8)","decl":{"start":{"line":79,"column":20},"end":{"line":79,"column":21}},"loc":{"start":{"line":79,"column":26},"end":{"line":99,"column":1}},"line":79},"9":{"name":"(anonymous_9)","decl":{"start":{"line":79,"column":26},"end":{"line":79,"column":27}},"loc":{"start":{"line":79,"column":40},"end":{"line":99,"column":1}},"line":79},"10":{"name":"(anonymous_10)","decl":{"start":{"line":86,"column":10},"end":{"line":86,"column":11}},"loc":{"start":{"line":86,"column":19},"end":{"line":92,"column":5}},"line":86},"11":{"name":"(anonymous_11)","decl":{"start":{"line":93,"column":11},"end":{"line":93,"column":12}},"loc":{"start":{"line":93,"column":20},"end":{"line":98,"column":5}},"line":93},"12":{"name":"(anonymous_12)","decl":{"start":{"line":111,"column":20},"end":{"line":111,"column":21}},"loc":{"start":{"line":111,"column":39},"end":{"line":136,"column":1}},"line":111},"13":{"name":"(anonymous_13)","decl":{"start":{"line":111,"column":39},"end":{"line":111,"column":40}},"loc":{"start":{"line":111,"column":53},"end":{"line":136,"column":1}},"line":111},"14":{"name":"(anonymous_14)","decl":{"start":{"line":119,"column":10},"end":{"line":119,"column":11}},"loc":{"start":{"line":119,"column":19},"end":{"line":129,"column":5}},"line":119},"15":{"name":"(anonymous_15)","decl":{"start":{"line":130,"column":11},"end":{"line":130,"column":12}},"loc":{"start":{"line":130,"column":20},"end":{"line":135,"column":5}},"line":130}},"branchMap":{},"s":{"0":34,"1":2,"2":2,"3":2,"4":2,"5":0,"6":34,"7":2,"8":2,"9":2,"10":2,"11":2,"12":0,"13":34,"14":2,"15":2,"16":2,"17":2,"18":0,"19":34,"20":0,"21":0,"22":0,"23":0,"24":0,"25":0},"f":{"0":2,"1":2,"2":2,"3":0,"4":2,"5":2,"6":2,"7":0,"8":2,"9":2,"10":2,"11":0,"12":0,"13":0,"14":0,"15":0},"b":{},"_coverageSchema":"332fd63041d2c1bcb487cc26dd0d5f7d97098a6c","hash":"a3dd9e2a9fa86dccf12c9671ce8a067351b5bcbe"}
,"/Users/andeladeveloper/Desktop/Events-Manager-Olusola-Oseni/client/actions/FlashMessageActions.js": {"path":"/Users/andeladeveloper/Desktop/Events-Manager-Olusola-Oseni/client/actions/FlashMessageActions.js","statementMap":{"0":{"start":{"line":3,"column":15},"end":{"line":3,"column":33}},"1":{"start":{"line":12,"column":24},"end":{"line":18,"column":1}},"2":{"start":{"line":12,"column":35},"end":{"line":18,"column":1}},"3":{"start":{"line":13,"column":2},"end":{"line":17,"column":5}},"4":{"start":{"line":28,"column":27},"end":{"line":33,"column":1}},"5":{"start":{"line":28,"column":33},"end":{"line":33,"column":1}},"6":{"start":{"line":29,"column":2},"end":{"line":32,"column":5}}},"fnMap":{"0":{"name":"(anonymous_0)","decl":{"start":{"line":12,"column":24},"end":{"line":12,"column":25}},"loc":{"start":{"line":12,"column":35},"end":{"line":18,"column":1}},"line":12},"1":{"name":"(anonymous_1)","decl":{"start":{"line":12,"column":35},"end":{"line":12,"column":36}},"loc":{"start":{"line":12,"column":49},"end":{"line":18,"column":1}},"line":12},"2":{"name":"(anonymous_2)","decl":{"start":{"line":28,"column":27},"end":{"line":28,"column":28}},"loc":{"start":{"line":28,"column":33},"end":{"line":33,"column":1}},"line":28},"3":{"name":"(anonymous_3)","decl":{"start":{"line":28,"column":33},"end":{"line":28,"column":34}},"loc":{"start":{"line":28,"column":47},"end":{"line":33,"column":1}},"line":28}},"branchMap":{},"s":{"0":34,"1":18,"2":2,"3":18,"4":18,"5":2,"6":1},"f":{"0":2,"1":2,"2":2,"3":2},"b":{},"_coverageSchema":"332fd63041d2c1bcb487cc26dd0d5f7d97098a6c","hash":"1dedd20acdbab4364128a3c2067ca44f9a2e6eb7"}
,"/Users/andeladeveloper/Desktop/Events-Manager-Olusola-Oseni/client/actions/ImageActions.js": {"path":"/Users/andeladeveloper/Desktop/Events-Manager-Olusola-Oseni/client/actions/ImageActions.js","statementMap":{"0":{"start":{"line":12,"column":17},"end":{"line":38,"column":1}},"1":{"start":{"line":12,"column":30},"end":{"line":38,"column":1}},"2":{"start":{"line":13,"column":2},"end":{"line":13,"column":34}},"3":{"start":{"line":14,"column":2},"end":{"line":37,"column":7}},"4":{"start":{"line":18,"column":6},"end":{"line":18,"column":42}},"5":{"start":{"line":19,"column":6},"end":{"line":19,"column":18}},"6":{"start":{"line":27,"column":6},"end":{"line":30,"column":9}},"7":{"start":{"line":33,"column":6},"end":{"line":36,"column":9}}},"fnMap":{"0":{"name":"(anonymous_0)","decl":{"start":{"line":12,"column":17},"end":{"line":12,"column":18}},"loc":{"start":{"line":12,"column":30},"end":{"line":38,"column":1}},"line":12},"1":{"name":"(anonymous_1)","decl":{"start":{"line":12,"column":30},"end":{"line":12,"column":31}},"loc":{"start":{"line":12,"column":44},"end":{"line":38,"column":1}},"line":12},"2":{"name":"(anonymous_2)","decl":{"start":{"line":17,"column":23},"end":{"line":17,"column":24}},"loc":{"start":{"line":17,"column":42},"end":{"line":20,"column":5}},"line":17},"3":{"name":"(anonymous_3)","decl":{"start":{"line":26,"column":10},"end":{"line":26,"column":11}},"loc":{"start":{"line":26,"column":19},"end":{"line":31,"column":5}},"line":26},"4":{"name":"(anonymous_4)","decl":{"start":{"line":32,"column":11},"end":{"line":32,"column":12}},"loc":{"start":{"line":32,"column":20},"end":{"line":37,"column":5}},"line":32}},"branchMap":{},"s":{"0":34,"1":2,"2":2,"3":2,"4":2,"5":2,"6":2,"7":0},"f":{"0":2,"1":2,"2":2,"3":2,"4":0},"b":{},"_coverageSchema":"332fd63041d2c1bcb487cc26dd0d5f7d97098a6c","hash":"2f93cb90298e43b24a16c9272c912b3e492c79da"}
,"/Users/andeladeveloper/Desktop/Events-Manager-Olusola-Oseni/client/actions/UserActions.js": {"path":"/Users/andeladeveloper/Desktop/Events-Manager-Olusola-Oseni/client/actions/UserActions.js","statementMap":{"0":{"start":{"line":15,"column":19},"end":{"line":28,"column":1}},"1":{"start":{"line":15,"column":34},"end":{"line":28,"column":1}},"2":{"start":{"line":16,"column":2},"end":{"line":16,"column":36}},"3":{"start":{"line":17,"column":2},"end":{"line":27,"column":7}},"4":{"start":{"line":19,"column":24},"end":{"line":19,"column":37}},"5":{"start":{"line":20,"column":6},"end":{"line":20,"column":52}},"6":{"start":{"line":21,"column":6},"end":{"line":21,"column":35}},"7":{"start":{"line":22,"column":6},"end":{"line":22,"column":70}},"8":{"start":{"line":23,"column":6},"end":{"line":23,"column":68}},"9":{"start":{"line":26,"column":6},"end":{"line":26,"column":77}},"10":{"start":{"line":39,"column":18},"end":{"line":53,"column":1}},"11":{"start":{"line":39,"column":34},"end":{"line":53,"column":1}},"12":{"start":{"line":40,"column":2},"end":{"line":40,"column":35}},"13":{"start":{"line":41,"column":2},"end":{"line":52,"column":7}},"14":{"start":{"line":43,"column":24},"end":{"line":43,"column":37}},"15":{"start":{"line":44,"column":6},"end":{"line":44,"column":52}},"16":{"start":{"line":45,"column":6},"end":{"line":45,"column":35}},"17":{"start":{"line":46,"column":6},"end":{"line":46,"column":70}},"18":{"start":{"line":47,"column":6},"end":{"line":47,"column":62}},"19":{"start":{"line":50,"column":6},"end":{"line":50,"column":53}},"20":{"start":{"line":51,"column":6},"end":{"line":51,"column":71}},"21":{"start":{"line":62,"column":27},"end":{"line":82,"column":1}},"22":{"start":{"line":62,"column":33},"end":{"line":82,"column":1}},"23":{"start":{"line":63,"column":2},"end":{"line":63,"column":39}},"24":{"start":{"line":64,"column":2},"end":{"line":81,"column":7}},"25":{"start":{"line":70,"column":6},"end":{"line":74,"column":9}},"26":{"start":{"line":77,"column":6},"end":{"line":80,"column":9}},"27":{"start":{"line":91,"column":16},"end":{"line":95,"column":1}},"28":{"start":{"line":91,"column":22},"end":{"line":95,"column":1}},"29":{"start":{"line":92,"column":2},"end":{"line":92,"column":44}},"30":{"start":{"line":93,"column":2},"end":{"line":93,"column":31}},"31":{"start":{"line":94,"column":2},"end":{"line":94,"column":51}},"32":{"start":{"line":106,"column":20},"end":{"line":124,"column":4}},"33":{"start":{"line":106,"column":28},"end":{"line":124,"column":4}},"34":{"start":{"line":106,"column":40},"end":{"line":124,"column":4}},"35":{"start":{"line":113,"column":4},"end":{"line":113,"column":36}},"36":{"start":{"line":114,"column":4},"end":{"line":117,"column":7}},"37":{"start":{"line":120,"column":4},"end":{"line":123,"column":7}}},"fnMap":{"0":{"name":"(anonymous_0)","decl":{"start":{"line":15,"column":19},"end":{"line":15,"column":20}},"loc":{"start":{"line":15,"column":34},"end":{"line":28,"column":1}},"line":15},"1":{"name":"(anonymous_1)","decl":{"start":{"line":15,"column":34},"end":{"line":15,"column":35}},"loc":{"start":{"line":15,"column":48},"end":{"line":28,"column":1}},"line":15},"2":{"name":"(anonymous_2)","decl":{"start":{"line":18,"column":10},"end":{"line":18,"column":11}},"loc":{"start":{"line":18,"column":19},"end":{"line":24,"column":5}},"line":18},"3":{"name":"(anonymous_3)","decl":{"start":{"line":25,"column":11},"end":{"line":25,"column":12}},"loc":{"start":{"line":25,"column":20},"end":{"line":27,"column":5}},"line":25},"4":{"name":"(anonymous_4)","decl":{"start":{"line":39,"column":18},"end":{"line":39,"column":19}},"loc":{"start":{"line":39,"column":34},"end":{"line":53,"column":1}},"line":39},"5":{"name":"(anonymous_5)","decl":{"start":{"line":39,"column":34},"end":{"line":39,"column":35}},"loc":{"start":{"line":39,"column":48},"end":{"line":53,"column":1}},"line":39},"6":{"name":"(anonymous_6)","decl":{"start":{"line":42,"column":10},"end":{"line":42,"column":11}},"loc":{"start":{"line":42,"column":19},"end":{"line":48,"column":5}},"line":42},"7":{"name":"(anonymous_7)","decl":{"start":{"line":49,"column":11},"end":{"line":49,"column":12}},"loc":{"start":{"line":49,"column":20},"end":{"line":52,"column":5}},"line":49},"8":{"name":"(anonymous_8)","decl":{"start":{"line":62,"column":27},"end":{"line":62,"column":28}},"loc":{"start":{"line":62,"column":33},"end":{"line":82,"column":1}},"line":62},"9":{"name":"(anonymous_9)","decl":{"start":{"line":62,"column":33},"end":{"line":62,"column":34}},"loc":{"start":{"line":62,"column":47},"end":{"line":82,"column":1}},"line":62},"10":{"name":"(anonymous_10)","decl":{"start":{"line":69,"column":10},"end":{"line":69,"column":11}},"loc":{"start":{"line":69,"column":19},"end":{"line":75,"column":5}},"line":69},"11":{"name":"(anonymous_11)","decl":{"start":{"line":76,"column":11},"end":{"line":76,"column":12}},"loc":{"start":{"line":76,"column":20},"end":{"line":81,"column":5}},"line":76},"12":{"name":"(anonymous_12)","decl":{"start":{"line":91,"column":16},"end":{"line":91,"column":17}},"loc":{"start":{"line":91,"column":22},"end":{"line":95,"column":1}},"line":91},"13":{"name":"(anonymous_13)","decl":{"start":{"line":91,"column":22},"end":{"line":91,"column":23}},"loc":{"start":{"line":91,"column":36},"end":{"line":95,"column":1}},"line":91},"14":{"name":"(anonymous_14)","decl":{"start":{"line":106,"column":20},"end":{"line":106,"column":21}},"loc":{"start":{"line":106,"column":28},"end":{"line":124,"column":4}},"line":106},"15":{"name":"(anonymous_15)","decl":{"start":{"line":106,"column":28},"end":{"line":106,"column":29}},"loc":{"start":{"line":106,"column":40},"end":{"line":124,"column":4}},"line":106},"16":{"name":"(anonymous_16)","decl":{"start":{"line":112,"column":8},"end":{"line":112,"column":9}},"loc":{"start":{"line":112,"column":17},"end":{"line":118,"column":3}},"line":112},"17":{"name":"(anonymous_17)","decl":{"start":{"line":119,"column":9},"end":{"line":119,"column":10}},"loc":{"start":{"line":119,"column":18},"end":{"line":124,"column":3}},"line":119}},"branchMap":{},"s":{"0":34,"1":2,"2":2,"3":2,"4":2,"5":2,"6":2,"7":2,"8":1,"9":17,"10":18,"11":2,"12":2,"13":2,"14":2,"15":2,"16":2,"17":1,"18":1,"19":17,"20":0,"21":17,"22":0,"23":0,"24":0,"25":17,"26":1,"27":18,"28":2,"29":2,"30":18,"31":1,"32":17,"33":0,"34":0,"35":0,"36":0,"37":0},"f":{"0":2,"1":2,"2":2,"3":0,"4":2,"5":2,"6":2,"7":0,"8":0,"9":0,"10":0,"11":0,"12":2,"13":2,"14":0,"15":0,"16":0,"17":0},"b":{},"_coverageSchema":"332fd63041d2c1bcb487cc26dd0d5f7d97098a6c","hash":"dd2f2dcd57e3dbd798545545592d3d7c3f3a0a69"}
,"/Users/andeladeveloper/Desktop/Events-Manager-Olusola-Oseni/client/components/AddCenter.js": {"path":"/Users/andeladeveloper/Desktop/Events-Manager-Olusola-Oseni/client/components/AddCenter.js","statementMap":{"0":{"start":{"line":11,"column":4},"end":{"line":11,"column":17}},"1":{"start":{"line":12,"column":4},"end":{"line":16,"column":6}},"2":{"start":{"line":17,"column":4},"end":{"line":17,"column":41}},"3":{"start":{"line":18,"column":4},"end":{"line":18,"column":45}},"4":{"start":{"line":22,"column":4},"end":{"line":24,"column":5}},"5":{"start":{"line":23,"column":6},"end":{"line":23,"column":54}},"6":{"start":{"line":28,"column":31},"end":{"line":28,"column":62}},"7":{"start":{"line":29,"column":4},"end":{"line":31,"column":5}},"8":{"start":{"line":30,"column":6},"end":{"line":30,"column":31}},"9":{"start":{"line":32,"column":4},"end":{"line":32,"column":19}},"10":{"start":{"line":36,"column":4},"end":{"line":41,"column":7}},"11":{"start":{"line":45,"column":4},"end":{"line":45,"column":23}},"12":{"start":{"line":46,"column":4},"end":{"line":46,"column":33}},"13":{"start":{"line":55,"column":8},"end":{"line":55,"column":25}},"14":{"start":{"line":56,"column":22},"end":{"line":56,"column":32}},"15":{"start":{"line":57,"column":24},"end":{"line":57,"column":34}},"16":{"start":{"line":58,"column":4},"end":{"line":76,"column":5}},"17":{"start":{"line":59,"column":6},"end":{"line":75,"column":11}},"18":{"start":{"line":70,"column":10},"end":{"line":74,"column":11}},"19":{"start":{"line":71,"column":12},"end":{"line":71,"column":68}},"20":{"start":{"line":73,"column":12},"end":{"line":73,"column":68}},"21":{"start":{"line":80,"column":22},"end":{"line":80,"column":32}},"22":{"start":{"line":81,"column":25},"end":{"line":81,"column":35}},"23":{"start":{"line":82,"column":4},"end":{"line":244,"column":6}},"24":{"start":{"line":247,"column":0},"end":{"line":250,"column":2}}},"fnMap":{"0":{"name":"(anonymous_0)","decl":{"start":{"line":10,"column":2},"end":{"line":10,"column":3}},"loc":{"start":{"line":10,"column":21},"end":{"line":19,"column":3}},"line":10},"1":{"name":"(anonymous_1)","decl":{"start":{"line":21,"column":2},"end":{"line":21,"column":3}},"loc":{"start":{"line":21,"column":39},"end":{"line":25,"column":3}},"line":21},"2":{"name":"(anonymous_2)","decl":{"start":{"line":27,"column":2},"end":{"line":27,"column":3}},"loc":{"start":{"line":27,"column":12},"end":{"line":33,"column":3}},"line":27},"3":{"name":"(anonymous_3)","decl":{"start":{"line":35,"column":2},"end":{"line":35,"column":3}},"loc":{"start":{"line":35,"column":14},"end":{"line":42,"column":3}},"line":35},"4":{"name":"(anonymous_4)","decl":{"start":{"line":44,"column":2},"end":{"line":44,"column":3}},"loc":{"start":{"line":44,"column":12},"end":{"line":77,"column":3}},"line":44},"5":{"name":"(anonymous_5)","decl":{"start":{"line":69,"column":14},"end":{"line":69,"column":15}},"loc":{"start":{"line":69,"column":20},"end":{"line":75,"column":9}},"line":69},"6":{"name":"(anonymous_6)","decl":{"start":{"line":79,"column":2},"end":{"line":79,"column":3}},"loc":{"start":{"line":79,"column":11},"end":{"line":245,"column":3}},"line":79}},"branchMap":{"0":{"loc":{"start":{"line":22,"column":4},"end":{"line":24,"column":5}},"type":"if","locations":[{"start":{"line":22,"column":4},"end":{"line":24,"column":5}},{"start":{"line":22,"column":4},"end":{"line":24,"column":5}}],"line":22},"1":{"loc":{"start":{"line":29,"column":4},"end":{"line":31,"column":5}},"type":"if","locations":[{"start":{"line":29,"column":4},"end":{"line":31,"column":5}},{"start":{"line":29,"column":4},"end":{"line":31,"column":5}}],"line":29},"2":{"loc":{"start":{"line":58,"column":4},"end":{"line":76,"column":5}},"type":"if","locations":[{"start":{"line":58,"column":4},"end":{"line":76,"column":5}},{"start":{"line":58,"column":4},"end":{"line":76,"column":5}}],"line":58},"3":{"loc":{"start":{"line":70,"column":10},"end":{"line":74,"column":11}},"type":"if","locations":[{"start":{"line":70,"column":10},"end":{"line":74,"column":11}},{"start":{"line":70,"column":10},"end":{"line":74,"column":11}}],"line":70},"4":{"loc":{"start":{"line":118,"column":23},"end":{"line":122,"column":23}},"type":"binary-expr","locations":[{"start":{"line":118,"column":23},"end":{"line":118,"column":36}},{"start":{"line":119,"column":24},"end":{"line":121,"column":30}}],"line":118}},"s":{"0":4,"1":4,"2":4,"3":4,"4":0,"5":0,"6":2,"7":2,"8":2,"9":7,"10":7,"11":2,"12":2,"13":1,"14":1,"15":1,"16":1,"17":10,"18":17,"19":0,"20":0,"21":10,"22":10,"23":10,"24":17},"f":{"0":4,"1":0,"2":2,"3":12,"4":2,"5":0,"6":20},"b":{"0":[0,0],"1":[2,0],"2":[0,2],"3":[0,0],"4":[20,2]},"_coverageSchema":"332fd63041d2c1bcb487cc26dd0d5f7d97098a6c","hash":"eee961527247752e31d063c6a48152dfa11c050b"}
,"/Users/andeladeveloper/Desktop/Events-Manager-Olusola-Oseni/client/components/AddCenterModalButton.js": {"path":"/Users/andeladeveloper/Desktop/Events-Manager-Olusola-Oseni/client/components/AddCenterModalButton.js","statementMap":{"0":{"start":{"line":6,"column":4},"end":{"line":12,"column":5}}},"fnMap":{"0":{"name":"(anonymous_0)","decl":{"start":{"line":5,"column":2},"end":{"line":5,"column":3}},"loc":{"start":{"line":5,"column":11},"end":{"line":13,"column":3}},"line":5}},"branchMap":{},"s":{"0":2},"f":{"0":2},"b":{},"_coverageSchema":"332fd63041d2c1bcb487cc26dd0d5f7d97098a6c","hash":"34e06f3a01f872d0e7fe0f87119ec14531964055"}
,"/Users/andeladeveloper/Desktop/Events-Manager-Olusola-Oseni/client/components/AddEvent.js": {"path":"/Users/andeladeveloper/Desktop/Events-Manager-Olusola-Oseni/client/components/AddEvent.js","statementMap":{"0":{"start":{"line":9,"column":4},"end":{"line":9,"column":17}},"1":{"start":{"line":10,"column":4},"end":{"line":15,"column":6}},"2":{"start":{"line":16,"column":4},"end":{"line":16,"column":41}},"3":{"start":{"line":17,"column":4},"end":{"line":17,"column":45}},"4":{"start":{"line":20,"column":4},"end":{"line":24,"column":5}},"5":{"start":{"line":23,"column":6},"end":{"line":23,"column":71}},"6":{"start":{"line":28,"column":31},"end":{"line":28,"column":61}},"7":{"start":{"line":29,"column":4},"end":{"line":31,"column":5}},"8":{"start":{"line":30,"column":6},"end":{"line":30,"column":31}},"9":{"start":{"line":32,"column":4},"end":{"line":32,"column":19}},"10":{"start":{"line":36,"column":4},"end":{"line":41,"column":7}},"11":{"start":{"line":44,"column":57},"end":{"line":44,"column":73}},"12":{"start":{"line":45,"column":4},"end":{"line":62,"column":5}},"13":{"start":{"line":46,"column":6},"end":{"line":61,"column":11}},"14":{"start":{"line":55,"column":10},"end":{"line":60,"column":11}},"15":{"start":{"line":56,"column":12},"end":{"line":56,"column":66}},"16":{"start":{"line":58,"column":12},"end":{"line":58,"column":41}},"17":{"start":{"line":59,"column":12},"end":{"line":59,"column":47}},"18":{"start":{"line":65,"column":4},"end":{"line":65,"column":23}},"19":{"start":{"line":66,"column":4},"end":{"line":66,"column":33}},"20":{"start":{"line":67,"column":4},"end":{"line":67,"column":24}},"21":{"start":{"line":70,"column":34},"end":{"line":70,"column":44}},"22":{"start":{"line":71,"column":4},"end":{"line":204,"column":6}},"23":{"start":{"line":133,"column":34},"end":{"line":142,"column":43}}},"fnMap":{"0":{"name":"(anonymous_0)","decl":{"start":{"line":8,"column":2},"end":{"line":8,"column":3}},"loc":{"start":{"line":8,"column":21},"end":{"line":18,"column":3}},"line":8},"1":{"name":"(anonymous_1)","decl":{"start":{"line":19,"column":2},"end":{"line":19,"column":3}},"loc":{"start":{"line":19,"column":39},"end":{"line":25,"column":3}},"line":19},"2":{"name":"(anonymous_2)","decl":{"start":{"line":27,"column":2},"end":{"line":27,"column":3}},"loc":{"start":{"line":27,"column":12},"end":{"line":33,"column":3}},"line":27},"3":{"name":"(anonymous_3)","decl":{"start":{"line":35,"column":2},"end":{"line":35,"column":3}},"loc":{"start":{"line":35,"column":14},"end":{"line":42,"column":3}},"line":35},"4":{"name":"(anonymous_4)","decl":{"start":{"line":43,"column":2},"end":{"line":43,"column":3}},"loc":{"start":{"line":43,"column":17},"end":{"line":63,"column":3}},"line":43},"5":{"name":"(anonymous_5)","decl":{"start":{"line":54,"column":14},"end":{"line":54,"column":15}},"loc":{"start":{"line":54,"column":20},"end":{"line":61,"column":9}},"line":54},"6":{"name":"(anonymous_6)","decl":{"start":{"line":64,"column":2},"end":{"line":64,"column":3}},"loc":{"start":{"line":64,"column":12},"end":{"line":68,"column":3}},"line":64},"7":{"name":"(anonymous_7)","decl":{"start":{"line":69,"column":2},"end":{"line":69,"column":3}},"loc":{"start":{"line":69,"column":11},"end":{"line":205,"column":3}},"line":69},"8":{"name":"(anonymous_8)","decl":{"start":{"line":132,"column":48},"end":{"line":132,"column":49}},"loc":{"start":{"line":133,"column":34},"end":{"line":142,"column":43}},"line":133}},"branchMap":{"0":{"loc":{"start":{"line":20,"column":4},"end":{"line":24,"column":5}},"type":"if","locations":[{"start":{"line":20,"column":4},"end":{"line":24,"column":5}},{"start":{"line":20,"column":4},"end":{"line":24,"column":5}}],"line":20},"1":{"loc":{"start":{"line":29,"column":4},"end":{"line":31,"column":5}},"type":"if","locations":[{"start":{"line":29,"column":4},"end":{"line":31,"column":5}},{"start":{"line":29,"column":4},"end":{"line":31,"column":5}}],"line":29},"2":{"loc":{"start":{"line":45,"column":4},"end":{"line":62,"column":5}},"type":"if","locations":[{"start":{"line":45,"column":4},"end":{"line":62,"column":5}},{"start":{"line":45,"column":4},"end":{"line":62,"column":5}}],"line":45},"3":{"loc":{"start":{"line":55,"column":10},"end":{"line":60,"column":11}},"type":"if","locations":[{"start":{"line":55,"column":10},"end":{"line":60,"column":11}},{"start":{"line":55,"column":10},"end":{"line":60,"column":11}}],"line":55},"4":{"loc":{"start":{"line":96,"column":23},"end":{"line":100,"column":23}},"type":"binary-expr","locations":[{"start":{"line":96,"column":23},"end":{"line":96,"column":36}},{"start":{"line":97,"column":24},"end":{"line":99,"column":30}}],"line":96},"5":{"loc":{"start":{"line":139,"column":37},"end":{"line":141,"column":42}},"type":"cond-expr","locations":[{"start":{"line":140,"column":40},"end":{"line":140,"column":65}},{"start":{"line":141,"column":40},"end":{"line":141,"column":42}}],"line":139}},"s":{"0":4,"1":4,"2":4,"3":4,"4":0,"5":0,"6":0,"7":0,"8":0,"9":0,"10":0,"11":0,"12":0,"13":0,"14":0,"15":0,"16":0,"17":0,"18":0,"19":3,"20":0,"21":3,"22":3,"23":0},"f":{"0":4,"1":0,"2":0,"3":0,"4":0,"5":0,"6":0,"7":6,"8":0},"b":{"0":[0,0],"1":[0,0],"2":[0,0],"3":[0,0],"4":[6,0],"5":[0,0]},"_coverageSchema":"332fd63041d2c1bcb487cc26dd0d5f7d97098a6c","hash":"2e62b31bdbfdfafab415e13893597919ce55f718"}
,"/Users/andeladeveloper/Desktop/Events-Manager-Olusola-Oseni/client/components/AddEventModalButton.js": {"path":"/Users/andeladeveloper/Desktop/Events-Manager-Olusola-Oseni/client/components/AddEventModalButton.js","statementMap":{"0":{"start":{"line":6,"column":4},"end":{"line":12,"column":5}}},"fnMap":{"0":{"name":"(anonymous_0)","decl":{"start":{"line":5,"column":2},"end":{"line":5,"column":3}},"loc":{"start":{"line":5,"column":11},"end":{"line":13,"column":3}},"line":5}},"branchMap":{},"s":{"0":2},"f":{"0":2},"b":{},"_coverageSchema":"332fd63041d2c1bcb487cc26dd0d5f7d97098a6c","hash":"93a7e6590a184a0c6b1aa4cd2e4f669e257c21f7"}
,"/Users/andeladeveloper/Desktop/Events-Manager-Olusola-Oseni/client/components/AdminCenter.js": {"path":"/Users/andeladeveloper/Desktop/Events-Manager-Olusola-Oseni/client/components/AdminCenter.js","statementMap":{"0":{"start":{"line":9,"column":4},"end":{"line":9,"column":17}},"1":{"start":{"line":13,"column":16},"end":{"line":13,"column":54}},"2":{"start":{"line":14,"column":4},"end":{"line":22,"column":5}},"3":{"start":{"line":15,"column":25},"end":{"line":15,"column":41}},"4":{"start":{"line":16,"column":20},"end":{"line":16,"column":40}},"5":{"start":{"line":17,"column":17},"end":{"line":17,"column":38}},"6":{"start":{"line":19,"column":6},"end":{"line":21,"column":7}},"7":{"start":{"line":20,"column":8},"end":{"line":20,"column":28}},"8":{"start":{"line":25,"column":26},"end":{"line":25,"column":36}},"9":{"start":{"line":26,"column":4},"end":{"line":109,"column":6}}},"fnMap":{"0":{"name":"(anonymous_0)","decl":{"start":{"line":8,"column":2},"end":{"line":8,"column":3}},"loc":{"start":{"line":8,"column":21},"end":{"line":10,"column":3}},"line":8},"1":{"name":"(anonymous_1)","decl":{"start":{"line":12,"column":2},"end":{"line":12,"column":3}},"loc":{"start":{"line":12,"column":23},"end":{"line":23,"column":3}},"line":12},"2":{"name":"(anonymous_2)","decl":{"start":{"line":24,"column":2},"end":{"line":24,"column":3}},"loc":{"start":{"line":24,"column":11},"end":{"line":110,"column":3}},"line":24}},"branchMap":{"0":{"loc":{"start":{"line":14,"column":4},"end":{"line":22,"column":5}},"type":"if","locations":[{"start":{"line":14,"column":4},"end":{"line":22,"column":5}},{"start":{"line":14,"column":4},"end":{"line":22,"column":5}}],"line":14},"1":{"loc":{"start":{"line":19,"column":6},"end":{"line":21,"column":7}},"type":"if","locations":[{"start":{"line":19,"column":6},"end":{"line":21,"column":7}},{"start":{"line":19,"column":6},"end":{"line":21,"column":7}}],"line":19},"2":{"loc":{"start":{"line":65,"column":11},"end":{"line":94,"column":11}},"type":"binary-expr","locations":[{"start":{"line":65,"column":11},"end":{"line":65,"column":23}},{"start":{"line":66,"column":12},"end":{"line":93,"column":18}}],"line":65}},"s":{"0":0,"1":0,"2":0,"3":0,"4":0,"5":0,"6":0,"7":0,"8":0,"9":0},"f":{"0":0,"1":0,"2":0},"b":{"0":[0,0],"1":[0,0],"2":[0,0]},"_coverageSchema":"332fd63041d2c1bcb487cc26dd0d5f7d97098a6c","hash":"c8a0764a368c05f77545c35342079f0dc7e56e31"}
,"/Users/andeladeveloper/Desktop/Events-Manager-Olusola-Oseni/client/components/AdminCenterDetail.js": {"path":"/Users/andeladeveloper/Desktop/Events-Manager-Olusola-Oseni/client/components/AdminCenterDetail.js","statementMap":{"0":{"start":{"line":12,"column":4},"end":{"line":12,"column":17}},"1":{"start":{"line":16,"column":45},"end":{"line":16,"column":55}},"2":{"start":{"line":17,"column":23},"end":{"line":17,"column":40}},"3":{"start":{"line":19,"column":4},"end":{"line":81,"column":5}}},"fnMap":{"0":{"name":"(anonymous_0)","decl":{"start":{"line":11,"column":2},"end":{"line":11,"column":3}},"loc":{"start":{"line":11,"column":21},"end":{"line":13,"column":3}},"line":11},"1":{"name":"(anonymous_1)","decl":{"start":{"line":15,"column":2},"end":{"line":15,"column":3}},"loc":{"start":{"line":15,"column":12},"end":{"line":82,"column":3}},"line":15}},"branchMap":{"0":{"loc":{"start":{"line":41,"column":24},"end":{"line":41,"column":83}},"type":"cond-expr","locations":[{"start":{"line":41,"column":52},"end":{"line":41,"column":56}},{"start":{"line":41,"column":58},"end":{"line":41,"column":83}}],"line":41}},"s":{"0":2,"1":2,"2":1,"3":1},"f":{"0":2,"1":2},"b":{"0":[2,0]},"_coverageSchema":"332fd63041d2c1bcb487cc26dd0d5f7d97098a6c","hash":"693c1c9290b31b262d0006ad68ec08a358fedf1c"}
,"/Users/andeladeveloper/Desktop/Events-Manager-Olusola-Oseni/client/components/AdminCenterDetails.js": {"path":"/Users/andeladeveloper/Desktop/Events-Manager-Olusola-Oseni/client/components/AdminCenterDetails.js","statementMap":{"0":{"start":{"line":12,"column":4},"end":{"line":12,"column":17}},"1":{"start":{"line":13,"column":4},"end":{"line":15,"column":5}},"2":{"start":{"line":18,"column":13},"end":{"line":18,"column":39}},"3":{"start":{"line":19,"column":4},"end":{"line":19,"column":32}},"4":{"start":{"line":23,"column":4},"end":{"line":27,"column":5}},"5":{"start":{"line":24,"column":6},"end":{"line":26,"column":8}},"6":{"start":{"line":30,"column":23},"end":{"line":30,"column":33}},"7":{"start":{"line":31,"column":46},"end":{"line":31,"column":56}},"8":{"start":{"line":32,"column":19},"end":{"line":32,"column":42}},"9":{"start":{"line":34,"column":4},"end":{"line":44,"column":5}},"10":{"start":{"line":47,"column":0},"end":{"line":49,"column":1}},"11":{"start":{"line":50,"column":24},"end":{"line":52,"column":2}},"12":{"start":{"line":50,"column":34},"end":{"line":52,"column":1}},"13":{"start":{"line":54,"column":27},"end":{"line":54,"column":82}},"14":{"start":{"line":54,"column":39},"end":{"line":54,"column":82}}},"fnMap":{"0":{"name":"(anonymous_0)","decl":{"start":{"line":11,"column":2},"end":{"line":11,"column":3}},"loc":{"start":{"line":11,"column":21},"end":{"line":16,"column":3}},"line":11},"1":{"name":"(anonymous_1)","decl":{"start":{"line":17,"column":2},"end":{"line":17,"column":3}},"loc":{"start":{"line":17,"column":23},"end":{"line":20,"column":3}},"line":17},"2":{"name":"(anonymous_2)","decl":{"start":{"line":22,"column":2},"end":{"line":22,"column":3}},"loc":{"start":{"line":22,"column":38},"end":{"line":28,"column":3}},"line":22},"3":{"name":"(anonymous_3)","decl":{"start":{"line":29,"column":2},"end":{"line":29,"column":3}},"loc":{"start":{"line":29,"column":12},"end":{"line":45,"column":3}},"line":29},"4":{"name":"(anonymous_4)","decl":{"start":{"line":50,"column":24},"end":{"line":50,"column":25}},"loc":{"start":{"line":50,"column":34},"end":{"line":52,"column":1}},"line":50},"5":{"name":"(anonymous_5)","decl":{"start":{"line":54,"column":27},"end":{"line":54,"column":28}},"loc":{"start":{"line":54,"column":39},"end":{"line":54,"column":82}},"line":54}},"branchMap":{"0":{"loc":{"start":{"line":23,"column":4},"end":{"line":27,"column":5}},"type":"if","locations":[{"start":{"line":23,"column":4},"end":{"line":27,"column":5}},{"start":{"line":23,"column":4},"end":{"line":27,"column":5}}],"line":23},"1":{"loc":{"start":{"line":36,"column":9},"end":{"line":41,"column":12}},"type":"binary-expr","locations":[{"start":{"line":36,"column":9},"end":{"line":36,"column":22}},{"start":{"line":37,"column":10},"end":{"line":41,"column":12}}],"line":36}},"s":{"0":2,"1":2,"2":2,"3":1,"4":0,"5":1,"6":17,"7":17,"8":1,"9":17,"10":16,"11":16,"12":0,"13":16,"14":0},"f":{"0":2,"1":2,"2":0,"3":2,"4":0,"5":0},"b":{"0":[0,0],"1":[2,2]},"_coverageSchema":"332fd63041d2c1bcb487cc26dd0d5f7d97098a6c","hash":"c5a0e5721ff0415d6be8faf24a352f51972ea44d"}
,"/Users/andeladeveloper/Desktop/Events-Manager-Olusola-Oseni/client/components/AdminCenterEvents.js": {"path":"/Users/andeladeveloper/Desktop/Events-Manager-Olusola-Oseni/client/components/AdminCenterEvents.js","statementMap":{"0":{"start":{"line":6,"column":4},"end":{"line":6,"column":17}},"1":{"start":{"line":10,"column":21},"end":{"line":10,"column":31}},"2":{"start":{"line":11,"column":4},"end":{"line":36,"column":5}},"3":{"start":{"line":28,"column":72},"end":{"line":28,"column":136}}},"fnMap":{"0":{"name":"(anonymous_0)","decl":{"start":{"line":5,"column":2},"end":{"line":5,"column":3}},"loc":{"start":{"line":5,"column":21},"end":{"line":7,"column":3}},"line":5},"1":{"name":"(anonymous_1)","decl":{"start":{"line":9,"column":2},"end":{"line":9,"column":3}},"loc":{"start":{"line":9,"column":12},"end":{"line":37,"column":3}},"line":9},"2":{"name":"(anonymous_2)","decl":{"start":{"line":28,"column":58},"end":{"line":28,"column":59}},"loc":{"start":{"line":28,"column":72},"end":{"line":28,"column":136}},"line":28}},"branchMap":{"0":{"loc":{"start":{"line":28,"column":18},"end":{"line":28,"column":137}},"type":"cond-expr","locations":[{"start":{"line":28,"column":41},"end":{"line":28,"column":45}},{"start":{"line":28,"column":47},"end":{"line":28,"column":137}}],"line":28}},"s":{"0":2,"1":6,"2":5,"3":2},"f":{"0":2,"1":6,"2":4},"b":{"0":[2,4]},"_coverageSchema":"332fd63041d2c1bcb487cc26dd0d5f7d97098a6c","hash":"d64b0cb4b3dd212291d013213b65b18267213bed"}
,"/Users/andeladeveloper/Desktop/Events-Manager-Olusola-Oseni/client/components/AdminCenterEventsTable.js": {"path":"/Users/andeladeveloper/Desktop/Events-Manager-Olusola-Oseni/client/components/AdminCenterEventsTable.js","statementMap":{"0":{"start":{"line":5,"column":4},"end":{"line":5,"column":17}},"1":{"start":{"line":9,"column":23},"end":{"line":9,"column":33}},"2":{"start":{"line":10,"column":4},"end":{"line":18,"column":5}}},"fnMap":{"0":{"name":"(anonymous_0)","decl":{"start":{"line":4,"column":2},"end":{"line":4,"column":3}},"loc":{"start":{"line":4,"column":21},"end":{"line":6,"column":3}},"line":4},"1":{"name":"(anonymous_1)","decl":{"start":{"line":8,"column":2},"end":{"line":8,"column":3}},"loc":{"start":{"line":8,"column":12},"end":{"line":19,"column":3}},"line":8}},"branchMap":{},"s":{"0":2,"1":2,"2":1},"f":{"0":2,"1":2},"b":{},"_coverageSchema":"332fd63041d2c1bcb487cc26dd0d5f7d97098a6c","hash":"ad2bc0ecf8687e12edaca067ef2a0c9ec974e891"}
,"/Users/andeladeveloper/Desktop/Events-Manager-Olusola-Oseni/client/components/AdminCenterList.js": {"path":"/Users/andeladeveloper/Desktop/Events-Manager-Olusola-Oseni/client/components/AdminCenterList.js","statementMap":{"0":{"start":{"line":8,"column":4},"end":{"line":8,"column":17}},"1":{"start":{"line":12,"column":49},"end":{"line":12,"column":59}},"2":{"start":{"line":13,"column":4},"end":{"line":29,"column":5}},"3":{"start":{"line":23,"column":41},"end":{"line":23,"column":115}},"4":{"start":{"line":32,"column":0},"end":{"line":35,"column":1}}},"fnMap":{"0":{"name":"(anonymous_0)","decl":{"start":{"line":7,"column":2},"end":{"line":7,"column":3}},"loc":{"start":{"line":7,"column":21},"end":{"line":9,"column":3}},"line":7},"1":{"name":"(anonymous_1)","decl":{"start":{"line":11,"column":2},"end":{"line":11,"column":3}},"loc":{"start":{"line":11,"column":12},"end":{"line":30,"column":3}},"line":11},"2":{"name":"(anonymous_2)","decl":{"start":{"line":23,"column":26},"end":{"line":23,"column":27}},"loc":{"start":{"line":23,"column":41},"end":{"line":23,"column":115}},"line":23}},"branchMap":{"0":{"loc":{"start":{"line":22,"column":13},"end":{"line":24,"column":105}},"type":"cond-expr","locations":[{"start":{"line":23,"column":14},"end":{"line":23,"column":116}},{"start":{"line":24,"column":14},"end":{"line":24,"column":105}}],"line":22}},"s":{"0":2,"1":2,"2":1,"3":16,"4":16},"f":{"0":2,"1":2,"2":0},"b":{"0":[0,2]},"_coverageSchema":"332fd63041d2c1bcb487cc26dd0d5f7d97098a6c","hash":"6160a28429f91669348e530323ba5ced2ef8c160"}
,"/Users/andeladeveloper/Desktop/Events-Manager-Olusola-Oseni/client/components/AdminCenters.js": {"path":"/Users/andeladeveloper/Desktop/Events-Manager-Olusola-Oseni/client/components/AdminCenters.js","statementMap":{"0":{"start":{"line":15,"column":4},"end":{"line":15,"column":17}},"1":{"start":{"line":19,"column":4},"end":{"line":22,"column":5}},"2":{"start":{"line":20,"column":19},"end":{"line":20,"column":67}},"3":{"start":{"line":21,"column":6},"end":{"line":21,"column":34}},"4":{"start":{"line":23,"column":4},"end":{"line":25,"column":5}},"5":{"start":{"line":24,"column":6},"end":{"line":24,"column":30}},"6":{"start":{"line":29,"column":38},"end":{"line":29,"column":61}},"7":{"start":{"line":37,"column":8},"end":{"line":37,"column":18}},"8":{"start":{"line":38,"column":4},"end":{"line":61,"column":7}},"9":{"start":{"line":64,"column":0},"end":{"line":72,"column":1}},"10":{"start":{"line":73,"column":24},"end":{"line":78,"column":2}},"11":{"start":{"line":73,"column":36},"end":{"line":78,"column":1}},"12":{"start":{"line":80,"column":27},"end":{"line":83,"column":12}},"13":{"start":{"line":80,"column":41},"end":{"line":83,"column":12}}},"fnMap":{"0":{"name":"(anonymous_0)","decl":{"start":{"line":14,"column":2},"end":{"line":14,"column":3}},"loc":{"start":{"line":14,"column":21},"end":{"line":16,"column":3}},"line":14},"1":{"name":"(anonymous_1)","decl":{"start":{"line":18,"column":2},"end":{"line":18,"column":3}},"loc":{"start":{"line":18,"column":22},"end":{"line":26,"column":3}},"line":18},"2":{"name":"(anonymous_2)","decl":{"start":{"line":28,"column":2},"end":{"line":28,"column":3}},"loc":{"start":{"line":28,"column":12},"end":{"line":62,"column":3}},"line":28},"3":{"name":"(anonymous_3)","decl":{"start":{"line":73,"column":24},"end":{"line":73,"column":25}},"loc":{"start":{"line":73,"column":36},"end":{"line":78,"column":1}},"line":73},"4":{"name":"(anonymous_4)","decl":{"start":{"line":80,"column":27},"end":{"line":80,"column":28}},"loc":{"start":{"line":80,"column":41},"end":{"line":83,"column":12}},"line":80}},"branchMap":{"0":{"loc":{"start":{"line":19,"column":4},"end":{"line":22,"column":5}},"type":"if","locations":[{"start":{"line":19,"column":4},"end":{"line":22,"column":5}},{"start":{"line":19,"column":4},"end":{"line":22,"column":5}}],"line":19},"1":{"loc":{"start":{"line":23,"column":4},"end":{"line":25,"column":5}},"type":"if","locations":[{"start":{"line":23,"column":4},"end":{"line":25,"column":5}},{"start":{"line":23,"column":4},"end":{"line":25,"column":5}}],"line":23},"2":{"loc":{"start":{"line":46,"column":9},"end":{"line":46,"column":53}},"type":"binary-expr","locations":[{"start":{"line":46,"column":9},"end":{"line":46,"column":27}},{"start":{"line":46,"column":29},"end":{"line":46,"column":53}}],"line":46},"3":{"loc":{"start":{"line":47,"column":9},"end":{"line":52,"column":12}},"type":"binary-expr","locations":[{"start":{"line":47,"column":9},"end":{"line":47,"column":27}},{"start":{"line":48,"column":10},"end":{"line":52,"column":12}}],"line":47},"4":{"loc":{"start":{"line":54,"column":9},"end":{"line":58,"column":12}},"type":"binary-expr","locations":[{"start":{"line":54,"column":9},"end":{"line":54,"column":28}},{"start":{"line":55,"column":10},"end":{"line":58,"column":12}}],"line":54}},"s":{"0":2,"1":2,"2":0,"3":1,"4":2,"5":2,"6":17,"7":17,"8":1,"9":32,"10":16,"11":0,"12":16,"13":0},"f":{"0":2,"1":2,"2":2,"3":0,"4":0},"b":{"0":[0,2],"1":[2,0],"2":[2,2],"3":[2,2],"4":[2,0]},"_coverageSchema":"332fd63041d2c1bcb487cc26dd0d5f7d97098a6c","hash":"d9b180425facdebbc088e73a5dc2840f91b22a61"}
,"/Users/andeladeveloper/Desktop/Events-Manager-Olusola-Oseni/client/components/AdminPanel.js": {"path":"/Users/andeladeveloper/Desktop/Events-Manager-Olusola-Oseni/client/components/AdminPanel.js","statementMap":{"0":{"start":{"line":8,"column":65},"end":{"line":8,"column":75}},"1":{"start":{"line":9,"column":4},"end":{"line":81,"column":6}},"2":{"start":{"line":40,"column":28},"end":{"line":45,"column":30}}},"fnMap":{"0":{"name":"(anonymous_0)","decl":{"start":{"line":7,"column":2},"end":{"line":7,"column":3}},"loc":{"start":{"line":7,"column":11},"end":{"line":82,"column":3}},"line":7},"1":{"name":"(anonymous_1)","decl":{"start":{"line":39,"column":36},"end":{"line":39,"column":37}},"loc":{"start":{"line":40,"column":28},"end":{"line":45,"column":30}},"line":40}},"branchMap":{"0":{"loc":{"start":{"line":29,"column":25},"end":{"line":31,"column":25}},"type":"binary-expr","locations":[{"start":{"line":29,"column":25},"end":{"line":29,"column":62}},{"start":{"line":30,"column":26},"end":{"line":30,"column":59}}],"line":29},"1":{"loc":{"start":{"line":32,"column":25},"end":{"line":34,"column":25}},"type":"binary-expr","locations":[{"start":{"line":32,"column":25},"end":{"line":32,"column":57}},{"start":{"line":33,"column":26},"end":{"line":33,"column":50}}],"line":32},"2":{"loc":{"start":{"line":38,"column":23},"end":{"line":47,"column":30}},"type":"cond-expr","locations":[{"start":{"line":39,"column":26},"end":{"line":46,"column":28}},{"start":{"line":47,"column":26},"end":{"line":47,"column":30}}],"line":38},"3":{"loc":{"start":{"line":59,"column":25},"end":{"line":61,"column":32}},"type":"cond-expr","locations":[{"start":{"line":60,"column":28},"end":{"line":60,"column":68}},{"start":{"line":61,"column":28},"end":{"line":61,"column":32}}],"line":59},"4":{"loc":{"start":{"line":64,"column":25},"end":{"line":70,"column":25}},"type":"binary-expr","locations":[{"start":{"line":64,"column":25},"end":{"line":64,"column":44}},{"start":{"line":65,"column":26},"end":{"line":69,"column":28}}],"line":64}},"s":{"0":12,"1":8,"2":2},"f":{"0":12,"1":4},"b":{"0":[12,2],"1":[12,8],"2":[10,2],"3":[10,2],"4":[12,12]},"_coverageSchema":"332fd63041d2c1bcb487cc26dd0d5f7d97098a6c","hash":"e80d67ba296f27be63f123db1e5eb81069279ca6"}
,"/Users/andeladeveloper/Desktop/Events-Manager-Olusola-Oseni/client/components/AdminPanelList.js": {"path":"/Users/andeladeveloper/Desktop/Events-Manager-Olusola-Oseni/client/components/AdminPanelList.js","statementMap":{"0":{"start":{"line":8,"column":56},"end":{"line":8,"column":66}},"1":{"start":{"line":9,"column":29},"end":{"line":9,"column":44}},"2":{"start":{"line":10,"column":4},"end":{"line":19,"column":5}},"3":{"start":{"line":22,"column":0},"end":{"line":25,"column":1}}},"fnMap":{"0":{"name":"(anonymous_0)","decl":{"start":{"line":7,"column":2},"end":{"line":7,"column":3}},"loc":{"start":{"line":7,"column":12},"end":{"line":20,"column":3}},"line":7}},"branchMap":{},"s":{"0":2,"1":17,"2":1,"3":16},"f":{"0":2},"b":{},"_coverageSchema":"332fd63041d2c1bcb487cc26dd0d5f7d97098a6c","hash":"6414888009f068f7a7f0256d7c3590c0a8196a78"}
,"/Users/andeladeveloper/Desktop/Events-Manager-Olusola-Oseni/client/components/AdminPanelTable.js": {"path":"/Users/andeladeveloper/Desktop/Events-Manager-Olusola-Oseni/client/components/AdminPanelTable.js","statementMap":{"0":{"start":{"line":5,"column":4},"end":{"line":5,"column":17}},"1":{"start":{"line":6,"column":4},"end":{"line":6,"column":65}},"2":{"start":{"line":10,"column":4},"end":{"line":10,"column":23}},"3":{"start":{"line":11,"column":4},"end":{"line":11,"column":54}},"4":{"start":{"line":14,"column":37},"end":{"line":14,"column":47}},"5":{"start":{"line":15,"column":32},"end":{"line":15,"column":47}},"6":{"start":{"line":16,"column":4},"end":{"line":39,"column":6}}},"fnMap":{"0":{"name":"(anonymous_0)","decl":{"start":{"line":4,"column":2},"end":{"line":4,"column":3}},"loc":{"start":{"line":4,"column":21},"end":{"line":7,"column":3}},"line":4},"1":{"name":"(anonymous_1)","decl":{"start":{"line":9,"column":2},"end":{"line":9,"column":3}},"loc":{"start":{"line":9,"column":24},"end":{"line":12,"column":3}},"line":9},"2":{"name":"(anonymous_2)","decl":{"start":{"line":13,"column":2},"end":{"line":13,"column":3}},"loc":{"start":{"line":13,"column":11},"end":{"line":40,"column":3}},"line":13}},"branchMap":{"0":{"loc":{"start":{"line":26,"column":11},"end":{"line":36,"column":13}},"type":"binary-expr","locations":[{"start":{"line":26,"column":11},"end":{"line":26,"column":24}},{"start":{"line":27,"column":12},"end":{"line":27,"column":49}},{"start":{"line":28,"column":14},"end":{"line":35,"column":23}}],"line":26}},"s":{"0":2,"1":2,"2":2,"3":2,"4":2,"5":1,"6":1},"f":{"0":2,"1":2,"2":2},"b":{"0":[2,0,0]},"_coverageSchema":"332fd63041d2c1bcb487cc26dd0d5f7d97098a6c","hash":"0f4558f2f08c5975741b0c29331fe670e93d2ec3"}
,"/Users/andeladeveloper/Desktop/Events-Manager-Olusola-Oseni/client/components/AdminPanels.js": {"path":"/Users/andeladeveloper/Desktop/Events-Manager-Olusola-Oseni/client/components/AdminPanels.js","statementMap":{"0":{"start":{"line":12,"column":4},"end":{"line":12,"column":17}},"1":{"start":{"line":16,"column":4},"end":{"line":22,"column":5}},"2":{"start":{"line":17,"column":24},"end":{"line":17,"column":34}},"3":{"start":{"line":18,"column":25},"end":{"line":18,"column":32}},"4":{"start":{"line":19,"column":23},"end":{"line":19,"column":31}},"5":{"start":{"line":20,"column":19},"end":{"line":20,"column":67}},"6":{"start":{"line":21,"column":6},"end":{"line":21,"column":35}},"7":{"start":{"line":26,"column":22},"end":{"line":26,"column":37}},"8":{"start":{"line":28,"column":4},"end":{"line":38,"column":5}},"9":{"start":{"line":29,"column":6},"end":{"line":33,"column":7}},"10":{"start":{"line":35,"column":6},"end":{"line":37,"column":7}},"11":{"start":{"line":42,"column":0},"end":{"line":47,"column":1}},"12":{"start":{"line":48,"column":24},"end":{"line":53,"column":2}},"13":{"start":{"line":48,"column":36},"end":{"line":53,"column":1}},"14":{"start":{"line":55,"column":27},"end":{"line":58,"column":12}},"15":{"start":{"line":55,"column":41},"end":{"line":58,"column":12}}},"fnMap":{"0":{"name":"(anonymous_0)","decl":{"start":{"line":11,"column":2},"end":{"line":11,"column":3}},"loc":{"start":{"line":11,"column":21},"end":{"line":14,"column":3}},"line":11},"1":{"name":"(anonymous_1)","decl":{"start":{"line":15,"column":2},"end":{"line":15,"column":3}},"loc":{"start":{"line":15,"column":22},"end":{"line":23,"column":3}},"line":15},"2":{"name":"(anonymous_2)","decl":{"start":{"line":25,"column":2},"end":{"line":25,"column":3}},"loc":{"start":{"line":25,"column":12},"end":{"line":39,"column":3}},"line":25},"3":{"name":"(anonymous_3)","decl":{"start":{"line":48,"column":24},"end":{"line":48,"column":25}},"loc":{"start":{"line":48,"column":36},"end":{"line":53,"column":1}},"line":48},"4":{"name":"(anonymous_4)","decl":{"start":{"line":55,"column":27},"end":{"line":55,"column":28}},"loc":{"start":{"line":55,"column":41},"end":{"line":58,"column":12}},"line":55}},"branchMap":{"0":{"loc":{"start":{"line":16,"column":4},"end":{"line":22,"column":5}},"type":"if","locations":[{"start":{"line":16,"column":4},"end":{"line":22,"column":5}},{"start":{"line":16,"column":4},"end":{"line":22,"column":5}}],"line":16},"1":{"loc":{"start":{"line":28,"column":4},"end":{"line":38,"column":5}},"type":"if","locations":[{"start":{"line":28,"column":4},"end":{"line":38,"column":5}},{"start":{"line":28,"column":4},"end":{"line":38,"column":5}}],"line":28}},"s":{"0":2,"1":2,"2":2,"3":3,"4":2,"5":2,"6":17,"7":18,"8":2,"9":17,"10":1,"11":16,"12":16,"13":0,"14":16,"15":0},"f":{"0":2,"1":2,"2":4,"3":0,"4":0},"b":{"0":[2,0],"1":[2,2]},"_coverageSchema":"332fd63041d2c1bcb487cc26dd0d5f7d97098a6c","hash":"4338b953bee07a2e2ff3efd2c7c3a51708f10992"}
,"/Users/andeladeveloper/Desktop/Events-Manager-Olusola-Oseni/client/components/CenterImage.js": {"path":"/Users/andeladeveloper/Desktop/Events-Manager-Olusola-Oseni/client/components/CenterImage.js","statementMap":{"0":{"start":{"line":6,"column":4},"end":{"line":6,"column":17}},"1":{"start":{"line":7,"column":4},"end":{"line":7,"column":51}},"2":{"start":{"line":11,"column":15},"end":{"line":11,"column":32}},"3":{"start":{"line":12,"column":20},"end":{"line":12,"column":34}},"4":{"start":{"line":13,"column":4},"end":{"line":13,"column":35}},"5":{"start":{"line":14,"column":4},"end":{"line":14,"column":50}},"6":{"start":{"line":15,"column":4},"end":{"line":15,"column":35}},"7":{"start":{"line":19,"column":4},"end":{"line":34,"column":6}}},"fnMap":{"0":{"name":"(anonymous_0)","decl":{"start":{"line":5,"column":2},"end":{"line":5,"column":3}},"loc":{"start":{"line":5,"column":21},"end":{"line":8,"column":3}},"line":5},"1":{"name":"(anonymous_1)","decl":{"start":{"line":10,"column":2},"end":{"line":10,"column":3}},"loc":{"start":{"line":10,"column":17},"end":{"line":16,"column":3}},"line":10},"2":{"name":"(anonymous_2)","decl":{"start":{"line":18,"column":2},"end":{"line":18,"column":3}},"loc":{"start":{"line":18,"column":11},"end":{"line":35,"column":3}},"line":18}},"branchMap":{},"s":{"0":6,"1":6,"2":2,"3":2,"4":2,"5":4,"6":1,"7":3},"f":{"0":6,"1":2,"2":6},"b":{},"_coverageSchema":"332fd63041d2c1bcb487cc26dd0d5f7d97098a6c","hash":"ca1261239cff547388decf49758ec2e06d4614dd"}
,"/Users/andeladeveloper/Desktop/Events-Manager-Olusola-Oseni/client/components/DeleteModal.js": {"path":"/Users/andeladeveloper/Desktop/Events-Manager-Olusola-Oseni/client/components/DeleteModal.js","statementMap":{"0":{"start":{"line":6,"column":4},"end":{"line":6,"column":17}},"1":{"start":{"line":7,"column":4},"end":{"line":7,"column":63}},"2":{"start":{"line":8,"column":4},"end":{"line":8,"column":65}},"3":{"start":{"line":11,"column":22},"end":{"line":11,"column":32}},"4":{"start":{"line":12,"column":4},"end":{"line":12,"column":79}},"5":{"start":{"line":12,"column":43},"end":{"line":12,"column":77}},"6":{"start":{"line":15,"column":26},"end":{"line":15,"column":36}},"7":{"start":{"line":16,"column":4},"end":{"line":18,"column":56}},"8":{"start":{"line":18,"column":19},"end":{"line":18,"column":54}},"9":{"start":{"line":21,"column":4},"end":{"line":66,"column":6}},"10":{"start":{"line":69,"column":0},"end":{"line":73,"column":2}}},"fnMap":{"0":{"name":"(anonymous_0)","decl":{"start":{"line":5,"column":2},"end":{"line":5,"column":3}},"loc":{"start":{"line":5,"column":21},"end":{"line":9,"column":3}},"line":5},"1":{"name":"(anonymous_1)","decl":{"start":{"line":10,"column":2},"end":{"line":10,"column":3}},"loc":{"start":{"line":10,"column":22},"end":{"line":13,"column":3}},"line":10},"2":{"name":"(anonymous_2)","decl":{"start":{"line":12,"column":36},"end":{"line":12,"column":37}},"loc":{"start":{"line":12,"column":43},"end":{"line":12,"column":77}},"line":12},"3":{"name":"(anonymous_3)","decl":{"start":{"line":14,"column":2},"end":{"line":14,"column":3}},"loc":{"start":{"line":14,"column":23},"end":{"line":19,"column":3}},"line":14},"4":{"name":"(anonymous_4)","decl":{"start":{"line":18,"column":12},"end":{"line":18,"column":13}},"loc":{"start":{"line":18,"column":19},"end":{"line":18,"column":54}},"line":18},"5":{"name":"(anonymous_5)","decl":{"start":{"line":20,"column":2},"end":{"line":20,"column":3}},"loc":{"start":{"line":20,"column":11},"end":{"line":67,"column":3}},"line":20}},"branchMap":{"0":{"loc":{"start":{"line":52,"column":22},"end":{"line":54,"column":49}},"type":"cond-expr","locations":[{"start":{"line":53,"column":26},"end":{"line":53,"column":48}},{"start":{"line":54,"column":26},"end":{"line":54,"column":49}}],"line":52}},"s":{"0":6,"1":6,"2":6,"3":0,"4":0,"5":0,"6":0,"7":3,"8":18,"9":3,"10":18},"f":{"0":6,"1":0,"2":0,"3":0,"4":0,"5":6},"b":{"0":[6,0]},"_coverageSchema":"332fd63041d2c1bcb487cc26dd0d5f7d97098a6c","hash":"ee3f6595f067d173aae920bd5470d6700f71f7d6"}
,"/Users/andeladeveloper/Desktop/Events-Manager-Olusola-Oseni/client/components/Event.js": {"path":"/Users/andeladeveloper/Desktop/Events-Manager-Olusola-Oseni/client/components/Event.js","statementMap":{"0":{"start":{"line":8,"column":4},"end":{"line":8,"column":17}},"1":{"start":{"line":12,"column":25},"end":{"line":12,"column":35}},"2":{"start":{"line":13,"column":19},"end":{"line":13,"column":35}},"3":{"start":{"line":14,"column":19},"end":{"line":16,"column":5}},"4":{"start":{"line":15,"column":16},"end":{"line":15,"column":44}},"5":{"start":{"line":17,"column":25},"end":{"line":17,"column":31}},"6":{"start":{"line":18,"column":4},"end":{"line":83,"column":6}},"7":{"start":{"line":86,"column":0},"end":{"line":89,"column":2}}},"fnMap":{"0":{"name":"(anonymous_0)","decl":{"start":{"line":7,"column":2},"end":{"line":7,"column":3}},"loc":{"start":{"line":7,"column":21},"end":{"line":9,"column":3}},"line":7},"1":{"name":"(anonymous_1)","decl":{"start":{"line":11,"column":2},"end":{"line":11,"column":3}},"loc":{"start":{"line":11,"column":11},"end":{"line":84,"column":3}},"line":11},"2":{"name":"(anonymous_2)","decl":{"start":{"line":15,"column":6},"end":{"line":15,"column":7}},"loc":{"start":{"line":15,"column":16},"end":{"line":15,"column":44}},"line":15}},"branchMap":{"0":{"loc":{"start":{"line":26,"column":25},"end":{"line":26,"column":74}},"type":"cond-expr","locations":[{"start":{"line":26,"column":38},"end":{"line":26,"column":67}},{"start":{"line":26,"column":70},"end":{"line":26,"column":74}}],"line":26},"1":{"loc":{"start":{"line":29,"column":24},"end":{"line":29,"column":63}},"type":"cond-expr","locations":[{"start":{"line":29,"column":37},"end":{"line":29,"column":56}},{"start":{"line":29,"column":59},"end":{"line":29,"column":63}}],"line":29}},"s":{"0":4,"1":2,"2":4,"3":19,"4":0,"5":2,"6":2,"7":17},"f":{"0":4,"1":4,"2":0},"b":{"0":[0,4],"1":[0,4]},"_coverageSchema":"332fd63041d2c1bcb487cc26dd0d5f7d97098a6c","hash":"9d5af1774e5bdeb9ce1bcccd5165c0c84c708de9"}
,"/Users/andeladeveloper/Desktop/Events-Manager-Olusola-Oseni/client/components/EventList.js": {"path":"/Users/andeladeveloper/Desktop/Events-Manager-Olusola-Oseni/client/components/EventList.js","statementMap":{"0":{"start":{"line":9,"column":4},"end":{"line":9,"column":17}},"1":{"start":{"line":19,"column":8},"end":{"line":19,"column":18}},"2":{"start":{"line":20,"column":4},"end":{"line":58,"column":6}},"3":{"start":{"line":47,"column":16},"end":{"line":52,"column":18}},"4":{"start":{"line":61,"column":0},"end":{"line":65,"column":2}}},"fnMap":{"0":{"name":"(anonymous_0)","decl":{"start":{"line":8,"column":2},"end":{"line":8,"column":3}},"loc":{"start":{"line":8,"column":21},"end":{"line":10,"column":3}},"line":8},"1":{"name":"(anonymous_1)","decl":{"start":{"line":11,"column":2},"end":{"line":11,"column":3}},"loc":{"start":{"line":11,"column":11},"end":{"line":59,"column":3}},"line":11},"2":{"name":"(anonymous_2)","decl":{"start":{"line":46,"column":25},"end":{"line":46,"column":26}},"loc":{"start":{"line":47,"column":16},"end":{"line":52,"column":18}},"line":47}},"branchMap":{"0":{"loc":{"start":{"line":33,"column":9},"end":{"line":38,"column":16}},"type":"cond-expr","locations":[{"start":{"line":34,"column":10},"end":{"line":37,"column":12}},{"start":{"line":38,"column":12},"end":{"line":38,"column":16}}],"line":33},"1":{"loc":{"start":{"line":41,"column":13},"end":{"line":54,"column":13}},"type":"cond-expr","locations":[{"start":{"line":42,"column":14},"end":{"line":44,"column":19}},{"start":{"line":46,"column":14},"end":{"line":53,"column":16}}],"line":41}},"s":{"0":2,"1":2,"2":1,"3":16,"4":16},"f":{"0":2,"1":2,"2":0},"b":{"0":[2,0],"1":[2,0]},"_coverageSchema":"332fd63041d2c1bcb487cc26dd0d5f7d97098a6c","hash":"c918dd10bcfd4a3d17783c4781662bd3c7632668"}
,"/Users/andeladeveloper/Desktop/Events-Manager-Olusola-Oseni/client/components/Events.js": {"path":"/Users/andeladeveloper/Desktop/Events-Manager-Olusola-Oseni/client/components/Events.js","statementMap":{"0":{"start":{"line":19,"column":4},"end":{"line":19,"column":17}},"1":{"start":{"line":22,"column":17},"end":{"line":22,"column":65}},"2":{"start":{"line":23,"column":4},"end":{"line":23,"column":35}},"3":{"start":{"line":24,"column":4},"end":{"line":24,"column":31}},"4":{"start":{"line":27,"column":37},"end":{"line":27,"column":58}},"5":{"start":{"line":35,"column":8},"end":{"line":35,"column":18}},"6":{"start":{"line":37,"column":4},"end":{"line":53,"column":6}},"7":{"start":{"line":56,"column":0},"end":{"line":62,"column":2}},"8":{"start":{"line":63,"column":24},"end":{"line":67,"column":2}},"9":{"start":{"line":63,"column":34},"end":{"line":67,"column":1}},"10":{"start":{"line":69,"column":27},"end":{"line":78,"column":3}},"11":{"start":{"line":70,"column":2},"end":{"line":78,"column":3}}},"fnMap":{"0":{"name":"(anonymous_0)","decl":{"start":{"line":18,"column":2},"end":{"line":18,"column":3}},"loc":{"start":{"line":18,"column":21},"end":{"line":20,"column":3}},"line":18},"1":{"name":"(anonymous_1)","decl":{"start":{"line":21,"column":2},"end":{"line":21,"column":3}},"loc":{"start":{"line":21,"column":22},"end":{"line":25,"column":3}},"line":21},"2":{"name":"(anonymous_2)","decl":{"start":{"line":26,"column":2},"end":{"line":26,"column":3}},"loc":{"start":{"line":26,"column":11},"end":{"line":54,"column":3}},"line":26},"3":{"name":"(anonymous_3)","decl":{"start":{"line":63,"column":24},"end":{"line":63,"column":25}},"loc":{"start":{"line":63,"column":34},"end":{"line":67,"column":1}},"line":63},"4":{"name":"(anonymous_4)","decl":{"start":{"line":69,"column":27},"end":{"line":69,"column":28}},"loc":{"start":{"line":70,"column":2},"end":{"line":78,"column":3}},"line":70}},"branchMap":{"0":{"loc":{"start":{"line":49,"column":9},"end":{"line":51,"column":9}},"type":"binary-expr","locations":[{"start":{"line":49,"column":9},"end":{"line":49,"column":28}},{"start":{"line":50,"column":10},"end":{"line":50,"column":65}}],"line":49}},"s":{"0":2,"1":2,"2":2,"3":2,"4":17,"5":17,"6":1,"7":32,"8":16,"9":0,"10":16,"11":0},"f":{"0":2,"1":2,"2":2,"3":0,"4":0},"b":{"0":[2,2]},"_coverageSchema":"332fd63041d2c1bcb487cc26dd0d5f7d97098a6c","hash":"7c9575fb5aa45f815f34ba75396dd48486774f06"}
,"/Users/andeladeveloper/Desktop/Events-Manager-Olusola-Oseni/client/components/FlashMessage.js": {"path":"/Users/andeladeveloper/Desktop/Events-Manager-Olusola-Oseni/client/components/FlashMessage.js","statementMap":{"0":{"start":{"line":6,"column":4},"end":{"line":6,"column":16}},"1":{"start":{"line":7,"column":4},"end":{"line":7,"column":58}},"2":{"start":{"line":10,"column":4},"end":{"line":10,"column":56}},"3":{"start":{"line":13,"column":30},"end":{"line":13,"column":48}},"4":{"start":{"line":14,"column":4},"end":{"line":19,"column":5}},"5":{"start":{"line":23,"column":0},"end":{"line":26,"column":1}}},"fnMap":{"0":{"name":"(anonymous_0)","decl":{"start":{"line":5,"column":2},"end":{"line":5,"column":3}},"loc":{"start":{"line":5,"column":21},"end":{"line":8,"column":3}},"line":5},"1":{"name":"(anonymous_1)","decl":{"start":{"line":9,"column":2},"end":{"line":9,"column":3}},"loc":{"start":{"line":9,"column":20},"end":{"line":11,"column":3}},"line":9},"2":{"name":"(anonymous_2)","decl":{"start":{"line":12,"column":2},"end":{"line":12,"column":3}},"loc":{"start":{"line":12,"column":12},"end":{"line":20,"column":3}},"line":12}},"branchMap":{},"s":{"0":0,"1":0,"2":0,"3":0,"4":16,"5":16},"f":{"0":0,"1":0,"2":0},"b":{},"_coverageSchema":"332fd63041d2c1bcb487cc26dd0d5f7d97098a6c","hash":"e30106b20d983ca8ccdbb115e43c526c77497598"}
,"/Users/andeladeveloper/Desktop/Events-Manager-Olusola-Oseni/client/components/FlashMessageList.js": {"path":"/Users/andeladeveloper/Desktop/Events-Manager-Olusola-Oseni/client/components/FlashMessageList.js","statementMap":{"0":{"start":{"line":7,"column":45},"end":{"line":7,"column":55}},"1":{"start":{"line":8,"column":4},"end":{"line":14,"column":5}},"2":{"start":{"line":11,"column":63},"end":{"line":11,"column":160}},"3":{"start":{"line":18,"column":0},"end":{"line":21,"column":1}}},"fnMap":{"0":{"name":"(anonymous_0)","decl":{"start":{"line":6,"column":2},"end":{"line":6,"column":3}},"loc":{"start":{"line":6,"column":12},"end":{"line":15,"column":3}},"line":6},"1":{"name":"(anonymous_1)","decl":{"start":{"line":11,"column":47},"end":{"line":11,"column":48}},"loc":{"start":{"line":11,"column":63},"end":{"line":11,"column":160}},"line":11}},"branchMap":{"0":{"loc":{"start":{"line":11,"column":10},"end":{"line":11,"column":168}},"type":"cond-expr","locations":[{"start":{"line":11,"column":34},"end":{"line":11,"column":161}},{"start":{"line":11,"column":164},"end":{"line":11,"column":168}}],"line":11}},"s":{"0":0,"1":0,"2":16,"3":16},"f":{"0":0,"1":0},"b":{"0":[0,0]},"_coverageSchema":"332fd63041d2c1bcb487cc26dd0d5f7d97098a6c","hash":"181b1a63e45d88b3fc5276e0fd020b26b1b6eb32"}
,"/Users/andeladeveloper/Desktop/Events-Manager-Olusola-Oseni/client/components/LandingPage.js": {"path":"/Users/andeladeveloper/Desktop/Events-Manager-Olusola-Oseni/client/components/LandingPage.js","statementMap":{"0":{"start":{"line":15,"column":79},"end":{"line":15,"column":89}},"1":{"start":{"line":16,"column":4},"end":{"line":39,"column":6}},"2":{"start":{"line":42,"column":0},"end":{"line":46,"column":1}},"3":{"start":{"line":48,"column":24},"end":{"line":50,"column":2}},"4":{"start":{"line":48,"column":36},"end":{"line":50,"column":1}},"5":{"start":{"line":51,"column":27},"end":{"line":57,"column":1}},"6":{"start":{"line":51,"column":41},"end":{"line":57,"column":1}}},"fnMap":{"0":{"name":"(anonymous_0)","decl":{"start":{"line":14,"column":2},"end":{"line":14,"column":3}},"loc":{"start":{"line":14,"column":12},"end":{"line":40,"column":3}},"line":14},"1":{"name":"(anonymous_1)","decl":{"start":{"line":48,"column":24},"end":{"line":48,"column":25}},"loc":{"start":{"line":48,"column":36},"end":{"line":50,"column":1}},"line":48},"2":{"name":"(anonymous_2)","decl":{"start":{"line":51,"column":27},"end":{"line":51,"column":28}},"loc":{"start":{"line":51,"column":41},"end":{"line":57,"column":1}},"line":51}},"branchMap":{},"s":{"0":2,"1":17,"2":32,"3":16,"4":16,"5":16,"6":0},"f":{"0":2,"1":0,"2":0},"b":{},"_coverageSchema":"332fd63041d2c1bcb487cc26dd0d5f7d97098a6c","hash":"4f8b79d983dfaa6dd89baf90537c3f086d05ead3"}
,"/Users/andeladeveloper/Desktop/Events-Manager-Olusola-Oseni/client/components/ModifyCenter.js": {"path":"/Users/andeladeveloper/Desktop/Events-Manager-Olusola-Oseni/client/components/ModifyCenter.js","statementMap":{"0":{"start":{"line":10,"column":4},"end":{"line":10,"column":17}},"1":{"start":{"line":11,"column":4},"end":{"line":14,"column":6}},"2":{"start":{"line":16,"column":4},"end":{"line":16,"column":41}},"3":{"start":{"line":17,"column":4},"end":{"line":17,"column":45}},"4":{"start":{"line":20,"column":20},"end":{"line":20,"column":37}},"5":{"start":{"line":21,"column":4},"end":{"line":23,"column":5}},"6":{"start":{"line":22,"column":6},"end":{"line":22,"column":57}},"7":{"start":{"line":26,"column":31},"end":{"line":26,"column":68}},"8":{"start":{"line":27,"column":4},"end":{"line":29,"column":5}},"9":{"start":{"line":28,"column":6},"end":{"line":28,"column":31}},"10":{"start":{"line":30,"column":4},"end":{"line":30,"column":19}},"11":{"start":{"line":34,"column":4},"end":{"line":39,"column":7}},"12":{"start":{"line":43,"column":4},"end":{"line":43,"column":23}},"13":{"start":{"line":44,"column":4},"end":{"line":44,"column":33}},"14":{"start":{"line":55,"column":8},"end":{"line":55,"column":25}},"15":{"start":{"line":56,"column":25},"end":{"line":56,"column":35}},"16":{"start":{"line":57,"column":24},"end":{"line":57,"column":34}},"17":{"start":{"line":58,"column":4},"end":{"line":80,"column":5}},"18":{"start":{"line":59,"column":6},"end":{"line":79,"column":11}},"19":{"start":{"line":74,"column":10},"end":{"line":78,"column":11}},"20":{"start":{"line":75,"column":12},"end":{"line":75,"column":68}},"21":{"start":{"line":77,"column":12},"end":{"line":77,"column":64}},"22":{"start":{"line":87,"column":33},"end":{"line":87,"column":43}},"23":{"start":{"line":88,"column":25},"end":{"line":88,"column":35}},"24":{"start":{"line":89,"column":4},"end":{"line":243,"column":6}},"25":{"start":{"line":246,"column":0},"end":{"line":250,"column":2}}},"fnMap":{"0":{"name":"(anonymous_0)","decl":{"start":{"line":9,"column":2},"end":{"line":9,"column":3}},"loc":{"start":{"line":9,"column":21},"end":{"line":18,"column":3}},"line":9},"1":{"name":"(anonymous_1)","decl":{"start":{"line":19,"column":2},"end":{"line":19,"column":3}},"loc":{"start":{"line":19,"column":39},"end":{"line":24,"column":3}},"line":19},"2":{"name":"(anonymous_2)","decl":{"start":{"line":25,"column":2},"end":{"line":25,"column":3}},"loc":{"start":{"line":25,"column":12},"end":{"line":31,"column":3}},"line":25},"3":{"name":"(anonymous_3)","decl":{"start":{"line":33,"column":2},"end":{"line":33,"column":3}},"loc":{"start":{"line":33,"column":14},"end":{"line":40,"column":3}},"line":33},"4":{"name":"(anonymous_4)","decl":{"start":{"line":42,"column":2},"end":{"line":42,"column":3}},"loc":{"start":{"line":42,"column":12},"end":{"line":84,"column":3}},"line":42},"5":{"name":"(anonymous_5)","decl":{"start":{"line":73,"column":14},"end":{"line":73,"column":15}},"loc":{"start":{"line":73,"column":20},"end":{"line":79,"column":9}},"line":73},"6":{"name":"(anonymous_6)","decl":{"start":{"line":86,"column":2},"end":{"line":86,"column":3}},"loc":{"start":{"line":86,"column":11},"end":{"line":244,"column":3}},"line":86}},"branchMap":{"0":{"loc":{"start":{"line":21,"column":4},"end":{"line":23,"column":5}},"type":"if","locations":[{"start":{"line":21,"column":4},"end":{"line":23,"column":5}},{"start":{"line":21,"column":4},"end":{"line":23,"column":5}}],"line":21},"1":{"loc":{"start":{"line":27,"column":4},"end":{"line":29,"column":5}},"type":"if","locations":[{"start":{"line":27,"column":4},"end":{"line":29,"column":5}},{"start":{"line":27,"column":4},"end":{"line":29,"column":5}}],"line":27},"2":{"loc":{"start":{"line":58,"column":4},"end":{"line":80,"column":5}},"type":"if","locations":[{"start":{"line":58,"column":4},"end":{"line":80,"column":5}},{"start":{"line":58,"column":4},"end":{"line":80,"column":5}}],"line":58},"3":{"loc":{"start":{"line":69,"column":19},"end":{"line":69,"column":36}},"type":"binary-expr","locations":[{"start":{"line":69,"column":19},"end":{"line":69,"column":27}},{"start":{"line":69,"column":31},"end":{"line":69,"column":36}}],"line":69},"4":{"loc":{"start":{"line":74,"column":10},"end":{"line":78,"column":11}},"type":"if","locations":[{"start":{"line":74,"column":10},"end":{"line":78,"column":11}},{"start":{"line":74,"column":10},"end":{"line":78,"column":11}}],"line":74},"5":{"loc":{"start":{"line":119,"column":21},"end":{"line":121,"column":21}},"type":"binary-expr","locations":[{"start":{"line":119,"column":21},"end":{"line":119,"column":34}},{"start":{"line":120,"column":22},"end":{"line":120,"column":79}}],"line":119}},"s":{"0":8,"1":8,"2":8,"3":8,"4":0,"5":0,"6":1,"7":2,"8":2,"9":7,"10":2,"11":7,"12":2,"13":1,"14":1,"15":1,"16":1,"17":13,"18":17,"19":0,"20":0,"21":0,"22":12,"23":12,"24":12,"25":17},"f":{"0":8,"1":0,"2":2,"3":12,"4":2,"5":0,"6":24},"b":{"0":[0,0],"1":[2,0],"2":[0,2],"3":[0,0],"4":[0,0],"5":[24,2]},"_coverageSchema":"332fd63041d2c1bcb487cc26dd0d5f7d97098a6c","hash":"8f470f928c105d68e8f46f5e081f5457bf90805a"}
[...]
,"/Users/andeladeveloper/Desktop/Events-Manager-Olusola-Oseni/client/tests/components/SignOut.test.js": {"path":"/Users/andeladeveloper/Desktop/Events-Manager-Olusola-Oseni/client/tests/components/SignOut.test.js","statementMap":{"0":{"start":{"line":8,"column":0},"end":{"line":8,"column":38}},"1":{"start":{"line":10,"column":0},"end":{"line":16,"column":3}},"2":{"start":{"line":11,"column":2},"end":{"line":15,"column":5}},"3":{"start":{"line":12,"column":26},"end":{"line":12,"column":35}},"4":{"start":{"line":13,"column":20},"end":{"line":13,"column":63}},"5":{"start":{"line":14,"column":4},"end":{"line":14,"column":46}}},"fnMap":{"0":{"name":"(anonymous_0)","decl":{"start":{"line":10,"column":24},"end":{"line":10,"column":25}},"loc":{"start":{"line":10,"column":30},"end":{"line":16,"column":1}},"line":10},"1":{"name":"(anonymous_1)","decl":{"start":{"line":11,"column":44},"end":{"line":11,"column":45}},"loc":{"start":{"line":11,"column":50},"end":{"line":15,"column":3}},"line":11}},"branchMap":{},"s":{"0":1,"1":1,"2":1,"3":1,"4":1,"5":1},"f":{"0":1,"1":1},"b":{},"_coverageSchema":"332fd63041d2c1bcb487cc26dd0d5f7d97098a6c","hash":"fa5ade3ca96a69934d020b31d47bedeed58ec81e"}
,"/Users/andeladeveloper/Desktop/Events-Manager-Olusola-Oseni/client/tests/components/SubmitButton.test.js": {"path":"/Users/andeladeveloper/Desktop/Events-Manager-Olusola-Oseni/client/tests/components/SubmitButton.test.js","statementMap":{"0":{"start":{"line":6,"column":0},"end":{"line":6,"column":38}},"1":{"start":{"line":8,"column":0},"end":{"line":23,"column":3}},"2":{"start":{"line":9,"column":16},"end":{"line":12,"column":3}},"3":{"start":{"line":14,"column":2},"end":{"line":22,"column":5}},"4":{"start":{"line":15,"column":20},"end":{"line":18,"column":5}},"5":{"start":{"line":19,"column":4},"end":{"line":19,"column":50}},"6":{"start":{"line":20,"column":4},"end":{"line":20,"column":59}},"7":{"start":{"line":21,"column":4},"end":{"line":21,"column":57}}},"fnMap":{"0":{"name":"(anonymous_0)","decl":{"start":{"line":8,"column":29},"end":{"line":8,"column":30}},"loc":{"start":{"line":8,"column":35},"end":{"line":23,"column":1}},"line":8},"1":{"name":"(anonymous_1)","decl":{"start":{"line":14,"column":49},"end":{"line":14,"column":50}},"loc":{"start":{"line":14,"column":55},"end":{"line":22,"column":3}},"line":14}},"branchMap":{},"s":{"0":1,"1":1,"2":1,"3":1,"4":1,"5":1,"6":1,"7":1},"f":{"0":1,"1":1},"b":{},"_coverageSchema":"332fd63041d2c1bcb487cc26dd0d5f7d97098a6c","hash":"1f6a30367d24bd252d9f15c339bd3f31b98954aa"}
,"/Users/andeladeveloper/Desktop/Events-Manager-Olusola-Oseni/client/tests/components/routes.test.js": {"path":"/Users/andeladeveloper/Desktop/Events-Manager-Olusola-Oseni/client/tests/components/routes.test.js","statementMap":{"0":{"start":{"line":8,"column":0},"end":{"line":8,"column":38}},"1":{"start":{"line":10,"column":0},"end":{"line":15,"column":3}},"2":{"start":{"line":11,"column":2},"end":{"line":14,"column":5}},"3":{"start":{"line":12,"column":20},"end":{"line":12,"column":39}},"4":{"start":{"line":13,"column":4},"end":{"line":13,"column":38}}},"fnMap":{"0":{"name":"(anonymous_0)","decl":{"start":{"line":10,"column":23},"end":{"line":10,"column":24}},"loc":{"start":{"line":10,"column":29},"end":{"line":15,"column":1}},"line":10},"1":{"name":"(anonymous_1)","decl":{"start":{"line":11,"column":43},"end":{"line":11,"column":44}},"loc":{"start":{"line":11,"column":49},"end":{"line":14,"column":3}},"line":11}},"branchMap":{},"s":{"0":1,"1":1,"2":1,"3":1,"4":1},"f":{"0":1,"1":1},"b":{},"_coverageSchema":"332fd63041d2c1bcb487cc26dd0d5f7d97098a6c","hash":"6e109c16bd58a503122e230b287d9d9daa3c7403"}
,"/Users/andeladeveloper/Desktop/Events-Manager-Olusola-Oseni/client/tests/reducers/authReducer.test.js": {"path":"/Users/andeladeveloper/Desktop/Events-Manager-Olusola-Oseni/client/tests/reducers/authReducer.test.js","statementMap":{"0":{"start":{"line":4,"column":21},"end":{"line":7,"column":1}},"1":{"start":{"line":9,"column":0},"end":{"line":27,"column":3}},"2":{"start":{"line":10,"column":2},"end":{"line":13,"column":5}},"3":{"start":{"line":11,"column":20},"end":{"line":11,"column":42}},"4":{"start":{"line":12,"column":4},"end":{"line":12,"column":42}},"5":{"start":{"line":14,"column":2},"end":{"line":26,"column":5}},"6":{"start":{"line":15,"column":18},"end":{"line":15,"column":30}},"7":{"start":{"line":16,"column":19},"end":{"line":19,"column":5}},"8":{"start":{"line":20,"column":20},"end":{"line":20,"column":42}},"9":{"start":{"line":21,"column":4},"end":{"line":25,"column":7}}},"fnMap":{"0":{"name":"(anonymous_0)","decl":{"start":{"line":9,"column":35},"end":{"line":9,"column":36}},"loc":{"start":{"line":9,"column":41},"end":{"line":27,"column":1}},"line":9},"1":{"name":"(anonymous_1)","decl":{"start":{"line":10,"column":40},"end":{"line":10,"column":41}},"loc":{"start":{"line":10,"column":46},"end":{"line":13,"column":3}},"line":10},"2":{"name":"(anonymous_2)","decl":{"start":{"line":14,"column":39},"end":{"line":14,"column":40}},"loc":{"start":{"line":14,"column":45},"end":{"line":26,"column":3}},"line":14}},"branchMap":{},"s":{"0":1,"1":1,"2":1,"3":1,"4":1,"5":1,"6":1,"7":1,"8":1,"9":1},"f":{"0":1,"1":1,"2":1},"b":{},"_coverageSchema":"332fd63041d2c1bcb487cc26dd0d5f7d97098a6c","hash":"360772f9afffd20730f08e691f1ad33f73e8bb9f"}
,"/Users/andeladeveloper/Desktop/Events-Manager-Olusola-Oseni/client/tests/reducers/eventReducer.test.js": {"path":"/Users/andeladeveloper/Desktop/Events-Manager-Olusola-Oseni/client/tests/reducers/eventReducer.test.js","statementMap":{"0":{"start":{"line":4,"column":21},"end":{"line":9,"column":1}},"1":{"start":{"line":11,"column":0},"end":{"line":185,"column":3}},"2":{"start":{"line":12,"column":2},"end":{"line":15,"column":5}},"3":{"start":{"line":13,"column":20},"end":{"line":13,"column":53}},"4":{"start":{"line":14,"column":4},"end":{"line":14,"column":42}},"5":{"start":{"line":16,"column":2},"end":{"line":23,"column":5}},"6":{"start":{"line":17,"column":18},"end":{"line":17,"column":30}},"7":{"start":{"line":18,"column":19},"end":{"line":20,"column":5}},"8":{"start":{"line":21,"column":20},"end":{"line":21,"column":53}},"9":{"start":{"line":22,"column":4},"end":{"line":22,"column":42}},"10":{"start":{"line":24,"column":2},"end":{"line":47,"column":5}},"11":{"start":{"line":25,"column":18},"end":{"line":25,"column":30}},"12":{"start":{"line":26,"column":19},"end":{"line":37,"column":5}},"13":{"start":{"line":38,"column":20},"end":{"line":38,"column":53}},"14":{"start":{"line":39,"column":4},"end":{"line":46,"column":7}},"15":{"start":{"line":48,"column":2},"end":{"line":64,"column":5}},"16":{"start":{"line":49,"column":18},"end":{"line":49,"column":30}},"17":{"start":{"line":50,"column":19},"end":{"line":56,"column":5}},"18":{"start":{"line":57,"column":20},"end":{"line":57,"column":53}},"19":{"start":{"line":58,"column":4},"end":{"line":63,"column":7}},"20":{"start":{"line":65,"column":2},"end":{"line":73,"column":5}},"21":{"start":{"line":66,"column":18},"end":{"line":66,"column":30}},"22":{"start":{"line":67,"column":19},"end":{"line":70,"column":5}},"23":{"start":{"line":71,"column":20},"end":{"line":71,"column":53}},"24":{"start":{"line":72,"column":4},"end":{"line":72,"column":42}},"25":{"start":{"line":74,"column":2},"end":{"line":111,"column":5}},"26":{"start":{"line":75,"column":18},"end":{"line":75,"column":30}},"27":{"start":{"line":76,"column":19},"end":{"line":92,"column":5}},"28":{"start":{"line":93,"column":20},"end":{"line":93,"column":53}},"29":{"start":{"line":94,"column":4},"end":{"line":110,"column":7}},"30":{"start":{"line":112,"column":2},"end":{"line":129,"column":5}},"31":{"start":{"line":113,"column":18},"end":{"line":113,"column":30}},"32":{"start":{"line":114,"column":19},"end":{"line":120,"column":5}},"33":{"start":{"line":121,"column":20},"end":{"line":121,"column":53}},"34":{"start":{"line":122,"column":4},"end":{"line":128,"column":7}},"35":{"start":{"line":130,"column":2},"end":{"line":137,"column":5}},"36":{"start":{"line":131,"column":18},"end":{"line":131,"column":30}},"37":{"start":{"line":132,"column":19},"end":{"line":134,"column":5}},"38":{"start":{"line":135,"column":20},"end":{"line":135,"column":53}},"39":{"start":{"line":136,"column":4},"end":{"line":136,"column":42}},"40":{"start":{"line":138,"column":2},"end":{"line":168,"column":5}},"41":{"start":{"line":139,"column":18},"end":{"line":152,"column":5}},"42":{"start":{"line":153,"column":19},"end":{"line":160,"column":5}},"43":{"start":{"line":161,"column":20},"end":{"line":161,"column":53}},"44":{"start":{"line":162,"column":4},"end":{"line":167,"column":7}},"45":{"start":{"line":169,"column":2},"end":{"line":184,"column":5}},"46":{"start":{"line":170,"column":18},"end":{"line":170,"column":30}},"47":{"start":{"line":171,"column":19},"end":{"line":177,"column":5}},"48":{"start":{"line":178,"column":20},"end":{"line":178,"column":53}},"49":{"start":{"line":179,"column":4},"end":{"line":183,"column":7}}},"fnMap":{"0":{"name":"(anonymous_0)","decl":{"start":{"line":11,"column":26},"end":{"line":11,"column":27}},"loc":{"start":{"line":11,"column":32},"end":{"line":185,"column":1}},"line":11},"1":{"name":"(anonymous_1)","decl":{"start":{"line":12,"column":40},"end":{"line":12,"column":41}},"loc":{"start":{"line":12,"column":46},"end":{"line":15,"column":3}},"line":12},"2":{"name":"(anonymous_2)","decl":{"start":{"line":16,"column":37},"end":{"line":16,"column":38}},"loc":{"start":{"line":16,"column":43},"end":{"line":23,"column":3}},"line":16},"3":{"name":"(anonymous_3)","decl":{"start":{"line":24,"column":46},"end":{"line":24,"column":47}},"loc":{"start":{"line":24,"column":52},"end":{"line":47,"column":3}},"line":24},"4":{"name":"(anonymous_4)","decl":{"start":{"line":48,"column":46},"end":{"line":48,"column":47}},"loc":{"start":{"line":48,"column":52},"end":{"line":64,"column":3}},"line":48},"5":{"name":"(anonymous_5)","decl":{"start":{"line":65,"column":32},"end":{"line":65,"column":33}},"loc":{"start":{"line":65,"column":38},"end":{"line":73,"column":3}},"line":65},"6":{"name":"(anonymous_6)","decl":{"start":{"line":74,"column":41},"end":{"line":74,"column":42}},"loc":{"start":{"line":74,"column":47},"end":{"line":111,"column":3}},"line":74},"7":{"name":"(anonymous_7)","decl":{"start":{"line":112,"column":41},"end":{"line":112,"column":42}},"loc":{"start":{"line":112,"column":47},"end":{"line":129,"column":3}},"line":112},"8":{"name":"(anonymous_8)","decl":{"start":{"line":130,"column":35},"end":{"line":130,"column":36}},"loc":{"start":{"line":130,"column":41},"end":{"line":137,"column":3}},"line":130},"9":{"name":"(anonymous_9)","decl":{"start":{"line":138,"column":44},"end":{"line":138,"column":45}},"loc":{"start":{"line":138,"column":50},"end":{"line":168,"column":3}},"line":138},"10":{"name":"(anonymous_10)","decl":{"start":{"line":169,"column":44},"end":{"line":169,"column":45}},"loc":{"start":{"line":169,"column":50},"end":{"line":184,"column":3}},"line":169}},"branchMap":{},"s":{"0":1,"1":1,"2":1,"3":1,"4":1,"5":1,"6":1,"7":1,"8":1,"9":1,"10":1,"11":1,"12":1,"13":1,"14":1,"15":1,"16":1,"17":1,"18":1,"19":1,"20":1,"21":1,"22":1,"23":1,"24":1,"25":1,"26":1,"27":1,"28":1,"29":1,"30":1,"31":1,"32":1,"33":1,"34":1,"35":1,"36":1,"37":1,"38":1,"39":1,"40":1,"41":1,"42":1,"43":1,"44":1,"45":1,"46":1,"47":1,"48":1,"49":1},"f":{"0":1,"1":1,"2":1,"3":1,"4":1,"5":1,"6":1,"7":1,"8":1,"9":1,"10":1},"b":{},"_coverageSchema":"332fd63041d2c1bcb487cc26dd0d5f7d97098a6c","hash":"07220024724641e29e880be03292f662048f5630"}
,"/Users/andeladeveloper/Desktop/Events-Manager-Olusola-Oseni/client/tests/reducers/flasMessageReducer.test.js": {"path":"/Users/andeladeveloper/Desktop/Events-Manager-Olusola-Oseni/client/tests/reducers/flasMessageReducer.test.js","statementMap":{"0":{"start":{"line":4,"column":21},"end":{"line":4,"column":23}},"1":{"start":{"line":6,"column":0},"end":{"line":45,"column":3}},"2":{"start":{"line":7,"column":2},"end":{"line":10,"column":5}},"3":{"start":{"line":8,"column":20},"end":{"line":8,"column":42}},"4":{"start":{"line":9,"column":4},"end":{"line":9,"column":42}},"5":{"start":{"line":11,"column":2},"end":{"line":29,"column":5}},"6":{"start":{"line":12,"column":18},"end":{"line":12,"column":30}},"7":{"start":{"line":13,"column":19},"end":{"line":19,"column":5}},"8":{"start":{"line":20,"column":20},"end":{"line":20,"column":42}},"9":{"start":{"line":21,"column":4},"end":{"line":28,"column":7}},"10":{"start":{"line":30,"column":2},"end":{"line":44,"column":5}},"11":{"start":{"line":31,"column":18},"end":{"line":37,"column":5}},"12":{"start":{"line":38,"column":19},"end":{"line":41,"column":5}},"13":{"start":{"line":42,"column":20},"end":{"line":42,"column":42}},"14":{"start":{"line":43,"column":4},"end":{"line":43,"column":42}}},"fnMap":{"0":{"name":"(anonymous_0)","decl":{"start":{"line":6,"column":34},"end":{"line":6,"column":35}},"loc":{"start":{"line":6,"column":40},"end":{"line":45,"column":1}},"line":6},"1":{"name":"(anonymous_1)","decl":{"start":{"line":7,"column":40},"end":{"line":7,"column":41}},"loc":{"start":{"line":7,"column":46},"end":{"line":10,"column":3}},"line":7},"2":{"name":"(anonymous_2)","decl":{"start":{"line":11,"column":40},"end":{"line":11,"column":41}},"loc":{"start":{"line":11,"column":46},"end":{"line":29,"column":3}},"line":11},"3":{"name":"(anonymous_3)","decl":{"start":{"line":30,"column":43},"end":{"line":30,"column":44}},"loc":{"start":{"line":30,"column":49},"end":{"line":44,"column":3}},"line":30}},"branchMap":{},"s":{"0":1,"1":1,"2":1,"3":1,"4":1,"5":1,"6":1,"7":1,"8":1,"9":1,"10":1,"11":1,"12":1,"13":1,"14":1},"f":{"0":1,"1":1,"2":1,"3":1},"b":{},"_coverageSchema":"332fd63041d2c1bcb487cc26dd0d5f7d97098a6c","hash":"e8f29b9cf836fcc9afb8ebf24631a2a75e8eb3cf"}
,"/Users/andeladeveloper/Desktop/Events-Manager-Olusola-Oseni/client/tests/reducers/imageReducer.test.js": {"path":"/Users/andeladeveloper/Desktop/Events-Manager-Olusola-Oseni/client/tests/reducers/imageReducer.test.js","statementMap":{"0":{"start":{"line":4,"column":21},"end":{"line":4,"column":23}},"1":{"start":{"line":6,"column":0},"end":{"line":33,"column":3}},"2":{"start":{"line":7,"column":2},"end":{"line":10,"column":5}},"3":{"start":{"line":8,"column":20},"end":{"line":8,"column":42}},"4":{"start":{"line":9,"column":4},"end":{"line":9,"column":42}},"5":{"start":{"line":11,"column":2},"end":{"line":20,"column":5}},"6":{"start":{"line":12,"column":18},"end":{"line":12,"column":30}},"7":{"start":{"line":13,"column":19},"end":{"line":15,"column":5}},"8":{"start":{"line":16,"column":20},"end":{"line":16,"column":42}},"9":{"start":{"line":17,"column":4},"end":{"line":19,"column":7}},"10":{"start":{"line":21,"column":2},"end":{"line":32,"column":5}},"11":{"start":{"line":22,"column":18},"end":{"line":22,"column":30}},"12":{"start":{"line":23,"column":19},"end":{"line":26,"column":5}},"13":{"start":{"line":27,"column":20},"end":{"line":27,"column":42}},"14":{"start":{"line":28,"column":4},"end":{"line":31,"column":7}}},"fnMap":{"0":{"name":"(anonymous_0)","decl":{"start":{"line":6,"column":26},"end":{"line":6,"column":27}},"loc":{"start":{"line":6,"column":32},"end":{"line":33,"column":1}},"line":6},"1":{"name":"(anonymous_1)","decl":{"start":{"line":7,"column":40},"end":{"line":7,"column":41}},"loc":{"start":{"line":7,"column":46},"end":{"line":10,"column":3}},"line":7},"2":{"name":"(anonymous_2)","decl":{"start":{"line":11,"column":32},"end":{"line":11,"column":33}},"loc":{"start":{"line":11,"column":38},"end":{"line":20,"column":3}},"line":11},"3":{"name":"(anonymous_3)","decl":{"start":{"line":21,"column":41},"end":{"line":21,"column":42}},"loc":{"start":{"line":21,"column":47},"end":{"line":32,"column":3}},"line":21}},"branchMap":{},"s":{"0":1,"1":1,"2":1,"3":1,"4":1,"5":1,"6":1,"7":1,"8":1,"9":1,"10":1,"11":1,"12":1,"13":1,"14":1},"f":{"0":1,"1":1,"2":1,"3":1},"b":{},"_coverageSchema":"332fd63041d2c1bcb487cc26dd0d5f7d97098a6c","hash":"de21c53f3b49dc8d4b492d3be869ade66ff81400"}
,"/Users/andeladeveloper/Desktop/Events-Manager-Olusola-Oseni/client/utils/checkAuthentication.js": {"path":"/Users/andeladeveloper/Desktop/Events-Manager-Olusola-Oseni/client/utils/checkAuthentication.js","statementMap":{"0":{"start":{"line":9,"column":6},"end":{"line":11,"column":7}},"1":{"start":{"line":10,"column":8},"end":{"line":10,"column":26}},"2":{"start":{"line":14,"column":6},"end":{"line":16,"column":7}},"3":{"start":{"line":19,"column":2},"end":{"line":21,"column":3}},"4":{"start":{"line":23,"column":26},"end":{"line":25,"column":4}},"5":{"start":{"line":23,"column":38},"end":{"line":25,"column":3}},"6":{"start":{"line":26,"column":2},"end":{"line":26,"column":47}}},"fnMap":{"0":{"name":"(anonymous_0)","decl":{"start":{"line":6,"column":15},"end":{"line":6,"column":16}},"loc":{"start":{"line":6,"column":43},"end":{"line":27,"column":1}},"line":6},"1":{"name":"(anonymous_1)","decl":{"start":{"line":8,"column":4},"end":{"line":8,"column":5}},"loc":{"start":{"line":8,"column":24},"end":{"line":12,"column":5}},"line":8},"2":{"name":"(anonymous_2)","decl":{"start":{"line":13,"column":4},"end":{"line":13,"column":5}},"loc":{"start":{"line":13,"column":13},"end":{"line":17,"column":5}},"line":13},"3":{"name":"(anonymous_3)","decl":{"start":{"line":23,"column":26},"end":{"line":23,"column":27}},"loc":{"start":{"line":23,"column":38},"end":{"line":25,"column":3}},"line":23}},"branchMap":{"0":{"loc":{"start":{"line":9,"column":6},"end":{"line":11,"column":7}},"type":"if","locations":[{"start":{"line":9,"column":6},"end":{"line":11,"column":7}},{"start":{"line":9,"column":6},"end":{"line":11,"column":7}}],"line":9}},"s":{"0":0,"1":0,"2":0,"3":8,"4":8,"5":0,"6":8},"f":{"0":8,"1":0,"2":0,"3":0},"b":{"0":[0,0]},"_coverageSchema":"332fd63041d2c1bcb487cc26dd0d5f7d97098a6c","hash":"3daaafff35e5e71fc23490895cfc065247d68a68"}
,"/Users/andeladeveloper/Desktop/Events-Manager-Olusola-Oseni/client/utils/setAuthorizationToken.js": {"path":"/Users/andeladeveloper/Desktop/Events-Manager-Olusola-Oseni/client/utils/setAuthorizationToken.js","statementMap":{"0":{"start":{"line":3,"column":30},"end":{"line":9,"column":1}},"1":{"start":{"line":4,"column":2},"end":{"line":8,"column":3}},"2":{"start":{"line":5,"column":4},"end":{"line":5,"column":68}},"3":{"start":{"line":7,"column":4},"end":{"line":7,"column":55}}},"fnMap":{"0":{"name":"(anonymous_0)","decl":{"start":{"line":3,"column":30},"end":{"line":3,"column":31}},"loc":{"start":{"line":3,"column":41},"end":{"line":9,"column":1}},"line":3}},"branchMap":{"0":{"loc":{"start":{"line":4,"column":2},"end":{"line":8,"column":3}},"type":"if","locations":[{"start":{"line":4,"column":2},"end":{"line":8,"column":3}},{"start":{"line":4,"column":2},"end":{"line":8,"column":3}}],"line":4}},"s":{"0":34,"1":6,"2":0,"3":6},"f":{"0":6},"b":{"0":[0,6]},"_coverageSchema":"332fd63041d2c1bcb487cc26dd0d5f7d97098a6c","hash":"fc46ea7cb9e1e21fab202593523de853eb7bcf92"}
}
